Added Component: Designator=*1(FDBL86563-F085)
Add component. Clean all parameters for all variants
Added Component: Designator=*2(FDBL86563-F085)
Add component. Clean all parameters for all variants
Added Component: Designator=*3(FDBL86563-F085)
Add component. Clean all parameters for all variants
Added Component: Designator=*4(FDBL86563-F085)
Add component. Clean all parameters for all variants
Added Component: Designator=R1(1608[0603])
Add component. Clean all parameters for all variants
Add component (AddParameter): Name = "DIGIKEY#"; Value = ""; VariantName = "[No Variations]"
Add component (AddParameter): Name = "MANF#"; Value = ""; VariantName = "[No Variations]"
Added Component: Designator=R2(1608[0603])
Add component. Clean all parameters for all variants
Add component (AddParameter): Name = "DIGIKEY#"; Value = ""; VariantName = "[No Variations]"
Add component (AddParameter): Name = "MANF#"; Value = ""; VariantName = "[No Variations]"
Added Component: Designator=R3(1608[0603])
Add component. Clean all parameters for all variants
Add component (AddParameter): Name = "DIGIKEY#"; Value = ""; VariantName = "[No Variations]"
Add component (AddParameter): Name = "MANF#"; Value = ""; VariantName = "[No Variations]"
Added Component: Designator=R4(1608[0603])
Add component. Clean all parameters for all variants
Add component (AddParameter): Name = "DIGIKEY#"; Value = ""; VariantName = "[No Variations]"
Add component (AddParameter): Name = "MANF#"; Value = ""; VariantName = "[No Variations]"
Added Pin To Net: NetName=HIGH_A Pin=R2-2
Added Pin To Net: NetName=HIGH_A Pin=R4-2
Added Net: Name=HIGH_A
Added Pin To Net: NetName=LOW_A Pin=R1-2
Added Pin To Net: NetName=LOW_A Pin=R3-2
Added Net: Name=LOW_A
Added Pin To Net: NetName=Net*1_1 Pin=*1-1
Added Pin To Net: NetName=Net*1_1 Pin=R1-1
Added Net: Name=Net*1_1
Added Pin To Net: NetName=Net*1_2 Pin=*1-2
Added Pin To Net: NetName=Net*1_2 Pin=*1-3
Added Pin To Net: NetName=Net*1_2 Pin=*1-4
Added Pin To Net: NetName=Net*1_2 Pin=*1-5
Added Pin To Net: NetName=Net*1_2 Pin=*1-6
Added Pin To Net: NetName=Net*1_2 Pin=*1-7
Added Pin To Net: NetName=Net*1_2 Pin=*1-8
Added Net: Name=Net*1_2
Added Pin To Net: NetName=Net*2_1 Pin=*2-1
Added Pin To Net: NetName=Net*2_1 Pin=R2-1
Added Net: Name=Net*2_1
Added Pin To Net: NetName=Net*3_1 Pin=*3-1
Added Pin To Net: NetName=Net*3_1 Pin=R3-1
Added Net: Name=Net*3_1
Added Pin To Net: NetName=Net*3_2 Pin=*3-2
Added Pin To Net: NetName=Net*3_2 Pin=*3-3
Added Pin To Net: NetName=Net*3_2 Pin=*3-4
Added Pin To Net: NetName=Net*3_2 Pin=*3-5
Added Pin To Net: NetName=Net*3_2 Pin=*3-6
Added Pin To Net: NetName=Net*3_2 Pin=*3-7
Added Pin To Net: NetName=Net*3_2 Pin=*3-8
Added Net: Name=Net*3_2
Added Pin To Net: NetName=Net*4_1 Pin=*4-1
Added Pin To Net: NetName=Net*4_1 Pin=R4-1
Added Net: Name=Net*4_1
Added Pin To Net: NetName=PHASE_A Pin=*1-9
Added Pin To Net: NetName=PHASE_A Pin=*2-2
Added Pin To Net: NetName=PHASE_A Pin=*2-3
Added Pin To Net: NetName=PHASE_A Pin=*2-4
Added Pin To Net: NetName=PHASE_A Pin=*2-5
Added Pin To Net: NetName=PHASE_A Pin=*2-6
Added Pin To Net: NetName=PHASE_A Pin=*2-7
Added Pin To Net: NetName=PHASE_A Pin=*2-8
Added Pin To Net: NetName=PHASE_A Pin=*3-9
Added Pin To Net: NetName=PHASE_A Pin=*4-2
Added Pin To Net: NetName=PHASE_A Pin=*4-3
Added Pin To Net: NetName=PHASE_A Pin=*4-4
Added Pin To Net: NetName=PHASE_A Pin=*4-5
Added Pin To Net: NetName=PHASE_A Pin=*4-6
Added Pin To Net: NetName=PHASE_A Pin=*4-7
Added Pin To Net: NetName=PHASE_A Pin=*4-8
Added Net: Name=PHASE_A
Added Pin To Net: NetName=VCC Pin=*2-9
Added Pin To Net: NetName=VCC Pin=*4-9
Added Net: Name=VCC
Added Class: Name=Power_toll
