Removed Pin From Net: NetName=LOW_A Pin=P1-1
Removed Pin From Net: NetName=GND Pin=P1-2
Removed Pin From Net: NetName=HIGH_A Pin=P1-3
Removed Pin From Net: NetName=PHASE_A Pin=P1-4
Removed Pin From Net: NetName=LOW_B Pin=P2-1
Removed Pin From Net: NetName=GND Pin=P2-2
Removed Pin From Net: NetName=HIGH_B Pin=P2-3
Removed Pin From Net: NetName=PHASE_B Pin=P2-4
Removed Pin From Net: NetName=HIGH_C Pin=P3-1
Removed Pin From Net: NetName=PHASE_C Pin=P3-2
Added Pin To Net: NetName=PHASE_A Pin=P1-1
Added Pin To Net: NetName=HIGH_A Pin=P1-2
Added Pin To Net: NetName=LOW_A Pin=P1-3
Added Pin To Net: NetName=GND Pin=P1-4
Added Pin To Net: NetName=PHASE_B Pin=P2-1
Added Pin To Net: NetName=HIGH_B Pin=P2-2
Added Pin To Net: NetName=LOW_B Pin=P2-3
Added Pin To Net: NetName=GND Pin=P2-4
Added Pin To Net: NetName=PHASE_C Pin=P3-1
Added Pin To Net: NetName=HIGH_C Pin=P3-2
