Change Component Designator: OldDesignator=C21 NewDesignator=C22
Change Component Designator: OldDesignator=C21 NewDesignator=C23
Change Component Designator: OldDesignator=C22 NewDesignator=C24
Change Component Designator: OldDesignator=C23 NewDesignator=C25
Change Component Designator: OldDesignator=C24 NewDesignator=C26
Change Component Designator: OldDesignator=ESC_1 NewDesignator=ESC_2
Change Component Designator: OldDesignator=ESC_1 NewDesignator=ESC_3
Change Component Designator: OldDesignator=ESC_1 NewDesignator=ESC_4
Change Component Designator: OldDesignator=ESC_1 NewDesignator=ESC_5
Added Pin To Net: NetName=PHASE_A Pin=ESC_1-1
Added Pin To Net: NetName=PHASE_B Pin=ESC_2-1
Added Pin To Net: NetName=PHASE_C Pin=ESC_3-1
Added Pin To Net: NetName=VCC Pin=ESC_4-1
Added Pin To Net: NetName=GND Pin=ESC_5-1
Added Member To Class: ClassName=Power_toll Member=Component C25 Cap Pol1
Added Member To Class: ClassName=Power_toll Member=Component C26 Cap Pol1
Added Member To Class: ClassName=Power_toll Member=Component ESC_2 Component_1
Added Member To Class: ClassName=Power_toll Member=Component ESC_3 Component_1
Added Member To Class: ClassName=Power_toll Member=Component ESC_4 Component_1
Added Member To Class: ClassName=Power_toll Member=Component ESC_5 Component_1
