Added Component: Designator=*1(FDBL86563-F085)
Add component. Clean all parameters for all variants
Added Component: Designator=*2(FDBL86563-F085)
Add component. Clean all parameters for all variants
Added Component: Designator=*3(FDBL86563-F085)
Add component. Clean all parameters for all variants
Added Component: Designator=*4(FDBL86563-F085)
Add component. Clean all parameters for all variants
Added Pin To Net: NetName=Net*1_1 Pin=*1-1
Added Pin To Net: NetName=GND Pin=*1-2
Added Pin To Net: NetName=GND Pin=*1-3
Added Pin To Net: NetName=GND Pin=*1-4
Added Pin To Net: NetName=GND Pin=*1-5
Added Pin To Net: NetName=GND Pin=*1-6
Added Pin To Net: NetName=GND Pin=*1-7
Added Pin To Net: NetName=GND Pin=*1-8
Added Pin To Net: NetName=PHASE_A Pin=*1-9
Added Pin To Net: NetName=Net*2_1 Pin=*2-1
Added Pin To Net: NetName=PHASE_A Pin=*2-2
Added Pin To Net: NetName=PHASE_A Pin=*2-3
Added Pin To Net: NetName=PHASE_A Pin=*2-4
Added Pin To Net: NetName=PHASE_A Pin=*2-5
Added Pin To Net: NetName=PHASE_A Pin=*2-6
Added Pin To Net: NetName=PHASE_A Pin=*2-7
Added Pin To Net: NetName=PHASE_A Pin=*2-8
Added Pin To Net: NetName=VCC Pin=*2-9
Added Pin To Net: NetName=Net*3_1 Pin=*3-1
Added Pin To Net: NetName=GND Pin=*3-2
Added Pin To Net: NetName=GND Pin=*3-3
Added Pin To Net: NetName=GND Pin=*3-4
Added Pin To Net: NetName=GND Pin=*3-5
Added Pin To Net: NetName=GND Pin=*3-6
Added Pin To Net: NetName=GND Pin=*3-7
Added Pin To Net: NetName=GND Pin=*3-8
Added Pin To Net: NetName=PHASE_A Pin=*3-9
Added Pin To Net: NetName=Net*4_1 Pin=*4-1
Added Pin To Net: NetName=PHASE_A Pin=*4-2
Added Pin To Net: NetName=PHASE_A Pin=*4-3
Added Pin To Net: NetName=PHASE_A Pin=*4-4
Added Pin To Net: NetName=PHASE_A Pin=*4-5
Added Pin To Net: NetName=PHASE_A Pin=*4-6
Added Pin To Net: NetName=PHASE_A Pin=*4-7
Added Pin To Net: NetName=PHASE_A Pin=*4-8
Added Pin To Net: NetName=VCC Pin=*4-9
Added Member To Class: ClassName=Power_toll Member=Component *1 FDBL86563-F085
Added Member To Class: ClassName=Power_toll Member=Component *2 FDBL86563-F085
Added Member To Class: ClassName=Power_toll Member=Component *3 FDBL86563-F085
Added Member To Class: ClassName=Power_toll Member=Component *4 FDBL86563-F085
