Change Component Footprint: Designator=*1 Old Footprint=TO-220AB New Footprint=ZZ311
Change Component Comment : Designator=*1 Old Comment=Component_1 New Comment=REG1117-5.0
Change Component Designator: OldDesignator=*2 NewDesignator=*3
Change Component Designator: OldDesignator=*3 NewDesignator=*4
Change Component Designator: OldDesignator=*4 NewDesignator=*5
Change component parameters: Designator = "*1"; Footprint = "ZZ311"; UniqueID = "\VFGYBVDM"
Change component parameters. Clean all parameters for all variants
Change component parameters (AddParameter): Name = "ComponentLink1Description"; Value = "Manufacturer Link"; VariantName = "[No Variations]"
Change component parameters (AddParameter): Name = "ComponentLink1URL"; Value = "http://www.ti.com/"; VariantName = "[No Variations]"
Change component parameters (AddParameter): Name = "ComponentLink2Description"; Value = "Datasheet"; VariantName = "[No Variations]"
Change component parameters (AddParameter): Name = "ComponentLink2URL"; Value = "http://www-s.ti.com/sc/ds/REG1117.pdf"; VariantName = "[No Variations]"
Change component parameters (AddParameter): Name = "DatasheetVersion"; Value = "Sep-1997"; VariantName = "[No Variations]"
Change component parameters (AddParameter): Name = "LatestRevisionDate"; Value = "17-Jul-2002"; VariantName = "[No Variations]"
Change component parameters (AddParameter): Name = "LatestRevisionNote"; Value = "Re-released for DXP Platform."; VariantName = "[No Variations]"
Change component parameters (AddParameter): Name = "PackageDescription"; Value = "SOT-223/SC-73; 4 Leads; Body 6.7 x 7.3 mm, inc. leads (LxW max)"; VariantName = "[No Variations]"
Change component parameters (AddParameter): Name = "PackageReference"; Value = "ZZ311"; VariantName = "[No Variations]"
Change component parameters (AddParameter): Name = "PackageVersion"; Value = "revC"; VariantName = "[No Variations]"
Change component parameters (AddParameter): Name = "Published"; Value = "8-Jun-2000"; VariantName = "[No Variations]"
Change component parameters (AddParameter): Name = "Publisher"; Value = "Altium Limited"; VariantName = "[No Variations]"
Added Component: Designator=*2(ZZ311)
Add component. Clean all parameters for all variants
Add component (AddParameter): Name = "ComponentLink1Description"; Value = "Manufacturer Link"; VariantName = "[No Variations]"
Add component (AddParameter): Name = "ComponentLink1URL"; Value = "http://www.ti.com/"; VariantName = "[No Variations]"
Add component (AddParameter): Name = "ComponentLink2Description"; Value = "Datasheet"; VariantName = "[No Variations]"
Add component (AddParameter): Name = "ComponentLink2URL"; Value = "http://www-s.ti.com/sc/ds/REG1117.pdf"; VariantName = "[No Variations]"
Add component (AddParameter): Name = "DatasheetVersion"; Value = "Sep-1997"; VariantName = "[No Variations]"
Add component (AddParameter): Name = "LatestRevisionDate"; Value = "17-Jul-2002"; VariantName = "[No Variations]"
Add component (AddParameter): Name = "LatestRevisionNote"; Value = "Re-released for DXP Platform."; VariantName = "[No Variations]"
Add component (AddParameter): Name = "PackageDescription"; Value = "SOT-223/SC-73; 4 Leads; Body 6.7 x 7.3 mm, inc. leads (LxW max)"; VariantName = "[No Variations]"
Add component (AddParameter): Name = "PackageReference"; Value = "ZZ311"; VariantName = "[No Variations]"
Add component (AddParameter): Name = "PackageVersion"; Value = "revC"; VariantName = "[No Variations]"
Add component (AddParameter): Name = "Published"; Value = "8-Jun-2000"; VariantName = "[No Variations]"
Add component (AddParameter): Name = "Publisher"; Value = "Altium Limited"; VariantName = "[No Variations]"
Added Pin To Net: NetName=VCC_servo_5 Pin=*1-4
Added Pin To Net: NetName=GND Pin=*2-1
Added Pin To Net: NetName=VCC_servo_5 Pin=*2-2
Added Pin To Net: NetName=VCC_servo Pin=*2-3
Added Pin To Net: NetName=VCC_servo_5 Pin=*2-4
Change Net Name : Old Net Name=Net*2_1 New Net Name=Net*3_1
Change Net Name : Old Net Name=Net*2_2 New Net Name=Net*3_2
Change Net Name : Old Net Name=Net*4_1 New Net Name=Net*5_1
Change Net Name : Old Net Name=Net*4_8 New Net Name=Net*5_8
Added Member To Class: ClassName=bug4 Member=Component *1 REG1117-5.0
Added Member To Class: ClassName=bug4 Member=Component *5 AD8495
