Change Component Designator: Old Designator=*1 New Designator=*4
Change Component Designator: Old Designator=C1 New Designator=C20
Change Component Designator: Old Designator=C2 New Designator=C21
Change Component Designator: Old Designator=C3 New Designator=C22
Change Component Designator: Old Designator=C4 New Designator=C23
Change Component Designator: Old Designator=C5 New Designator=C24
Change Component Designator: Old Designator=Q1 New Designator=Q2
Change Component Designator: Old Designator=R1 New Designator=R16
Change Component Designator: Old Designator=R2 New Designator=R17
Change Component Designator: Old Designator=R3 New Designator=R18
Change Component Designator: Old Designator=R4 New Designator=R22
Change Component Designator: Old Designator=R22 New Designator=R19
Change Component Designator: Old Designator=R23 New Designator=R20
Change Component Designator: Old Designator=R24 New Designator=R21
Change Component Designator: Old Designator=R25 New Designator=R23
Change Component Designator: Old Designator=R26 New Designator=R24
Change Component Designator: Old Designator=R27 New Designator=R25
Change Component Designator: Old Designator=R28 New Designator=R26
Change Component Designator: Old Designator=R29 New Designator=R27
Change Component Designator: Old Designator=R30 New Designator=R28
Change Component Designator: Old Designator=R31 New Designator=R29
Change Component Designator: Old Designator=R32 New Designator=R30
Change Component Designator: Old Designator=R33 New Designator=R31
Change Component Designator: Old Designator=R34 New Designator=R32
Change Component Designator: Old Designator=R35 New Designator=R33
Change Component Designator: Old Designator=R36 New Designator=R34
Change Component Designator: Old Designator=R37 New Designator=R35
Change Component Designator: Old Designator=XT4 New Designator=XT3
Change Component Designator: Old Designator=XT5 New Designator=XT4
Change Component Designator: Old Designator=XT6 New Designator=XT5
Change Component Designator: Old Designator=XT7 New Designator=XT6
Change Component Designator: Old Designator=XT8 New Designator=XT7
Change Component Designator: Old Designator=XT9 New Designator=XT8
