Added Pin To Net: NetName=BackupPWM Pin=IC201-17
Added Pin To Net: NetName=BackupPWM Pin=R24-1
Added Pin To Net: NetName=BackupPWM Pin=R25-1
Added Net: Name=BackupPWM
Added Pin To Net: NetName=BOOT0 Pin=IC201-60
Added Pin To Net: NetName=BOOT0 Pin=R204-2
Added Net: Name=BOOT0
Added Pin To Net: NetName=CAN1_RX Pin=IC200-4
Added Pin To Net: NetName=CAN1_RX Pin=IC201-44
Added Net: Name=CAN1_RX
Added Pin To Net: NetName=CAN1_TX Pin=IC200-1
Added Pin To Net: NetName=CAN1_TX Pin=IC201-45
Added Net: Name=CAN1_TX
Added Pin To Net: NetName=CAN2_RX Pin=IC201-33
Added Pin To Net: NetName=CAN2_RX Pin=IC202-4
Added Net: Name=CAN2_RX
Added Pin To Net: NetName=CAN2_TX Pin=IC201-34
Added Pin To Net: NetName=CAN2_TX Pin=IC202-1
Added Net: Name=CAN2_TX
Added Pin To Net: NetName=CoolerPWM Pin=IC201-27
Added Pin To Net: NetName=CoolerPWM Pin=R27-1
Added Net: Name=CoolerPWM
Added Pin To Net: NetName=FuelSensor Pin=IC201-50
Added Pin To Net: NetName=FuelSensor Pin=R36-1
Added Pin To Net: NetName=FuelSensor Pin=R40-1
Added Net: Name=FuelSensor
Added Pin To Net: NetName=GND_OUT Pin=C36-1
Added Pin To Net: NetName=GND_OUT Pin=D11-1
Added Pin To Net: NetName=GND_OUT Pin=L2-2
Added Pin To Net: NetName=GND_OUT Pin=L3-2
Added Pin To Net: NetName=GND_OUT Pin=L4-2
Added Pin To Net: NetName=GND_OUT Pin=L5-2
Added Pin To Net: NetName=GND_OUT Pin=L6-2
Added Pin To Net: NetName=GND_OUT Pin=L7-2
Added Pin To Net: NetName=GND_OUT Pin=L8-2
Added Pin To Net: NetName=GND_OUT Pin=XT12-3
Added Net: Name=GND_OUT
Added Pin To Net: NetName=GND Pin=*1-1
Added Pin To Net: NetName=GND Pin=*3-1
Added Pin To Net: NetName=GND Pin=C1-1
Added Pin To Net: NetName=GND Pin=C2-2
Added Pin To Net: NetName=GND Pin=C3-2
Added Pin To Net: NetName=GND Pin=C5-1
Added Pin To Net: NetName=GND Pin=C6-1
Added Pin To Net: NetName=GND Pin=C7-2
Added Pin To Net: NetName=GND Pin=C8-2
Added Pin To Net: NetName=GND Pin=C9-2
Added Pin To Net: NetName=GND Pin=C10-2
Added Pin To Net: NetName=GND Pin=C11-2
Added Pin To Net: NetName=GND Pin=C12-1
Added Pin To Net: NetName=GND Pin=C13-1
Added Pin To Net: NetName=GND Pin=C14-1
Added Pin To Net: NetName=GND Pin=C15-1
Added Pin To Net: NetName=GND Pin=C16-1
Added Pin To Net: NetName=GND Pin=C17-1
Added Pin To Net: NetName=GND Pin=C18-1
Added Pin To Net: NetName=GND Pin=C19-1
Added Pin To Net: NetName=GND Pin=C20-1
Added Pin To Net: NetName=GND Pin=C21-1
Added Pin To Net: NetName=GND Pin=C22-1
Added Pin To Net: NetName=GND Pin=C23-1
Added Pin To Net: NetName=GND Pin=C24-1
Added Pin To Net: NetName=GND Pin=C25-1
Added Pin To Net: NetName=GND Pin=C26-1
Added Pin To Net: NetName=GND Pin=C27-2
Added Pin To Net: NetName=GND Pin=CON1-6
Added Pin To Net: NetName=GND Pin=CON201-4
Added Pin To Net: NetName=GND Pin=CON202-4
Added Pin To Net: NetName=GND Pin=CON203-4
Added Pin To Net: NetName=GND Pin=CON204-4
Added Pin To Net: NetName=GND Pin=D1-1
Added Pin To Net: NetName=GND Pin=D2-1
Added Pin To Net: NetName=GND Pin=D3-1
Added Pin To Net: NetName=GND Pin=D4-1
Added Pin To Net: NetName=GND Pin=DA1-7
Added Pin To Net: NetName=GND Pin=DA1-9
Added Pin To Net: NetName=GND Pin=DD1-1
Added Pin To Net: NetName=GND Pin=DD4-1
Added Pin To Net: NetName=GND Pin=DD7-5
Added Pin To Net: NetName=GND Pin=DD8-3
Added Pin To Net: NetName=GND Pin=DD8-5
Added Pin To Net: NetName=GND Pin=DD9-1
Added Pin To Net: NetName=GND Pin=DD10-1
Added Pin To Net: NetName=GND Pin=IC200-2
Added Pin To Net: NetName=GND Pin=IC201-10
Added Pin To Net: NetName=GND Pin=IC201-12
Added Pin To Net: NetName=GND Pin=IC201-18
Added Pin To Net: NetName=GND Pin=IC201-24
Added Pin To Net: NetName=GND Pin=IC201-31
Added Pin To Net: NetName=GND Pin=IC201-47
Added Pin To Net: NetName=GND Pin=IC201-63
Added Pin To Net: NetName=GND Pin=IC202-2
Added Pin To Net: NetName=GND Pin=P1-2
Added Pin To Net: NetName=GND Pin=Q1-2
Added Pin To Net: NetName=GND Pin=R4-2
Added Pin To Net: NetName=GND Pin=R8-2
Added Pin To Net: NetName=GND Pin=R10-1
Added Pin To Net: NetName=GND Pin=R11-1
Added Pin To Net: NetName=GND Pin=R12-2
Added Pin To Net: NetName=GND Pin=R16-1
Added Pin To Net: NetName=GND Pin=R20-1
Added Pin To Net: NetName=GND Pin=R21-1
Added Pin To Net: NetName=GND Pin=R48-1
Added Pin To Net: NetName=GND Pin=R64-2
Added Pin To Net: NetName=GND Pin=R204-1
Added Pin To Net: NetName=GND Pin=VD1-2
Added Pin To Net: NetName=GND Pin=VD2-2
Added Pin To Net: NetName=GND Pin=XT3-5
Added Pin To Net: NetName=GND Pin=XT3-6
Added Net: Name=GND
Added Pin To Net: NetName=GPIO_PMU_1 Pin=IC201-56
Added Pin To Net: NetName=GPIO_PMU_1 Pin=R57-1
Added Pin To Net: NetName=GPIO_PMU_1 Pin=R58-1
Added Net: Name=GPIO_PMU_1
Added Pin To Net: NetName=GPIO_PMU_2 Pin=IC201-57
Added Pin To Net: NetName=GPIO_PMU_2 Pin=R66-1
Added Pin To Net: NetName=GPIO_PMU_2 Pin=R67-1
Added Net: Name=GPIO_PMU_2
Added Pin To Net: NetName=I2C_SCL Pin=IC201-61
Added Pin To Net: NetName=I2C_SCL Pin=R202-2
Added Net: Name=I2C_SCL
Added Pin To Net: NetName=I2C_SDA Pin=IC201-62
Added Pin To Net: NetName=I2C_SDA Pin=R203-2
Added Net: Name=I2C_SDA
Added Pin To Net: NetName=IBAT Pin=IC201-11
Added Pin To Net: NetName=IBAT Pin=R18-1
Added Pin To Net: NetName=IBAT Pin=R20-2
Added Net: Name=IBAT
Added Pin To Net: NetName=IGEN Pin=IC201-21
Added Pin To Net: NetName=IGEN Pin=R15-1
Added Pin To Net: NetName=IGEN Pin=R16-2
Added Net: Name=IGEN
Added Pin To Net: NetName=Ignition_on_boolean Pin=IC201-15
Added Pin To Net: NetName=Ignition_on_boolean Pin=R61-2
Added Net: Name=Ignition_on_boolean
Added Pin To Net: NetName=LED_R Pin=IC201-37
Added Pin To Net: NetName=LED_R Pin=R2-2
Added Net: Name=LED_R
Added Pin To Net: NetName=Net*2_1 Pin=*2-1
Added Pin To Net: NetName=Net*2_1 Pin=R13-2
Added Net: Name=Net*2_1
Added Pin To Net: NetName=Net*2_2 Pin=*2-2
Added Pin To Net: NetName=Net*2_2 Pin=R14-2
Added Net: Name=Net*2_2
Added Pin To Net: NetName=NetC4_1 Pin=C4-1
Added Pin To Net: NetName=NetC4_1 Pin=DA1-1
Added Net: Name=NetC4_1
Added Pin To Net: NetName=NetC4_2 Pin=C4-2
Added Pin To Net: NetName=NetC4_2 Pin=D2-2
Added Pin To Net: NetName=NetC4_2 Pin=DA1-8
Added Pin To Net: NetName=NetC4_2 Pin=L1-1
Added Net: Name=NetC4_2
Added Pin To Net: NetName=NetC8_1 Pin=C8-1
Added Pin To Net: NetName=NetC8_1 Pin=DA1-6
Added Pin To Net: NetName=NetC8_1 Pin=R6-2
Added Net: Name=NetC8_1
Added Pin To Net: NetName=NetC9_1 Pin=C9-1
Added Pin To Net: NetName=NetC9_1 Pin=R6-1
Added Net: Name=NetC9_1
Added Pin To Net: NetName=NetC28_1 Pin=C28-1
Added Pin To Net: NetName=NetC28_1 Pin=DD2-5
Added Pin To Net: NetName=NetC28_1 Pin=L3-1
Added Pin To Net: NetName=NetC28_1 Pin=XT4-3
Added Net: Name=NetC28_1
Added Pin To Net: NetName=NetC28_2 Pin=C28-2
Added Pin To Net: NetName=NetC28_2 Pin=D5-3
Added Pin To Net: NetName=NetC28_2 Pin=DD2-8
Added Pin To Net: NetName=NetC28_2 Pin=R28-2
Added Pin To Net: NetName=NetC28_2 Pin=R32-2
Added Pin To Net: NetName=NetC28_2 Pin=XT4-2
Added Net: Name=NetC28_2
Added Pin To Net: NetName=NetC29_1 Pin=C29-1
Added Pin To Net: NetName=NetC29_1 Pin=DD1-5
Added Pin To Net: NetName=NetC29_1 Pin=L2-1
Added Pin To Net: NetName=NetC29_1 Pin=R31-2
Added Pin To Net: NetName=NetC29_1 Pin=XT5-3
Added Net: Name=NetC29_1
Added Pin To Net: NetName=NetC29_2 Pin=C29-2
Added Pin To Net: NetName=NetC29_2 Pin=D6-2
Added Pin To Net: NetName=NetC29_2 Pin=DD1-8
Added Pin To Net: NetName=NetC29_2 Pin=R26-1
Added Pin To Net: NetName=NetC29_2 Pin=R30-1
Added Pin To Net: NetName=NetC29_2 Pin=XT5-2
Added Net: Name=NetC29_2
Added Pin To Net: NetName=NetC30_1 Pin=C30-1
Added Pin To Net: NetName=NetC30_1 Pin=DD3-5
Added Pin To Net: NetName=NetC30_1 Pin=L5-1
Added Pin To Net: NetName=NetC30_1 Pin=XT6-3
Added Net: Name=NetC30_1
Added Pin To Net: NetName=NetC30_2 Pin=C30-2
Added Pin To Net: NetName=NetC30_2 Pin=D7-3
Added Pin To Net: NetName=NetC30_2 Pin=DD3-8
Added Pin To Net: NetName=NetC30_2 Pin=R34-2
Added Pin To Net: NetName=NetC30_2 Pin=R39-2
Added Pin To Net: NetName=NetC30_2 Pin=XT6-2
Added Net: Name=NetC30_2
Added Pin To Net: NetName=NetC31_1 Pin=C31-1
Added Pin To Net: NetName=NetC31_1 Pin=DD4-5
Added Pin To Net: NetName=NetC31_1 Pin=L4-1
Added Pin To Net: NetName=NetC31_1 Pin=R46-2
Added Pin To Net: NetName=NetC31_1 Pin=XT7-3
Added Net: Name=NetC31_1
Added Pin To Net: NetName=NetC31_2 Pin=C31-2
Added Pin To Net: NetName=NetC31_2 Pin=D8-2
Added Pin To Net: NetName=NetC31_2 Pin=DD4-8
Added Pin To Net: NetName=NetC31_2 Pin=R41-1
Added Pin To Net: NetName=NetC31_2 Pin=R45-1
Added Pin To Net: NetName=NetC31_2 Pin=XT7-2
Added Net: Name=NetC31_2
Added Pin To Net: NetName=NetC32_1 Pin=C32-1
Added Pin To Net: NetName=NetC32_1 Pin=DD6-5
Added Pin To Net: NetName=NetC32_1 Pin=L6-1
Added Pin To Net: NetName=NetC32_1 Pin=XT8-3
Added Net: Name=NetC32_1
Added Pin To Net: NetName=NetC33_1 Pin=C33-1
Added Pin To Net: NetName=NetC33_1 Pin=Q1-3
Added Pin To Net: NetName=NetC33_1 Pin=XT9-3
Added Net: Name=NetC33_1
Added Pin To Net: NetName=NetC34_1 Pin=C34-1
Added Pin To Net: NetName=NetC34_1 Pin=DD9-5
Added Pin To Net: NetName=NetC34_1 Pin=L7-1
Added Pin To Net: NetName=NetC34_1 Pin=R63-2
Added Pin To Net: NetName=NetC34_1 Pin=XT10-3
Added Net: Name=NetC34_1
Added Pin To Net: NetName=NetC34_2 Pin=C34-2
Added Pin To Net: NetName=NetC34_2 Pin=D9-2
Added Pin To Net: NetName=NetC34_2 Pin=DD9-8
Added Pin To Net: NetName=NetC34_2 Pin=R59-1
Added Pin To Net: NetName=NetC34_2 Pin=R62-1
Added Pin To Net: NetName=NetC34_2 Pin=XT10-2
Added Net: Name=NetC34_2
Added Pin To Net: NetName=NetC35_1 Pin=C35-1
Added Pin To Net: NetName=NetC35_1 Pin=DD10-5
Added Pin To Net: NetName=NetC35_1 Pin=L8-1
Added Pin To Net: NetName=NetC35_1 Pin=R71-2
Added Pin To Net: NetName=NetC35_1 Pin=XT11-3
Added Net: Name=NetC35_1
Added Pin To Net: NetName=NetC35_2 Pin=C35-2
Added Pin To Net: NetName=NetC35_2 Pin=D10-2
Added Pin To Net: NetName=NetC35_2 Pin=DD10-8
Added Pin To Net: NetName=NetC35_2 Pin=R68-1
Added Pin To Net: NetName=NetC35_2 Pin=R70-1
Added Pin To Net: NetName=NetC35_2 Pin=XT11-2
Added Net: Name=NetC35_2
Added Pin To Net: NetName=NetCON201_2 Pin=CON201-2
Added Pin To Net: NetName=NetCON201_2 Pin=CON202-2
Added Pin To Net: NetName=NetCON201_2 Pin=IC200-7
Added Net: Name=NetCON201_2
Added Pin To Net: NetName=NetCON201_3 Pin=CON201-3
Added Pin To Net: NetName=NetCON201_3 Pin=CON202-3
Added Pin To Net: NetName=NetCON201_3 Pin=IC200-6
Added Net: Name=NetCON201_3
Added Pin To Net: NetName=NetCON203_2 Pin=CON203-2
Added Pin To Net: NetName=NetCON203_2 Pin=CON204-2
Added Pin To Net: NetName=NetCON203_2 Pin=IC202-7
Added Net: Name=NetCON203_2
Added Pin To Net: NetName=NetCON203_3 Pin=CON203-3
Added Pin To Net: NetName=NetCON203_3 Pin=CON204-3
Added Pin To Net: NetName=NetCON203_3 Pin=IC202-6
Added Net: Name=NetCON203_3
Added Pin To Net: NetName=NetDA1_3 Pin=DA1-3
Added Pin To Net: NetName=NetDA1_3 Pin=R5-1
Added Pin To Net: NetName=NetDA1_3 Pin=R11-2
Added Net: Name=NetDA1_3
Added Pin To Net: NetName=NetDA1_4 Pin=DA1-4
Added Pin To Net: NetName=NetDA1_4 Pin=R8-1
Added Net: Name=NetDA1_4
Added Pin To Net: NetName=NetDA1_5 Pin=DA1-5
Added Pin To Net: NetName=NetDA1_5 Pin=R7-1
Added Pin To Net: NetName=NetDA1_5 Pin=R10-2
Added Net: Name=NetDA1_5
Added Pin To Net: NetName=NetDD1_2 Pin=DD1-2
Added Pin To Net: NetName=NetDD1_2 Pin=R25-2
Added Pin To Net: NetName=NetDD1_2 Pin=R29-2
Added Net: Name=NetDD1_2
Added Pin To Net: NetName=NetDD1_3 Pin=DD1-3
Added Pin To Net: NetName=NetDD1_3 Pin=R23-1
Added Pin To Net: NetName=NetDD1_3 Pin=R24-2
Added Net: Name=NetDD1_3
Added Pin To Net: NetName=NetDD1_6 Pin=DD1-6
Added Pin To Net: NetName=NetDD1_6 Pin=R26-2
Added Pin To Net: NetName=NetDD1_6 Pin=XT5-1
Added Net: Name=NetDD1_6
Added Pin To Net: NetName=NetDD1_7 Pin=DD1-7
Added Pin To Net: NetName=NetDD1_7 Pin=R30-2
Added Pin To Net: NetName=NetDD1_7 Pin=R31-1
Added Net: Name=NetDD1_7
Added Pin To Net: NetName=NetDD2_3 Pin=DD2-3
Added Pin To Net: NetName=NetDD2_3 Pin=R27-2
Added Net: Name=NetDD2_3
Added Pin To Net: NetName=NetDD2_6 Pin=DD2-6
Added Pin To Net: NetName=NetDD2_6 Pin=R28-1
Added Pin To Net: NetName=NetDD2_6 Pin=XT4-1
Added Net: Name=NetDD2_6
Added Pin To Net: NetName=NetDD2_7 Pin=DD2-7
Added Pin To Net: NetName=NetDD2_7 Pin=R32-1
Added Net: Name=NetDD2_7
Added Pin To Net: NetName=NetDD3_3 Pin=DD3-3
Added Pin To Net: NetName=NetDD3_3 Pin=R33-2
Added Net: Name=NetDD3_3
Added Pin To Net: NetName=NetDD3_6 Pin=DD3-6
Added Pin To Net: NetName=NetDD3_6 Pin=R34-1
Added Pin To Net: NetName=NetDD3_6 Pin=XT6-1
Added Net: Name=NetDD3_6
Added Pin To Net: NetName=NetDD3_7 Pin=DD3-7
Added Pin To Net: NetName=NetDD3_7 Pin=R39-1
Added Net: Name=NetDD3_7
Added Pin To Net: NetName=NetDD4_2 Pin=DD4-2
Added Pin To Net: NetName=NetDD4_2 Pin=R40-2
Added Pin To Net: NetName=NetDD4_2 Pin=R43-2
Added Net: Name=NetDD4_2
Added Pin To Net: NetName=NetDD4_3 Pin=DD4-3
Added Pin To Net: NetName=NetDD4_3 Pin=R35-1
Added Pin To Net: NetName=NetDD4_3 Pin=R36-2
Added Net: Name=NetDD4_3
Added Pin To Net: NetName=NetDD4_6 Pin=DD4-6
Added Pin To Net: NetName=NetDD4_6 Pin=R41-2
Added Pin To Net: NetName=NetDD4_6 Pin=XT7-1
Added Net: Name=NetDD4_6
Added Pin To Net: NetName=NetDD4_7 Pin=DD4-7
Added Pin To Net: NetName=NetDD4_7 Pin=R45-2
Added Pin To Net: NetName=NetDD4_7 Pin=R46-1
Added Net: Name=NetDD4_7
Added Pin To Net: NetName=NetDD5_3 Pin=DD5-3
Added Pin To Net: NetName=NetDD5_3 Pin=R44-2
Added Net: Name=NetDD5_3
Added Pin To Net: NetName=NetDD5_5 Pin=DD5-5
Added Pin To Net: NetName=NetDD5_5 Pin=R48-2
Added Net: Name=NetDD5_5
Added Pin To Net: NetName=NetDD5_7 Pin=DD5-7
Added Pin To Net: NetName=NetDD5_7 Pin=R37-2
Added Net: Name=NetDD5_7
Added Pin To Net: NetName=NetDD5_8 Pin=DD5-8
Added Pin To Net: NetName=NetDD5_8 Pin=R38-1
Added Net: Name=NetDD5_8
Added Pin To Net: NetName=NetDD6_3 Pin=DD6-3
Added Pin To Net: NetName=NetDD6_3 Pin=R47-2
Added Net: Name=NetDD6_3
Added Pin To Net: NetName=NetDD6_6 Pin=DD6-6
Added Pin To Net: NetName=NetDD6_6 Pin=R49-1
Added Pin To Net: NetName=NetDD6_6 Pin=XT8-1
Added Net: Name=NetDD6_6
Added Pin To Net: NetName=NetDD6_7 Pin=DD6-7
Added Pin To Net: NetName=NetDD6_7 Pin=R50-1
Added Net: Name=NetDD6_7
Added Pin To Net: NetName=NetDD7_3 Pin=DD7-3
Added Pin To Net: NetName=NetDD7_3 Pin=R51-1
Added Net: Name=NetDD7_3
Added Pin To Net: NetName=NetDD7_7 Pin=DD7-7
Added Pin To Net: NetName=NetDD7_7 Pin=R53-1
Added Net: Name=NetDD7_7
Added Pin To Net: NetName=NetDD8_2 Pin=DD8-2
Added Pin To Net: NetName=NetDD8_2 Pin=R54-1
Added Net: Name=NetDD8_2
Added Pin To Net: NetName=NetDD9_2 Pin=DD9-2
Added Pin To Net: NetName=NetDD9_2 Pin=R58-2
Added Pin To Net: NetName=NetDD9_2 Pin=R60-2
Added Net: Name=NetDD9_2
Added Pin To Net: NetName=NetDD9_3 Pin=DD9-3
Added Pin To Net: NetName=NetDD9_3 Pin=R56-1
Added Pin To Net: NetName=NetDD9_3 Pin=R57-2
Added Net: Name=NetDD9_3
Added Pin To Net: NetName=NetDD9_6 Pin=DD9-6
Added Pin To Net: NetName=NetDD9_6 Pin=R59-2
Added Pin To Net: NetName=NetDD9_6 Pin=XT10-1
Added Net: Name=NetDD9_6
Added Pin To Net: NetName=NetDD9_7 Pin=DD9-7
Added Pin To Net: NetName=NetDD9_7 Pin=R62-2
Added Pin To Net: NetName=NetDD9_7 Pin=R63-1
Added Net: Name=NetDD9_7
Added Pin To Net: NetName=NetDD10_2 Pin=DD10-2
Added Pin To Net: NetName=NetDD10_2 Pin=R67-2
Added Pin To Net: NetName=NetDD10_2 Pin=R69-2
Added Net: Name=NetDD10_2
Added Pin To Net: NetName=NetDD10_3 Pin=DD10-3
Added Pin To Net: NetName=NetDD10_3 Pin=R65-1
Added Pin To Net: NetName=NetDD10_3 Pin=R66-2
Added Net: Name=NetDD10_3
Added Pin To Net: NetName=NetDD10_6 Pin=DD10-6
Added Pin To Net: NetName=NetDD10_6 Pin=R68-2
Added Pin To Net: NetName=NetDD10_6 Pin=XT11-1
Added Net: Name=NetDD10_6
Added Pin To Net: NetName=NetDD10_7 Pin=DD10-7
Added Pin To Net: NetName=NetDD10_7 Pin=R70-2
Added Pin To Net: NetName=NetDD10_7 Pin=R71-1
Added Net: Name=NetDD10_7
Added Pin To Net: NetName=NetQ1_2 Pin=Q1-1
Added Pin To Net: NetName=NetQ1_2 Pin=R61-1
Added Pin To Net: NetName=NetQ1_2 Pin=R64-1
Added Net: Name=NetQ1_2
Added Pin To Net: NetName=NetR1_1 Pin=R1-1
Added Pin To Net: NetName=NetR1_1 Pin=VD1-1
Added Net: Name=NetR1_1
Added Pin To Net: NetName=NetR2_1 Pin=R2-1
Added Pin To Net: NetName=NetR2_1 Pin=VD2-1
Added Net: Name=NetR2_1
Added Pin To Net: NetName=NetR4_1 Pin=R4-1
Added Pin To Net: NetName=NetR4_1 Pin=XT1-2
Added Net: Name=NetR4_1
Added Pin To Net: NetName=NetR12_1 Pin=R12-1
Added Pin To Net: NetName=NetR12_1 Pin=XT2-2
Added Net: Name=NetR12_1
Added Pin To Net: NetName=NetR15_2 Pin=R15-2
Added Pin To Net: NetName=NetR15_2 Pin=XT3-2
Added Net: Name=NetR15_2
Added Pin To Net: NetName=NetR17_1 Pin=R17-1
Added Pin To Net: NetName=NetR17_1 Pin=XT3-1
Added Net: Name=NetR17_1
Added Pin To Net: NetName=NetR18_2 Pin=R18-2
Added Pin To Net: NetName=NetR18_2 Pin=XT3-3
Added Net: Name=NetR18_2
Added Pin To Net: NetName=NetR19_2 Pin=R19-2
Added Pin To Net: NetName=NetR19_2 Pin=XT3-4
Added Net: Name=NetR19_2
Added Pin To Net: NetName=NetR54_2 Pin=R54-2
Added Pin To Net: NetName=NetR54_2 Pin=XT9-1
Added Net: Name=NetR54_2
Added Pin To Net: NetName=NRST Pin=IC201-7
Added Net: Name=NRST
Added Pin To Net: NetName=OSC_IN_STM Pin=BQ1-2
Added Pin To Net: NetName=OSC_IN_STM Pin=C21-2
Added Pin To Net: NetName=OSC_IN_STM Pin=IC201-5
Added Net: Name=OSC_IN_STM
Added Pin To Net: NetName=OVER_T Pin=IC201-8
Added Pin To Net: NetName=OVER_T Pin=R205-1
Added Net: Name=OVER_T
Added Pin To Net: NetName=PB_3 Pin=IC201-55
Added Net: Name=PB_3
Added Pin To Net: NetName=PC_10 Pin=IC201-51
Added Net: Name=PC_10
Added Pin To Net: NetName=PC_11 Pin=IC201-52
Added Net: Name=PC_11
Added Pin To Net: NetName=PC_12 Pin=IC201-53
Added Net: Name=PC_12
Added Pin To Net: NetName=PD_2 Pin=IC201-54
Added Net: Name=PD_2
Added Pin To Net: NetName=PWM Pin=IC201-14
Added Net: Name=PWM
Added Pin To Net: NetName=Q0 Pin=BQ1-1
Added Pin To Net: NetName=Q0 Pin=C22-2
Added Pin To Net: NetName=Q0 Pin=IC201-6
Added Net: Name=Q0
Added Pin To Net: NetName=StrtPWM Pin=IC201-23
Added Pin To Net: NetName=StrtPWM Pin=R33-1
Added Net: Name=StrtPWM
Added Pin To Net: NetName=SWCLK Pin=CON1-5
Added Pin To Net: NetName=SWCLK Pin=IC201-49
Added Net: Name=SWCLK
Added Pin To Net: NetName=SWDIO Pin=CON1-4
Added Pin To Net: NetName=SWDIO Pin=IC201-46
Added Net: Name=SWDIO
Added Pin To Net: NetName=TachoInF Pin=DD8-6
Added Pin To Net: NetName=TachoInF Pin=IC201-16
Added Pin To Net: NetName=TachoInF Pin=R55-1
Added Net: Name=TachoInF
Added Pin To Net: NetName=ThrottlePWM Pin=IC201-26
Added Pin To Net: NetName=ThrottlePWM Pin=R47-1
Added Net: Name=ThrottlePWM
Added Pin To Net: NetName=USART1_RX_inside Pin=DD7-6
Added Pin To Net: NetName=USART1_RX_inside Pin=IC201-59
Added Pin To Net: NetName=USART1_RX_inside Pin=R52-1
Added Net: Name=USART1_RX_inside
Added Pin To Net: NetName=USART1_RX Pin=CON1-3
Added Pin To Net: NetName=USART1_RX Pin=R51-2
Added Net: Name=USART1_RX
Added Pin To Net: NetName=USART1_TX_inside Pin=IC201-58
Added Pin To Net: NetName=USART1_TX_inside Pin=R44-1
Added Net: Name=USART1_TX_inside
Added Pin To Net: NetName=USART1_TX Pin=CON1-2
Added Pin To Net: NetName=USART1_TX Pin=DD5-6
Added Pin To Net: NetName=USART1_TX Pin=R42-2
Added Net: Name=USART1_TX
Added Pin To Net: NetName=VBAT_SENSE Pin=IC201-22
Added Pin To Net: NetName=VBAT_SENSE Pin=R19-1
Added Pin To Net: NetName=VBAT_SENSE Pin=R21-2
Added Net: Name=VBAT_SENSE
Added Pin To Net: NetName=VCC_3.3 Pin=*3-2
Added Pin To Net: NetName=VCC_3.3 Pin=*3-4
Added Pin To Net: NetName=VCC_3.3 Pin=C1-2
Added Pin To Net: NetName=VCC_3.3 Pin=C7-1
Added Pin To Net: NetName=VCC_3.3 Pin=C15-2
Added Pin To Net: NetName=VCC_3.3 Pin=C16-2
Added Pin To Net: NetName=VCC_3.3 Pin=C17-2
Added Pin To Net: NetName=VCC_3.3 Pin=C18-2
Added Pin To Net: NetName=VCC_3.3 Pin=C19-2
Added Pin To Net: NetName=VCC_3.3 Pin=C20-2
Added Pin To Net: NetName=VCC_3.3 Pin=C25-2
Added Pin To Net: NetName=VCC_3.3 Pin=C26-2
Added Pin To Net: NetName=VCC_3.3 Pin=C27-1
Added Pin To Net: NetName=VCC_3.3 Pin=CON1-1
Added Pin To Net: NetName=VCC_3.3 Pin=DD2-2
Added Pin To Net: NetName=VCC_3.3 Pin=DD3-2
Added Pin To Net: NetName=VCC_3.3 Pin=DD5-2
Added Pin To Net: NetName=VCC_3.3 Pin=DD6-2
Added Pin To Net: NetName=VCC_3.3 Pin=DD7-2
Added Pin To Net: NetName=VCC_3.3 Pin=IC200-3
Added Pin To Net: NetName=VCC_3.3 Pin=IC201-1
Added Pin To Net: NetName=VCC_3.3 Pin=IC201-13
Added Pin To Net: NetName=VCC_3.3 Pin=IC201-19
Added Pin To Net: NetName=VCC_3.3 Pin=IC201-32
Added Pin To Net: NetName=VCC_3.3 Pin=IC201-48
Added Pin To Net: NetName=VCC_3.3 Pin=IC201-64
Added Pin To Net: NetName=VCC_3.3 Pin=IC202-3
Added Pin To Net: NetName=VCC_3.3 Pin=R1-2
Added Pin To Net: NetName=VCC_3.3 Pin=R3-1
Added Pin To Net: NetName=VCC_3.3 Pin=R9-1
Added Pin To Net: NetName=VCC_3.3 Pin=R29-1
Added Pin To Net: NetName=VCC_3.3 Pin=R37-1
Added Pin To Net: NetName=VCC_3.3 Pin=R42-1
Added Pin To Net: NetName=VCC_3.3 Pin=R43-1
Added Pin To Net: NetName=VCC_3.3 Pin=R52-2
Added Pin To Net: NetName=VCC_3.3 Pin=R53-2
Added Pin To Net: NetName=VCC_3.3 Pin=R55-2
Added Pin To Net: NetName=VCC_3.3 Pin=R60-1
Added Pin To Net: NetName=VCC_3.3 Pin=R69-1
Added Pin To Net: NetName=VCC_3.3 Pin=R202-1
Added Pin To Net: NetName=VCC_3.3 Pin=R203-1
Added Pin To Net: NetName=VCC_3.3 Pin=R205-2
Added Net: Name=VCC_3.3
Added Pin To Net: NetName=VCC_50v Pin=C2-1
Added Pin To Net: NetName=VCC_50v Pin=C3-1
Added Pin To Net: NetName=VCC_50v Pin=C5-2
Added Pin To Net: NetName=VCC_50v Pin=C6-2
Added Pin To Net: NetName=VCC_50v Pin=C12-2
Added Pin To Net: NetName=VCC_50v Pin=C13-2
Added Pin To Net: NetName=VCC_50v Pin=C14-2
Added Pin To Net: NetName=VCC_50v Pin=DA1-2
Added Pin To Net: NetName=VCC_50v Pin=P1-1
Added Pin To Net: NetName=VCC_50v Pin=R5-2
Added Net: Name=VCC_50v
Added Pin To Net: NetName=VCC_CAN1 Pin=CON201-1
Added Pin To Net: NetName=VCC_CAN1 Pin=CON202-1
Added Pin To Net: NetName=VCC_CAN1 Pin=R13-1
Added Net: Name=VCC_CAN1
Added Pin To Net: NetName=VCC_CAN2 Pin=CON203-1
Added Pin To Net: NetName=VCC_CAN2 Pin=CON204-1
Added Pin To Net: NetName=VCC_CAN2 Pin=R14-1
Added Net: Name=VCC_CAN2
Added Pin To Net: NetName=VCC_CAN Pin=*2-3
Added Pin To Net: NetName=VCC_CAN Pin=*3-3
Added Pin To Net: NetName=VCC_CAN Pin=C23-2
Added Pin To Net: NetName=VCC_CAN Pin=C24-2
Added Pin To Net: NetName=VCC_CAN Pin=D4-2
Added Pin To Net: NetName=VCC_CAN Pin=DD1-4
Added Pin To Net: NetName=VCC_CAN Pin=DD4-4
Added Pin To Net: NetName=VCC_CAN Pin=DD7-8
Added Pin To Net: NetName=VCC_CAN Pin=DD8-8
Added Pin To Net: NetName=VCC_CAN Pin=DD9-4
Added Pin To Net: NetName=VCC_CAN Pin=DD10-4
Added Pin To Net: NetName=VCC_CAN Pin=R17-2
Added Pin To Net: NetName=VCC_CAN Pin=R22-2
Added Pin To Net: NetName=VCC_CAN Pin=R38-2
Added Net: Name=VCC_CAN
Added Pin To Net: NetName=VCC_servo_5 Pin=*1-2
Added Pin To Net: NetName=VCC_servo_5 Pin=C32-2
Added Pin To Net: NetName=VCC_servo_5 Pin=D5-1
Added Pin To Net: NetName=VCC_servo_5 Pin=D6-1
Added Pin To Net: NetName=VCC_servo_5 Pin=D7-1
Added Pin To Net: NetName=VCC_servo_5 Pin=D8-1
Added Pin To Net: NetName=VCC_servo_5 Pin=D9-1
Added Pin To Net: NetName=VCC_servo_5 Pin=D10-1
Added Pin To Net: NetName=VCC_servo_5 Pin=DD6-8
Added Pin To Net: NetName=VCC_servo_5 Pin=R49-2
Added Pin To Net: NetName=VCC_servo_5 Pin=R50-2
Added Pin To Net: NetName=VCC_servo_5 Pin=XT8-2
Added Net: Name=VCC_servo_5
Added Pin To Net: NetName=VCC_servo Pin=*1-3
Added Pin To Net: NetName=VCC_servo Pin=C10-1
Added Pin To Net: NetName=VCC_servo Pin=C11-1
Added Pin To Net: NetName=VCC_servo Pin=C33-2
Added Pin To Net: NetName=VCC_servo Pin=C36-2
Added Pin To Net: NetName=VCC_servo Pin=D11-2
Added Pin To Net: NetName=VCC_servo Pin=L1-2
Added Pin To Net: NetName=VCC_servo Pin=R7-2
Added Pin To Net: NetName=VCC_servo Pin=XT9-2
Added Pin To Net: NetName=VCC_servo Pin=XT12-2
Added Net: Name=VCC_servo
Added Pin To Net: NetName=VEN2 Pin=DD8-7
Added Pin To Net: NetName=VEN2 Pin=R22-1
Added Pin To Net: NetName=VEN2 Pin=R23-2
Added Pin To Net: NetName=VEN2 Pin=R35-2
Added Pin To Net: NetName=VEN2 Pin=R56-2
Added Pin To Net: NetName=VEN2 Pin=R65-2
Added Net: Name=VEN2
Added Pin To Net: NetName=VTMP2 Pin=D3-2
Added Pin To Net: NetName=VTMP2 Pin=IC201-25
Added Pin To Net: NetName=VTMP2 Pin=R9-2
Added Pin To Net: NetName=VTMP2 Pin=XT2-1
Added Net: Name=VTMP2
Added Pin To Net: NetName=VTMP Pin=D1-2
Added Pin To Net: NetName=VTMP Pin=IC201-9
Added Pin To Net: NetName=VTMP Pin=R3-2
Added Pin To Net: NetName=VTMP Pin=XT1-1
Added Net: Name=VTMP
Added Class: Name=bug4
