Removed Pin From Net: NetName=VCC_servo_5 Pin=C24-2
Removed Pin From Net: NetName=VCC_servo Pin=C25-2
Removed Pin From Net: NetName=VCC_servo_5 Pin=D5-1
Removed Pin From Net: NetName=VCC_servo_5 Pin=D7-1
Removed Pin From Net: NetName=VCC_3.3 Pin=DD2-2
Removed Pin From Net: NetName=VCC_3.3 Pin=DD3-2
Removed Pin From Net: NetName=VCC_3.3 Pin=DD5-2
Removed Pin From Net: NetName=VCC_servo_5 Pin=DD5-8
Removed Pin From Net: NetName=GND Pin=DD6-3
Removed Pin From Net: NetName=GND Pin=DD6-5
Removed Pin From Net: NetName=TachoInF Pin=DD6-6
Removed Pin From Net: NetName=VEN2 Pin=DD6-7
Removed Pin From Net: NetName=VCC_CAN Pin=DD6-8
Removed Pin From Net: NetName=GND_OUT Pin=L3-2
Removed Pin From Net: NetName=GND_OUT Pin=L5-2
Removed Pin From Net: NetName=GND_OUT Pin=L6-2
Removed Pin From Net: NetName=GND Pin=Q1-2
Removed Pin From Net: NetName=FuelSensor Pin=R37-1
Removed Pin From Net: NetName=FuelSensor Pin=R39-1
Removed Pin From Net: NetName=VCC_servo_5 Pin=R45-2
Removed Pin From Net: NetName=VCC_servo_5 Pin=R46-2
Removed Pin From Net: NetName=TachoInF Pin=R48-1
Removed Pin From Net: NetName=VCC_3.3 Pin=R48-2
Removed Pin From Net: NetName=Ignition_on_boolean Pin=R51-2
Removed Pin From Net: NetName=GND Pin=R55-2
Removed Pin From Net: NetName=NetC23_2 Pin=XT7-2
Removed Pin From Net: NetName=NetC23_1 Pin=XT7-3
Removed Pin From Net: NetName=VCC_servo Pin=XT9-2
Removed Member From Class: ClassName=bug4 Member=C22
Removed Member From Class: ClassName=bug4 Member=C23
Removed Member From Class: ClassName=bug4 Member=C24
Removed Member From Class: ClassName=bug4 Member=C25
Removed Member From Class: ClassName=bug4 Member=D7
Removed Member From Class: ClassName=bug4 Member=D8
Removed Member From Class: ClassName=bug4 Member=DD2
Removed Member From Class: ClassName=bug4 Member=DD3
Removed Member From Class: ClassName=bug4 Member=DD5
Removed Member From Class: ClassName=bug4 Member=DD6
Removed Member From Class: ClassName=bug4 Member=L3
Removed Member From Class: ClassName=bug4 Member=L5
Removed Member From Class: ClassName=bug4 Member=L6
Removed Member From Class: ClassName=bug4 Member=R45
Removed Member From Class: ClassName=bug4 Member=R46
Removed Member From Class: ClassName=bug4 Member=R47
Removed Member From Class: ClassName=bug4 Member=R48
Removed Member From Class: ClassName=bug4 Member=R51
Removed Member From Class: ClassName=bug4 Member=R55
Change Component Comment : Designator=Q1 Old Comment=IRML6244tr2pbf New Comment=BFS17A
Change Component Designator: OldDesignator=C23 NewDesignator=C20
Change Component Designator: OldDesignator=D8 NewDesignator=D5
Change Component Designator: OldDesignator=DD4 NewDesignator=DD1
Change Component Designator: OldDesignator=L4 NewDesignator=L2
Change Component Designator: OldDesignator=R19 NewDesignator=R18
Change Component Designator: OldDesignator=R20 NewDesignator=R19
Change Component Designator: OldDesignator=R21 NewDesignator=R20
Change Component Designator: OldDesignator=R22 NewDesignator=R21
Change Component Designator: OldDesignator=R23 NewDesignator=R22
Change Component Designator: OldDesignator=R28 NewDesignator=R25
Change Component Designator: OldDesignator=R34 NewDesignator=R26
Change Component Designator: OldDesignator=R36 NewDesignator=R27
Change Component Designator: OldDesignator=R37 NewDesignator=R28
Change Component Designator: OldDesignator=R39 NewDesignator=R29
Change Component Designator: OldDesignator=R40 NewDesignator=R30
Change Component Designator: OldDesignator=R41 NewDesignator=R31
Change Component Designator: OldDesignator=R42 NewDesignator=R33
Change Component Designator: OldDesignator=R43 NewDesignator=R34
Change Component Designator: OldDesignator=R44 NewDesignator=R35
Change Component Designator: OldDesignator=R47 NewDesignator=R38
Change Component Designator: OldDesignator=XT1 NewDesignator=XT4
Change Component Designator: OldDesignator=XT4 NewDesignator=XT5
Change Component Designator: OldDesignator=XT7 NewDesignator=XT9
Change Component Designator: OldDesignator=XT8 NewDesignator=XT7
Change Component Designator: OldDesignator=XT9 NewDesignator=XT8
Change component parameters: Designator = "Q1"; Footprint = "SOT-23_N"; UniqueID = "\IRACJHOL"
Change component parameters. Clean all parameters for all variants
Change component parameters (AddParameter): Name = "ComponentLink1Description"; Value = "Manufacturer Link"; VariantName = "[No Variations]"
Change component parameters (AddParameter): Name = "ComponentLink1URL"; Value = "http://www.fairchildsemi.com/"; VariantName = "[No Variations]"
Change component parameters (AddParameter): Name = "ComponentLink2Description"; Value = "Datasheet"; VariantName = "[No Variations]"
Change component parameters (AddParameter): Name = "ComponentLink2URL"; Value = "http://www.fairchildsemi.com/ds/2N%2F2N3904.pdf"; VariantName = "[No Variations]"
Change component parameters (AddParameter): Name = "DatasheetVersion"; Value = "1997"; VariantName = "[No Variations]"
Change component parameters (AddParameter): Name = "LatestRevisionDate"; Value = "15-Jan-2003"; VariantName = "[No Variations]"
Change component parameters (AddParameter): Name = "LatestRevisionNote"; Value = "PCB Footprint 'BCY-W3/D4.7' replaced"; VariantName = "[No Variations]"
Change component parameters (AddParameter): Name = "PackageDescription"; Value = "TO, Flat Index; 3 In-Line, Axial Leads; Body Dia. 4.5mm; Leads 0.51 x 0.48 mm (max)"; VariantName = "[No Variations]"
Change component parameters (AddParameter): Name = "PackageReference"; Value = "TO-92A"; VariantName = "[No Variations]"
Change component parameters (AddParameter): Name = "PackageVersion"; Value = "Sep-1998"; VariantName = "[No Variations]"
Change component parameters (AddParameter): Name = "Published"; Value = "8-Jun-2000"; VariantName = "[No Variations]"
Change component parameters (AddParameter): Name = "Publisher"; Value = "Altium Limited"; VariantName = "[No Variations]"
Added Component: Designator=1(SO-8_N)
Add component. Clean all parameters for all variants
Added Component: Designator=OC1(UCC37322P)
Add component. Clean all parameters for all variants
Added Component: Designator=OC2(UCC37322P)
Add component. Clean all parameters for all variants
Added Component: Designator=OC3(UCC37322P)
Add component. Clean all parameters for all variants
Added Component: Designator=R23(SMT0603/VISHAY)
Add component. Clean all parameters for all variants
Add component (AddParameter): Name = "LatestRevisionDate"; Value = "29-May-2009"; VariantName = "[No Variations]"
Add component (AddParameter): Name = "LatestRevisionNote"; Value = "IPC-7351 Footprint Added."; VariantName = "[No Variations]"
Add component (AddParameter): Name = "PackageDescription"; Value = "Chip Resistor"; VariantName = "[No Variations]"
Add component (AddParameter): Name = "PackageReference"; Value = "J1-0603"; VariantName = "[No Variations]"
Add component (AddParameter): Name = "Published"; Value = "8-Jun-2000"; VariantName = "[No Variations]"
Add component (AddParameter): Name = "Publisher"; Value = "Altium Limited"; VariantName = "[No Variations]"
Add component (AddParameter): Name = "Value"; Value = "2kR"; VariantName = "[No Variations]"
Added Component: Designator=R24(SMT0603/VISHAY)
Add component. Clean all parameters for all variants
Add component (AddParameter): Name = "LatestRevisionDate"; Value = "29-May-2009"; VariantName = "[No Variations]"
Add component (AddParameter): Name = "LatestRevisionNote"; Value = "IPC-7351 Footprint Added."; VariantName = "[No Variations]"
Add component (AddParameter): Name = "PackageDescription"; Value = "Chip Resistor"; VariantName = "[No Variations]"
Add component (AddParameter): Name = "PackageReference"; Value = "J1-0603"; VariantName = "[No Variations]"
Add component (AddParameter): Name = "Published"; Value = "8-Jun-2000"; VariantName = "[No Variations]"
Add component (AddParameter): Name = "Publisher"; Value = "Altium Limited"; VariantName = "[No Variations]"
Add component (AddParameter): Name = "Value"; Value = "2kR"; VariantName = "[No Variations]"
Added Component: Designator=R32(SMT0603/VISHAY)
Add component. Clean all parameters for all variants
Add component (AddParameter): Name = "LatestRevisionDate"; Value = "29-May-2009"; VariantName = "[No Variations]"
Add component (AddParameter): Name = "LatestRevisionNote"; Value = "IPC-7351 Footprint Added."; VariantName = "[No Variations]"
Add component (AddParameter): Name = "PackageDescription"; Value = "Chip Resistor"; VariantName = "[No Variations]"
Add component (AddParameter): Name = "PackageReference"; Value = "J1-0603"; VariantName = "[No Variations]"
Add component (AddParameter): Name = "Published"; Value = "8-Jun-2000"; VariantName = "[No Variations]"
Add component (AddParameter): Name = "Publisher"; Value = "Altium Limited"; VariantName = "[No Variations]"
Add component (AddParameter): Name = "Value"; Value = "2kR"; VariantName = "[No Variations]"
Added Component: Designator=R36(SMT0603/VISHAY)
Add component. Clean all parameters for all variants
Add component (AddParameter): Name = "PackageReference"; Value = "0603"; VariantName = "[No Variations]"
Added Component: Designator=R37(SMT0603/VISHAY)
Add component. Clean all parameters for all variants
Add component (AddParameter): Name = "LatestRevisionDate"; Value = "29-May-2009"; VariantName = "[No Variations]"
Add component (AddParameter): Name = "LatestRevisionNote"; Value = "IPC-7351 Footprint Added."; VariantName = "[No Variations]"
Add component (AddParameter): Name = "PackageDescription"; Value = "Chip Resistor"; VariantName = "[No Variations]"
Add component (AddParameter): Name = "PackageReference"; Value = "J1-0603"; VariantName = "[No Variations]"
Add component (AddParameter): Name = "Published"; Value = "8-Jun-2000"; VariantName = "[No Variations]"
Add component (AddParameter): Name = "Publisher"; Value = "Altium Limited"; VariantName = "[No Variations]"
Add component (AddParameter): Name = "Value"; Value = "2kR"; VariantName = "[No Variations]"
Added Component: Designator=R39(SMT0603/VISHAY)
Add component. Clean all parameters for all variants
Add component (AddParameter): Name = "LatestRevisionDate"; Value = "29-May-2009"; VariantName = "[No Variations]"
Add component (AddParameter): Name = "LatestRevisionNote"; Value = "IPC-7351 Footprint Added."; VariantName = "[No Variations]"
Add component (AddParameter): Name = "PackageDescription"; Value = "Chip Resistor"; VariantName = "[No Variations]"
Add component (AddParameter): Name = "PackageReference"; Value = "J1-0603"; VariantName = "[No Variations]"
Add component (AddParameter): Name = "Published"; Value = "8-Jun-2000"; VariantName = "[No Variations]"
Add component (AddParameter): Name = "Publisher"; Value = "Altium Limited"; VariantName = "[No Variations]"
Add component (AddParameter): Name = "Value"; Value = "2kR"; VariantName = "[No Variations]"
Added Component: Designator=R40(SMT0603/VISHAY)
Add component. Clean all parameters for all variants
Add component (AddParameter): Name = "LatestRevisionDate"; Value = "29-May-2009"; VariantName = "[No Variations]"
Add component (AddParameter): Name = "LatestRevisionNote"; Value = "IPC-7351 Footprint Added."; VariantName = "[No Variations]"
Add component (AddParameter): Name = "PackageDescription"; Value = "Chip Resistor"; VariantName = "[No Variations]"
Add component (AddParameter): Name = "PackageReference"; Value = "J1-0603"; VariantName = "[No Variations]"
Add component (AddParameter): Name = "Published"; Value = "8-Jun-2000"; VariantName = "[No Variations]"
Add component (AddParameter): Name = "Publisher"; Value = "Altium Limited"; VariantName = "[No Variations]"
Add component (AddParameter): Name = "Value"; Value = "2kR"; VariantName = "[No Variations]"
Added Component: Designator=R41(SMT0603/VISHAY)
Add component. Clean all parameters for all variants
Add component (AddParameter): Name = "LatestRevisionDate"; Value = "29-May-2009"; VariantName = "[No Variations]"
Add component (AddParameter): Name = "LatestRevisionNote"; Value = "IPC-7351 Footprint Added."; VariantName = "[No Variations]"
Add component (AddParameter): Name = "PackageDescription"; Value = "Chip Resistor"; VariantName = "[No Variations]"
Add component (AddParameter): Name = "PackageReference"; Value = "J1-0603"; VariantName = "[No Variations]"
Add component (AddParameter): Name = "Published"; Value = "8-Jun-2000"; VariantName = "[No Variations]"
Add component (AddParameter): Name = "Publisher"; Value = "Altium Limited"; VariantName = "[No Variations]"
Add component (AddParameter): Name = "Value"; Value = "2kR"; VariantName = "[No Variations]"
Added Component: Designator=R42(SMT0603/VISHAY)
Add component. Clean all parameters for all variants
Add component (AddParameter): Name = "LatestRevisionDate"; Value = "29-May-2009"; VariantName = "[No Variations]"
Add component (AddParameter): Name = "LatestRevisionNote"; Value = "IPC-7351 Footprint Added."; VariantName = "[No Variations]"
Add component (AddParameter): Name = "PackageDescription"; Value = "Chip Resistor"; VariantName = "[No Variations]"
Add component (AddParameter): Name = "PackageReference"; Value = "J1-0603"; VariantName = "[No Variations]"
Add component (AddParameter): Name = "Published"; Value = "8-Jun-2000"; VariantName = "[No Variations]"
Add component (AddParameter): Name = "Publisher"; Value = "Altium Limited"; VariantName = "[No Variations]"
Add component (AddParameter): Name = "Value"; Value = "200R"; VariantName = "[No Variations]"
Added Component: Designator=R43(SMT0603/VISHAY)
Add component. Clean all parameters for all variants
Add component (AddParameter): Name = "LatestRevisionDate"; Value = "29-May-2009"; VariantName = "[No Variations]"
Add component (AddParameter): Name = "LatestRevisionNote"; Value = "IPC-7351 Footprint Added."; VariantName = "[No Variations]"
Add component (AddParameter): Name = "PackageDescription"; Value = "Chip Resistor"; VariantName = "[No Variations]"
Add component (AddParameter): Name = "PackageReference"; Value = "J1-0603"; VariantName = "[No Variations]"
Add component (AddParameter): Name = "Published"; Value = "8-Jun-2000"; VariantName = "[No Variations]"
Add component (AddParameter): Name = "Publisher"; Value = "Altium Limited"; VariantName = "[No Variations]"
Add component (AddParameter): Name = "Value"; Value = "2kR"; VariantName = "[No Variations]"
Added Component: Designator=R44(SMT0603/VISHAY)
Add component. Clean all parameters for all variants
Add component (AddParameter): Name = "LatestRevisionDate"; Value = "29-May-2009"; VariantName = "[No Variations]"
Add component (AddParameter): Name = "LatestRevisionNote"; Value = "IPC-7351 Footprint Added."; VariantName = "[No Variations]"
Add component (AddParameter): Name = "PackageDescription"; Value = "Chip Resistor"; VariantName = "[No Variations]"
Add component (AddParameter): Name = "PackageReference"; Value = "J1-0603"; VariantName = "[No Variations]"
Add component (AddParameter): Name = "Published"; Value = "8-Jun-2000"; VariantName = "[No Variations]"
Add component (AddParameter): Name = "Publisher"; Value = "Altium Limited"; VariantName = "[No Variations]"
Add component (AddParameter): Name = "Value"; Value = "200R"; VariantName = "[No Variations]"
Added Pin To Net: NetName=GND_OUT Pin=1-1
Added Pin To Net: NetName=VCC_servo Pin=1-3
Added Pin To Net: NetName=VCC_3.3 Pin=OC1-1
Added Pin To Net: NetName=VCC_3.3 Pin=OC1-4
Added Pin To Net: NetName=GND_OUT Pin=OC1-5
Added Pin To Net: NetName=VCC_servo_5 Pin=OC1-8
Added Pin To Net: NetName=GND Pin=OC2-3
Added Pin To Net: NetName=GND_OUT Pin=OC2-5
Added Pin To Net: NetName=VCC_servo_5 Pin=OC2-8
Added Pin To Net: NetName=GND_OUT Pin=OC3-2
Added Pin To Net: NetName=GND Pin=OC3-5
Added Pin To Net: NetName=TachoInF Pin=OC3-6
Added Pin To Net: NetName=FuelSensor Pin=OC3-7
Added Pin To Net: NetName=VCC_CAN Pin=OC3-8
Added Pin To Net: NetName=GND_OUT Pin=Q1-2
Added Pin To Net: NetName=VCC_servo_5 Pin=R23-2
Added Pin To Net: NetName=VCC_servo_5 Pin=R24-2
Added Pin To Net: NetName=VCC_servo_5 Pin=R32-2
Added Pin To Net: NetName=Ignition_on_boolean Pin=R36-1
Added Pin To Net: NetName=VCC_servo_5 Pin=R37-2
Added Pin To Net: NetName=VCC_3.3 Pin=R39-1
Added Pin To Net: NetName=TachoInF Pin=R39-2
Added Pin To Net: NetName=VCC_servo Pin=R40-2
Added Pin To Net: NetName=VCC_3.3 Pin=R41-1
Added Pin To Net: NetName=FuelSensor Pin=R41-2
Added Pin To Net: NetName=VCC_servo_5 Pin=XT5-2
Added Pin To Net: NetName=GND_OUT Pin=XT5-3
Added Pin To Net: NetName=VCC_servo_5 Pin=XT6-2
Added Pin To Net: NetName=GND_OUT Pin=XT6-3
Added Pin To Net: NetName=GND_OUT Pin=XT7-3
Added Pin To Net: NetName=VCC_servo_5 Pin=XT9-2
Added Pin To Net: NetName=GND_OUT Pin=XT9-3
Change Net Name : Old Net Name=NetC23_1 New Net Name=NetC20_1
Change Net Name : Old Net Name=NetC23_2 New Net Name=NetC20_2
Change Net Name : Old Net Name=NetDD4_2 New Net Name=NetDD1_2
Change Net Name : Old Net Name=NetDD4_3 New Net Name=NetDD1_3
Change Net Name : Old Net Name=NetDD4_7 New Net Name=NetDD1_7
Change Net Name : Old Net Name=NetR19_2 New Net Name=NetR18_2
Change Net Name : Old Net Name=NetR20_2 New Net Name=NetR19_2
Change Net Name : Old Net Name=NetR47_2 New Net Name=NetR38_2
Added Pin To Net: NetName=Net1_2 Pin=1-2
Added Pin To Net: NetName=Net1_2 Pin=R42-1
Added Net: Name=Net1_2
Added Pin To Net: NetName=Net1_4 Pin=1-4
Added Pin To Net: NetName=Net1_4 Pin=R44-1
Added Net: Name=Net1_4
Added Pin To Net: NetName=Net1_5 Pin=1-5
Added Pin To Net: NetName=Net1_5 Pin=1-6
Added Pin To Net: NetName=Net1_5 Pin=XT8-2
Added Net: Name=Net1_5
Added Pin To Net: NetName=Net1_7 Pin=1-7
Added Pin To Net: NetName=Net1_7 Pin=1-8
Added Pin To Net: NetName=Net1_7 Pin=OC3-3
Added Pin To Net: NetName=Net1_7 Pin=XT8-3
Added Net: Name=Net1_7
Added Pin To Net: NetName=NetDD1_6 Pin=DD1-6
Added Pin To Net: NetName=NetDD1_6 Pin=R30-2
Added Net: Name=NetDD1_6
Added Pin To Net: NetName=NetOC1_2 Pin=OC1-2
Added Pin To Net: NetName=NetOC1_2 Pin=R25-2
Added Net: Name=NetOC1_2
Added Pin To Net: NetName=NetOC1_3 Pin=OC1-3
Added Pin To Net: NetName=NetOC1_3 Pin=R26-2
Added Net: Name=NetOC1_3
Added Pin To Net: NetName=NetOC1_6 Pin=OC1-6
Added Pin To Net: NetName=NetOC1_6 Pin=R24-1
Added Pin To Net: NetName=NetOC1_6 Pin=XT6-1
Added Net: Name=NetOC1_6
Added Pin To Net: NetName=NetOC1_7 Pin=OC1-7
Added Pin To Net: NetName=NetOC1_7 Pin=R23-1
Added Pin To Net: NetName=NetOC1_7 Pin=XT5-1
Added Net: Name=NetOC1_7
Added Pin To Net: NetName=NetOC2_2 Pin=OC2-2
Added Pin To Net: NetName=NetOC2_2 Pin=R35-2
Added Net: Name=NetOC2_2
Added Pin To Net: NetName=NetOC2_4 Pin=OC2-4
Added Pin To Net: NetName=NetOC2_4 Pin=R36-2
Added Net: Name=NetOC2_4
Added Pin To Net: NetName=NetOC2_6 Pin=OC2-6
Added Pin To Net: NetName=NetOC2_6 Pin=R37-1
Added Pin To Net: NetName=NetOC2_6 Pin=R43-1
Added Pin To Net: NetName=NetOC2_6 Pin=R44-2
Added Net: Name=NetOC2_6
Added Pin To Net: NetName=NetOC2_7 Pin=OC2-7
Added Pin To Net: NetName=NetOC2_7 Pin=R32-1
Added Pin To Net: NetName=NetOC2_7 Pin=XT7-1
Added Net: Name=NetOC2_7
Added Pin To Net: NetName=NetOC3_1 Pin=OC3-1
Added Pin To Net: NetName=NetOC3_1 Pin=XT9-1
Added Net: Name=NetOC3_1
Added Pin To Net: NetName=NetOC3_4 Pin=OC3-4
Added Pin To Net: NetName=NetOC3_4 Pin=R38-1
Added Net: Name=NetOC3_4
Added Pin To Net: NetName=NetQ1_1 Pin=Q1-1
Added Pin To Net: NetName=NetQ1_1 Pin=R43-2
Added Net: Name=NetQ1_1
Added Pin To Net: NetName=NetQ1_3 Pin=Q1-3
Added Pin To Net: NetName=NetQ1_3 Pin=R40-1
Added Pin To Net: NetName=NetQ1_3 Pin=R42-2
Added Net: Name=NetQ1_3
Added Pin To Net: NetName=NetR28_1 Pin=R28-1
Added Pin To Net: NetName=NetR28_1 Pin=R29-1
Added Net: Name=NetR28_1
Added Member To Class: ClassName=bug4 Member=Component 1 IRF7105
Added Member To Class: ClassName=bug4 Member=Component OC1 HCPL0631
Added Member To Class: ClassName=bug4 Member=Component OC2 HCPL0631
Added Member To Class: ClassName=bug4 Member=Component OC3 HCPL0631
Added Member To Class: ClassName=bug4 Member=Component R23 Res3
Added Member To Class: ClassName=bug4 Member=Component R24 Res3
Added Member To Class: ClassName=bug4 Member=Component R32 Res3
Added Member To Class: ClassName=bug4 Member=Component R36 330
Added Member To Class: ClassName=bug4 Member=Component R37 Res3
Added Member To Class: ClassName=bug4 Member=Component R40 Res3
Added Member To Class: ClassName=bug4 Member=Component R41 Res3
Added Member To Class: ClassName=bug4 Member=Component R43 Res3
Added Member To Class: ClassName=bug4 Member=Component XT5 PLT-3
