Removed Pin From Net: NetName=VCC_50v Pin=P1-1
Change Component Designator: OldDesignator=C21 NewDesignator=C20
Change Component Designator: OldDesignator=C22 NewDesignator=C21
Change Component Designator: OldDesignator=C23 NewDesignator=C22
Change Component Designator: OldDesignator=C24 NewDesignator=C23
Change Component Designator: OldDesignator=C25 NewDesignator=C24
Change Component Designator: OldDesignator=C26 NewDesignator=C25
Change Component Designator: OldDesignator=C27 NewDesignator=C26
Change Component Designator: OldDesignator=C28 NewDesignator=C27
Change Component Designator: OldDesignator=C29 NewDesignator=C28
Change Component Designator: OldDesignator=DD6 NewDesignator=DD5
Change Component Designator: OldDesignator=DD8 NewDesignator=DD6
Change Component Designator: OldDesignator=DD9 NewDesignator=DD7
Change Component Designator: OldDesignator=DD10 NewDesignator=DD8
Change Component Designator: OldDesignator=R5 NewDesignator=R6
Change Component Designator: OldDesignator=R6 NewDesignator=R7
Change Component Designator: OldDesignator=R7 NewDesignator=R8
Change Component Designator: OldDesignator=R8 NewDesignator=R9
Change Component Designator: OldDesignator=R9 NewDesignator=R10
Change Component Designator: OldDesignator=R10 NewDesignator=R11
Change Component Designator: OldDesignator=R11 NewDesignator=R12
Change Component Designator: OldDesignator=R12 NewDesignator=R13
Change Component Designator: OldDesignator=R13 NewDesignator=R14
Change Component Designator: OldDesignator=R14 NewDesignator=R15
Change Component Designator: OldDesignator=R15 NewDesignator=R16
Change Component Designator: OldDesignator=R16 NewDesignator=R17
Change Component Designator: OldDesignator=R17 NewDesignator=R18
Change Component Designator: OldDesignator=R18 NewDesignator=R19
Change Component Designator: OldDesignator=R19 NewDesignator=R20
Change Component Designator: OldDesignator=R20 NewDesignator=R21
Change Component Designator: OldDesignator=R21 NewDesignator=R22
Change Component Designator: OldDesignator=R22 NewDesignator=R23
Change Component Designator: OldDesignator=R23 NewDesignator=R24
Change Component Designator: OldDesignator=R24 NewDesignator=R25
Change Component Designator: OldDesignator=R25 NewDesignator=R26
Change Component Designator: OldDesignator=R26 NewDesignator=R27
Change Component Designator: OldDesignator=R27 NewDesignator=R28
Change Component Designator: OldDesignator=R28 NewDesignator=R29
Change Component Designator: OldDesignator=R29 NewDesignator=R30
Change Component Designator: OldDesignator=R30 NewDesignator=R31
Change Component Designator: OldDesignator=R31 NewDesignator=R32
Change Component Designator: OldDesignator=R32 NewDesignator=R33
Change Component Designator: OldDesignator=R33 NewDesignator=R34
Change Component Designator: OldDesignator=R34 NewDesignator=R35
Change Component Designator: OldDesignator=R35 NewDesignator=R36
Change Component Designator: OldDesignator=R36 NewDesignator=R37
Change Component Designator: OldDesignator=R39 NewDesignator=R38
Change Component Designator: OldDesignator=R40 NewDesignator=R39
Change Component Designator: OldDesignator=R41 NewDesignator=R40
Change Component Designator: OldDesignator=R43 NewDesignator=R41
Change Component Designator: OldDesignator=R45 NewDesignator=R42
Change Component Designator: OldDesignator=R46 NewDesignator=R43
Change Component Designator: OldDesignator=R47 NewDesignator=R44
Change Component Designator: OldDesignator=R49 NewDesignator=R45
Change Component Designator: OldDesignator=R50 NewDesignator=R46
Change Component Designator: OldDesignator=R53 NewDesignator=R47
Change Component Designator: OldDesignator=R55 NewDesignator=R48
Change Component Designator: OldDesignator=R56 NewDesignator=R49
Change Component Designator: OldDesignator=R57 NewDesignator=R50
Change Component Designator: OldDesignator=R58 NewDesignator=R51
Change Component Designator: OldDesignator=R59 NewDesignator=R52
Change Component Designator: OldDesignator=R60 NewDesignator=R53
Change Component Designator: OldDesignator=R61 NewDesignator=R54
Change Component Designator: OldDesignator=R62 NewDesignator=R55
Change Component Designator: OldDesignator=R63 NewDesignator=R56
Change Component Designator: OldDesignator=R64 NewDesignator=R57
Change Component Designator: OldDesignator=R65 NewDesignator=R58
Change Component Designator: OldDesignator=R66 NewDesignator=R59
Change Component Designator: OldDesignator=R67 NewDesignator=R60
Change Component Designator: OldDesignator=R68 NewDesignator=R61
Change Component Designator: OldDesignator=R69 NewDesignator=R62
Change Component Designator: OldDesignator=R70 NewDesignator=R63
Change Component Designator: OldDesignator=R71 NewDesignator=R64
Added Component: Designator=R5(14-1210)
Add component. Clean all parameters for all variants
Add component (AddParameter): Name = "LatestRevisionDate"; Value = "29-May-2009"; VariantName = "[No Variations]"
Add component (AddParameter): Name = "LatestRevisionNote"; Value = "IPC-7351 Footprint Added."; VariantName = "[No Variations]"
Add component (AddParameter): Name = "PackageDescription"; Value = "Chip Resistor"; VariantName = "[No Variations]"
Add component (AddParameter): Name = "PackageReference"; Value = "J1-0603"; VariantName = "[No Variations]"
Add component (AddParameter): Name = "Published"; Value = "8-Jun-2000"; VariantName = "[No Variations]"
Add component (AddParameter): Name = "Publisher"; Value = "Altium Limited"; VariantName = "[No Variations]"
Add component (AddParameter): Name = "Value"; Value = "0R"; VariantName = "[No Variations]"
Added Pin To Net: NetName=VCC_50v Pin=R5-1
Change Net Name : Old Net Name=NetC21_1 New Net Name=NetC20_1
Change Net Name : Old Net Name=NetC21_2 New Net Name=NetC20_2
Change Net Name : Old Net Name=NetC22_1 New Net Name=NetC21_1
Change Net Name : Old Net Name=NetC22_2 New Net Name=NetC21_2
Change Net Name : Old Net Name=NetC23_1 New Net Name=NetC22_1
Change Net Name : Old Net Name=NetC23_2 New Net Name=NetC22_2
Change Net Name : Old Net Name=NetC24_1 New Net Name=NetC23_1
Change Net Name : Old Net Name=NetC24_2 New Net Name=NetC23_2
Change Net Name : Old Net Name=NetC25_1 New Net Name=NetC24_1
Change Net Name : Old Net Name=NetC26_1 New Net Name=NetC25_1
Change Net Name : Old Net Name=NetC27_1 New Net Name=NetC26_1
Change Net Name : Old Net Name=NetC27_2 New Net Name=NetC26_2
Change Net Name : Old Net Name=NetC28_1 New Net Name=NetC27_1
Change Net Name : Old Net Name=NetC28_2 New Net Name=NetC27_2
Change Net Name : Old Net Name=NetDD6_3 New Net Name=NetDD5_3
Change Net Name : Old Net Name=NetDD6_6 New Net Name=NetDD5_6
Change Net Name : Old Net Name=NetDD6_7 New Net Name=NetDD5_7
Change Net Name : Old Net Name=NetDD8_2 New Net Name=NetDD6_2
Change Net Name : Old Net Name=NetDD9_2 New Net Name=NetDD7_2
Change Net Name : Old Net Name=NetDD9_3 New Net Name=NetDD7_3
Change Net Name : Old Net Name=NetDD9_6 New Net Name=NetDD7_6
Change Net Name : Old Net Name=NetDD9_7 New Net Name=NetDD7_7
Change Net Name : Old Net Name=NetDD10_2 New Net Name=NetDD8_2
Change Net Name : Old Net Name=NetDD10_3 New Net Name=NetDD8_3
Change Net Name : Old Net Name=NetDD10_6 New Net Name=NetDD8_6
Change Net Name : Old Net Name=NetDD10_7 New Net Name=NetDD8_7
Change Net Name : Old Net Name=NetR12_1 New Net Name=NetR13_1
Change Net Name : Old Net Name=NetR15_2 New Net Name=NetR16_2
Change Net Name : Old Net Name=NetR17_1 New Net Name=NetR18_1
Change Net Name : Old Net Name=NetR18_2 New Net Name=NetR19_2
Change Net Name : Old Net Name=NetR19_2 New Net Name=NetR20_2
Change Net Name : Old Net Name=NetR53_2 New Net Name=NetR47_2
Change Net Name : Old Net Name=VCC_50v New Net Name=NetC4_2
Added Pin To Net: NetName=VCC_50v Pin=P1-1
Added Pin To Net: NetName=VCC_50v Pin=R5-2
Added Net: Name=VCC_50v
Added Member To Class: ClassName=bug4 Member=Component R37 330(empty)
