Removed Pin From Net: NetName=VCC_50v Pin=C2-1
Removed Pin From Net: NetName=GND Pin=C2-2
Removed Pin From Net: NetName=VCC_50v Pin=C3-1
Removed Pin From Net: NetName=GND Pin=C3-2
Removed Pin From Net: NetName=GND Pin=C5-1
Removed Pin From Net: NetName=VCC_50v Pin=C5-2
Removed Pin From Net: NetName=GND Pin=C6-1
Removed Pin From Net: NetName=VCC_50v Pin=C6-2
Removed Pin From Net: NetName=VCC_servo Pin=C10-1
Removed Pin From Net: NetName=GND Pin=C10-2
Removed Pin From Net: NetName=VCC_servo Pin=C11-1
Removed Pin From Net: NetName=GND Pin=C11-2
Removed Pin From Net: NetName=GND Pin=C12-1
Removed Pin From Net: NetName=VCC_50v Pin=C12-2
Removed Pin From Net: NetName=GND Pin=C13-1
Removed Pin From Net: NetName=VCC_50v Pin=C13-2
Removed Pin From Net: NetName=GND Pin=C14-1
Removed Pin From Net: NetName=VCC_50v Pin=C14-2
Removed Member From Class: ClassName=bug4 Member=C30
Removed Member From Class: ClassName=bug4 Member=C31
Removed Member From Class: ClassName=bug4 Member=C32
Removed Member From Class: ClassName=bug4 Member=C33
Removed Member From Class: ClassName=bug4 Member=C34
Removed Member From Class: ClassName=bug4 Member=C35
Removed Member From Class: ClassName=bug4 Member=C36
Change Component Footprint: Designator=C10 Old Footprint=0805 New Footprint=2220
Change Component Footprint: Designator=C11 Old Footprint=CAPMP7343X430N New Footprint=2220
Change Component Footprint: Designator=L1 Old Footprint=IND_EPCOS_B82464-G4 New Footprint=Inductor
Change Component Comment : Designator=C10 Old Comment=0.1 New Comment=1206
Change Component Comment : Designator=C11 Old Comment=220uF New Comment=2220
Change Component Comment : Designator=L1 Old Comment=L-EPCOS_B82464 New Comment=SPM5020T-100M-LR
Change Component Designator: OldDesignator=C4 NewDesignator=C2
Change Component Designator: OldDesignator=C7 NewDesignator=C5
Change Component Designator: OldDesignator=C8 NewDesignator=C6
Change Component Designator: OldDesignator=C9 NewDesignator=C7
Change Component Designator: OldDesignator=C10 NewDesignator=C3
Change Component Designator: OldDesignator=C11 NewDesignator=C4
Change Component Designator: OldDesignator=C15 NewDesignator=C8
Change Component Designator: OldDesignator=C16 NewDesignator=C9
Change Component Designator: OldDesignator=C17 NewDesignator=C10
Change Component Designator: OldDesignator=C18 NewDesignator=C11
Change Component Designator: OldDesignator=C19 NewDesignator=C12
Change Component Designator: OldDesignator=C20 NewDesignator=C13
Change Component Designator: OldDesignator=C21 NewDesignator=C14
Change Component Designator: OldDesignator=C22 NewDesignator=C15
Change Component Designator: OldDesignator=C23 NewDesignator=C16
Change Component Designator: OldDesignator=C24 NewDesignator=C17
Change Component Designator: OldDesignator=C25 NewDesignator=C18
Change Component Designator: OldDesignator=C26 NewDesignator=C19
Change Component Designator: OldDesignator=C27 NewDesignator=C20
Change Component Designator: OldDesignator=C28 NewDesignator=C21
Change Component Designator: OldDesignator=C29 NewDesignator=C22
Change Component Designator: OldDesignator=C30 NewDesignator=C23
Change Component Designator: OldDesignator=C31 NewDesignator=C24
Change Component Designator: OldDesignator=C32 NewDesignator=C25
Change Component Designator: OldDesignator=C33 NewDesignator=C26
Change Component Designator: OldDesignator=C34 NewDesignator=C27
Change Component Designator: OldDesignator=C35 NewDesignator=C28
Change Component Designator: OldDesignator=C36 NewDesignator=C29
Change Component Designator: OldDesignator=R53 NewDesignator=R54
Change Component Designator: OldDesignator=R54 NewDesignator=R53
Change Component Designator: OldDesignator=R58 NewDesignator=R59
Change Component Designator: OldDesignator=R59 NewDesignator=R60
Change Component Designator: OldDesignator=R60 NewDesignator=R61
Change Component Designator: OldDesignator=R61 NewDesignator=R58
Change Component Designator: OldDesignator=R62 NewDesignator=R63
Change Component Designator: OldDesignator=R63 NewDesignator=R64
Change Component Designator: OldDesignator=R64 NewDesignator=R62
Change component parameters: Designator = "C3"; Footprint = "2220"; UniqueID = "\AOEEXQOR"
Change component parameters. Clean all parameters for all variants
Change component parameters (AddParameter): Name = "LatestRevisionDate"; Value = "29-May-2009"; VariantName = "[No Variations]"
Change component parameters (AddParameter): Name = "LatestRevisionNote"; Value = "IPC-7351 Footprint Added."; VariantName = "[No Variations]"
Change component parameters (AddParameter): Name = "PackageDescription"; Value = "Chip Capacitor"; VariantName = "[No Variations]"
Change component parameters (AddParameter): Name = "PackageReference"; Value = "C1206"; VariantName = "[No Variations]"
Change component parameters (AddParameter): Name = "Published"; Value = "8-Jun-2000"; VariantName = "[No Variations]"
Change component parameters (AddParameter): Name = "Publisher"; Value = "Altium Limited"; VariantName = "[No Variations]"
Change component parameters (AddParameter): Name = "Value"; Value = "47uF 25V"; VariantName = "[No Variations]"
Change component parameters: Designator = "C4"; Footprint = "2220"; UniqueID = "\ILWHXUQR"
Change component parameters. Clean all parameters for all variants
Change component parameters (AddParameter): Name = "LatestRevisionDate"; Value = "29-May-2009"; VariantName = "[No Variations]"
Change component parameters (AddParameter): Name = "LatestRevisionNote"; Value = "IPC-7351 Footprint Added."; VariantName = "[No Variations]"
Change component parameters (AddParameter): Name = "PackageDescription"; Value = "Chip Capacitor"; VariantName = "[No Variations]"
Change component parameters (AddParameter): Name = "PackageReference"; Value = "C2220"; VariantName = "[No Variations]"
Change component parameters (AddParameter): Name = "Published"; Value = "8-Jun-2000"; VariantName = "[No Variations]"
Change component parameters (AddParameter): Name = "Publisher"; Value = "Altium Limited"; VariantName = "[No Variations]"
Change component parameters (AddParameter): Name = "Value"; Value = "4.7uF 100v"; VariantName = "[No Variations]"
Added Pin To Net: NetName=GND Pin=C3-1
Added Pin To Net: NetName=VCC_servo Pin=C3-2
Added Pin To Net: NetName=GND Pin=C4-1
Added Pin To Net: NetName=VCC_50v Pin=C4-2
Change Net Name : Old Net Name=NetC4_1 New Net Name=NetC2_1
Change Net Name : Old Net Name=NetC4_2 New Net Name=NetC2_2
Change Net Name : Old Net Name=NetC8_1 New Net Name=NetC6_1
Change Net Name : Old Net Name=NetC9_1 New Net Name=NetC7_1
Change Net Name : Old Net Name=NetC28_1 New Net Name=NetC21_1
Change Net Name : Old Net Name=NetC28_2 New Net Name=NetC21_2
Change Net Name : Old Net Name=NetC29_1 New Net Name=NetC22_1
Change Net Name : Old Net Name=NetC29_2 New Net Name=NetC22_2
Change Net Name : Old Net Name=NetC30_1 New Net Name=NetC23_1
Change Net Name : Old Net Name=NetC30_2 New Net Name=NetC23_2
Change Net Name : Old Net Name=NetC31_1 New Net Name=NetC24_1
Change Net Name : Old Net Name=NetC31_2 New Net Name=NetC24_2
Change Net Name : Old Net Name=NetC32_1 New Net Name=NetC25_1
Change Net Name : Old Net Name=NetC33_1 New Net Name=NetC26_1
Change Net Name : Old Net Name=NetC34_1 New Net Name=NetC27_1
Change Net Name : Old Net Name=NetC34_2 New Net Name=NetC27_2
Change Net Name : Old Net Name=NetC35_1 New Net Name=NetC28_1
Change Net Name : Old Net Name=NetC35_2 New Net Name=NetC28_2
Change Net Name : Old Net Name=NetR54_2 New Net Name=NetR53_2
Added Member To Class: ClassName=bug4 Member=Component P1 Header 4
