Removed Pin From Net: NetName=Q0 Pin=BQ1-1
Removed Pin From Net: NetName=OSC_IN_STM Pin=BQ1-2
Removed Pin From Net: NetName=VCC_servo_5 Pin=D6-1
Removed Pin From Net: NetName=VCC_servo_5 Pin=D9-1
Removed Pin From Net: NetName=VCC_servo_5 Pin=D10-1
Removed Pin From Net: NetName=GND Pin=DD1-1
Removed Pin From Net: NetName=VCC_CAN Pin=DD1-4
Removed Pin From Net: NetName=GND Pin=DD7-1
Removed Pin From Net: NetName=VCC_CAN Pin=DD7-4
Removed Pin From Net: NetName=GND Pin=DD8-1
Removed Pin From Net: NetName=VCC_CAN Pin=DD8-4
Removed Pin From Net: NetName=GND_OUT Pin=L2-2
Removed Pin From Net: NetName=GND_OUT Pin=L7-2
Removed Pin From Net: NetName=GND_OUT Pin=L8-2
Removed Pin From Net: NetName=VCC_3.3 Pin=R3-1
Removed Pin From Net: NetName=VCC_3.3 Pin=R10-1
Removed Pin From Net: NetName=VCC_CAN Pin=R18-2
Removed Pin From Net: NetName=VEN2 Pin=R24-2
Removed Pin From Net: NetName=BackupPWM Pin=R25-1
Removed Pin From Net: NetName=BackupPWM Pin=R26-1
Removed Pin From Net: NetName=VCC_3.3 Pin=R30-1
Removed Pin From Net: NetName=VEN2 Pin=R49-2
Removed Pin From Net: NetName=GPIO_PMU_1 Pin=R50-1
Removed Pin From Net: NetName=GPIO_PMU_1 Pin=R52-1
Removed Pin From Net: NetName=VCC_3.3 Pin=R54-1
Removed Pin From Net: NetName=VEN2 Pin=R58-2
Removed Pin From Net: NetName=GPIO_PMU_2 Pin=R59-1
Removed Pin From Net: NetName=GPIO_PMU_2 Pin=R60-1
Removed Pin From Net: NetName=VCC_3.3 Pin=R62-1
Removed Member From Class: ClassName=bug4 Member=C21
Removed Member From Class: ClassName=bug4 Member=C26
Removed Member From Class: ClassName=bug4 Member=C27
Removed Member From Class: ClassName=bug4 Member=D6
Removed Member From Class: ClassName=bug4 Member=D9
Removed Member From Class: ClassName=bug4 Member=D10
Removed Member From Class: ClassName=bug4 Member=DD1
Removed Member From Class: ClassName=bug4 Member=DD7
Removed Member From Class: ClassName=bug4 Member=DD8
Removed Member From Class: ClassName=bug4 Member=L2
Removed Member From Class: ClassName=bug4 Member=L7
Removed Member From Class: ClassName=bug4 Member=L8
Removed Member From Class: ClassName=bug4 Member=R18
Removed Member From Class: ClassName=bug4 Member=R24
Removed Member From Class: ClassName=bug4 Member=R25
Removed Member From Class: ClassName=bug4 Member=R26
Removed Member From Class: ClassName=bug4 Member=R27
Removed Member From Class: ClassName=bug4 Member=R30
Removed Member From Class: ClassName=bug4 Member=R31
Removed Member From Class: ClassName=bug4 Member=R32
Removed Member From Class: ClassName=bug4 Member=R49
Removed Member From Class: ClassName=bug4 Member=R50
Removed Member From Class: ClassName=bug4 Member=R52
Removed Member From Class: ClassName=bug4 Member=R53
Removed Member From Class: ClassName=bug4 Member=R54
Removed Member From Class: ClassName=bug4 Member=R56
Removed Member From Class: ClassName=bug4 Member=R57
Removed Member From Class: ClassName=bug4 Member=R58
Removed Member From Class: ClassName=bug4 Member=R59
Removed Member From Class: ClassName=bug4 Member=R60
Removed Member From Class: ClassName=bug4 Member=R61
Removed Member From Class: ClassName=bug4 Member=R62
Removed Member From Class: ClassName=bug4 Member=R63
Removed Member From Class: ClassName=bug4 Member=R64
Removed Member From Class: ClassName=bug4 Member=XT5
Removed Member From Class: ClassName=bug4 Member=XT10
Removed Member From Class: ClassName=bug4 Member=XT11
Change Component Comment : Designator=C14 Old Comment=18pF New Comment=10pF
Change Component Comment : Designator=C15 Old Comment=18pF New Comment=10pF
Added Pin To Net: NetName=Q0 Pin=XT1-1
Added Pin To Net: NetName=VCC_1.8 Pin=R3-1
Added Pin To Net: NetName=VCC_1.8 Pin=R10-1
Added Net: Name=VCC_1.8
Added Member To Class: ClassName=bug4 Member=Component R5 1210
Added Member To Class: ClassName=bug4 Member=Component XT1 JST-XH_R
