Removed Pin From Net: NetName=GND_OUT Pin=*1-1
Removed Pin From Net: NetName=GND_OUT Pin=*2-1
Removed Pin From Net: NetName=GND_OUT Pin=1-1
Removed Pin From Net: NetName=GND_OUT Pin=C3-1
Removed Pin From Net: NetName=GND_OUT Pin=C4-1
Removed Pin From Net: NetName=GND_OUT Pin=C6-2
Removed Pin From Net: NetName=GND_OUT Pin=C7-2
Removed Pin From Net: NetName=GND_OUT Pin=D2-1
Removed Pin From Net: NetName=GND_OUT Pin=DA1-7
Removed Pin From Net: NetName=GND_OUT Pin=DA1-9
Removed Pin From Net: NetName=GND_OUT Pin=OC1-5
Removed Pin From Net: NetName=GND_OUT Pin=OC2-5
Removed Pin From Net: NetName=GND_OUT Pin=OC3-2
Removed Pin From Net: NetName=GND_OUT Pin=P1-2
Removed Pin From Net: NetName=GND_OUT Pin=Q2-2
Removed Pin From Net: NetName=GND_OUT Pin=R9-2
Removed Pin From Net: NetName=GND_OUT Pin=R11-1
Removed Pin From Net: NetName=GND_OUT Pin=R12-1
Removed Pin From Net: NetName=GND_OUT Pin=XT4-3
Removed Pin From Net: NetName=GND_OUT Pin=XT5-3
Removed Pin From Net: NetName=GND_OUT Pin=XT6-3
Added Pin To Net: NetName=GND Pin=*1-1
Added Pin To Net: NetName=GND Pin=*2-1
Added Pin To Net: NetName=GND Pin=1-1
Added Pin To Net: NetName=GND Pin=C3-1
Added Pin To Net: NetName=GND Pin=C4-1
Added Pin To Net: NetName=GND Pin=C6-2
Added Pin To Net: NetName=GND Pin=C7-2
Added Pin To Net: NetName=GND Pin=D2-1
Added Pin To Net: NetName=GND Pin=DA1-7
Added Pin To Net: NetName=GND Pin=DA1-9
Added Pin To Net: NetName=GND Pin=OC1-5
Added Pin To Net: NetName=GND Pin=OC2-5
Added Pin To Net: NetName=GND Pin=OC3-2
Added Pin To Net: NetName=GND Pin=P1-2
Added Pin To Net: NetName=GND Pin=Q2-2
Added Pin To Net: NetName=GND Pin=R9-2
Added Pin To Net: NetName=GND Pin=R11-1
Added Pin To Net: NetName=GND Pin=R12-1
Added Pin To Net: NetName=GND Pin=XT4-3
Added Pin To Net: NetName=GND Pin=XT5-3
Added Pin To Net: NetName=GND Pin=XT6-3
