Change Component Designator: Old Designator=C23 New Designator=C20
Change Component Designator: Old Designator=D8 New Designator=D5
Change Component Designator: Old Designator=DD4 New Designator=DD1
Change Component Designator: Old Designator=L4 New Designator=L2
Change Component Designator: Old Designator=OC1 New Designator=OC2
Change Component Designator: Old Designator=OC1 New Designator=OC3
Change Component Designator: Old Designator=Q4 New Designator=Q1
Change Component Designator: Old Designator=R19 New Designator=R18
Change Component Designator: Old Designator=R20 New Designator=R19
Change Component Designator: Old Designator=R21 New Designator=R20
Change Component Designator: Old Designator=R22 New Designator=R21
Change Component Designator: Old Designator=R23 New Designator=R22
Change Component Designator: Old Designator=R28 New Designator=R25
Change Component Designator: Old Designator=R34 New Designator=R26
Change Component Designator: Old Designator=R36 New Designator=R27
Change Component Designator: Old Designator=R37 New Designator=R28
Change Component Designator: Old Designator=R39 New Designator=R29
Change Component Designator: Old Designator=R40 New Designator=R30
Change Component Designator: Old Designator=R41 New Designator=R31
Change Component Designator: Old Designator=R42 New Designator=R33
Change Component Designator: Old Designator=R43 New Designator=R34
Change Component Designator: Old Designator=R44 New Designator=R35
Change Component Designator: Old Designator=R44 New Designator=R36
Change Component Designator: Old Designator=R47 New Designator=R38
Change Component Designator: Old Designator=R51 New Designator=R42
Change Component Designator: Old Designator=R51 New Designator=R44
Change Component Designator: Old Designator=R55 New Designator=R23
Change Component Designator: Old Designator=R55 New Designator=R24
Change Component Designator: Old Designator=R55 New Designator=R32
Change Component Designator: Old Designator=R55 New Designator=R37
Change Component Designator: Old Designator=R55 New Designator=R39
Change Component Designator: Old Designator=R55 New Designator=R40
Change Component Designator: Old Designator=R55 New Designator=R41
Change Component Designator: Old Designator=R55 New Designator=R43
Change Component Designator: Old Designator=XT1 New Designator=XT4
Change Component Designator: Old Designator=XT4 New Designator=XT5
Change Component Designator: Old Designator=XT7 New Designator=XT9
Change Component Designator: Old Designator=XT8 New Designator=XT7
Change Component Designator: Old Designator=XT9 New Designator=XT8
