Change Component Designator: Old Designator=*5 New Designator=*3
Change Component Designator: Old Designator=*100 New Designator=*1
Change Component Designator: Old Designator=*101 New Designator=*2
Change Component Designator: Old Designator=*102 New Designator=*4
Change Component Designator: Old Designator=BQ100 New Designator=BQ1
Change Component Designator: Old Designator=C2 New Designator=C1
Change Component Designator: Old Designator=C15 New Designator=C26
Change Component Designator: Old Designator=C16 New Designator=C27
Change Component Designator: Old Designator=C107 New Designator=C2
Change Component Designator: Old Designator=C109 New Designator=C5
Change Component Designator: Old Designator=C110 New Designator=C8
Change Component Designator: Old Designator=C112 New Designator=C9
Change Component Designator: Old Designator=C113 New Designator=C10
Change Component Designator: Old Designator=C114 New Designator=C11
Change Component Designator: Old Designator=C115 New Designator=C12
Change Component Designator: Old Designator=C119 New Designator=C13
Change Component Designator: Old Designator=C128 New Designator=C14
Change Component Designator: Old Designator=C129 New Designator=C15
Change Component Designator: Old Designator=C130 New Designator=C16
Change Component Designator: Old Designator=C131 New Designator=C17
Change Component Designator: Old Designator=C132 New Designator=C18
Change Component Designator: Old Designator=C133 New Designator=C19
Change Component Designator: Old Designator=C134 New Designator=C20
Change Component Designator: Old Designator=C135 New Designator=C21
Change Component Designator: Old Designator=C136 New Designator=C22
Change Component Designator: Old Designator=C137 New Designator=C23
Change Component Designator: Old Designator=C138 New Designator=C24
Change Component Designator: Old Designator=C139 New Designator=C25
Change Component Designator: Old Designator=C140 New Designator=C29
Change Component Designator: Old Designator=C149 New Designator=C30
Change Component Designator: Old Designator=C150 New Designator=C28
Change Component Designator: Old Designator=C152 New Designator=C32
Change Component Designator: Old Designator=C153 New Designator=C31
Change Component Designator: Old Designator=C154 New Designator=C33
Change Component Designator: Old Designator=C158 New Designator=C34
Change Component Designator: Old Designator=CON100 New Designator=CON1
Change Component Designator: Old Designator=CON101 New Designator=CON2
Change Component Designator: Old Designator=D2 New Designator=D1
Change Component Designator: Old Designator=D110 New Designator=D2
Change Component Designator: Old Designator=D111 New Designator=D3
Change Component Designator: Old Designator=D112 New Designator=D4
Change Component Designator: Old Designator=L102 New Designator=L2
Change Component Designator: Old Designator=L103 New Designator=L3
Change Component Designator: Old Designator=L103 New Designator=L4
Change Component Designator: Old Designator=P105 New Designator=P1
Change Component Designator: Old Designator=P106 New Designator=P2
Change Component Designator: Old Designator=P108 New Designator=P4
Change Component Designator: Old Designator=P109 New Designator=P5
Change Component Designator: Old Designator=P110 New Designator=P6
Change Component Designator: Old Designator=P111 New Designator=P7
Change Component Designator: Old Designator=P112 New Designator=P8
Change Component Designator: Old Designator=P? New Designator=P3
Change Component Designator: Old Designator=Q? New Designator=Q1
Change Component Designator: Old Designator=R5 New Designator=R1
Change Component Designator: Old Designator=R6 New Designator=R2
Change Component Designator: Old Designator=R7 New Designator=R3
Change Component Designator: Old Designator=R8 New Designator=R4
Change Component Designator: Old Designator=R9 New Designator=R5
Change Component Designator: Old Designator=R11 New Designator=R6
Change Component Designator: Old Designator=R12 New Designator=R7
Change Component Designator: Old Designator=R13 New Designator=R12
Change Component Designator: Old Designator=R13 New Designator=R15
Change Component Designator: Old Designator=R14 New Designator=R13
Change Component Designator: Old Designator=R118 New Designator=R9
Change Component Designator: Old Designator=R119 New Designator=R10
Change Component Designator: Old Designator=R121 New Designator=R11
Change Component Designator: Old Designator=R124 New Designator=R14
Change Component Designator: Old Designator=R126 New Designator=R16
Change Component Designator: Old Designator=R127 New Designator=R17
Change Component Designator: Old Designator=R129 New Designator=R18
Change Component Designator: Old Designator=R132 New Designator=R8
Change Component Designator: Old Designator=R133 New Designator=R19
Change Component Designator: Old Designator=R135 New Designator=R20
Change Component Designator: Old Designator=R150 New Designator=R21
Change Component Designator: Old Designator=R151 New Designator=R22
Change Component Designator: Old Designator=R152 New Designator=R23
