Added Component: Designator=*1(ZZ311)
Add component. Clean all parameters for all variants
Add component (AddParameter): Name = "ComponentLink1Description"; Value = "Manufacturer Link"; VariantName = "[No Variations]"
Add component (AddParameter): Name = "ComponentLink1URL"; Value = "http://www.ti.com/"; VariantName = "[No Variations]"
Add component (AddParameter): Name = "ComponentLink2Description"; Value = "Datasheet"; VariantName = "[No Variations]"
Add component (AddParameter): Name = "ComponentLink2URL"; Value = "http://www-s.ti.com/sc/ds/REG1117.pdf"; VariantName = "[No Variations]"
Add component (AddParameter): Name = "DatasheetVersion"; Value = "Sep-1997"; VariantName = "[No Variations]"
Add component (AddParameter): Name = "LatestRevisionDate"; Value = "17-Jul-2002"; VariantName = "[No Variations]"
Add component (AddParameter): Name = "LatestRevisionNote"; Value = "Re-released for DXP Platform."; VariantName = "[No Variations]"
Add component (AddParameter): Name = "PackageDescription"; Value = "SOT-223/SC-73; 4 Leads; Body 6.7 x 7.3 mm, inc. leads (LxW max)"; VariantName = "[No Variations]"
Add component (AddParameter): Name = "PackageReference"; Value = "ZZ311"; VariantName = "[No Variations]"
Add component (AddParameter): Name = "PackageVersion"; Value = "revC"; VariantName = "[No Variations]"
Add component (AddParameter): Name = "Published"; Value = "8-Jun-2000"; VariantName = "[No Variations]"
Add component (AddParameter): Name = "Publisher"; Value = "Altium Limited"; VariantName = "[No Variations]"
Added Component: Designator=*2(ZZ311)
Add component. Clean all parameters for all variants
Add component (AddParameter): Name = "ComponentLink1Description"; Value = "Manufacturer Link"; VariantName = "[No Variations]"
Add component (AddParameter): Name = "ComponentLink1URL"; Value = "http://www.ti.com/"; VariantName = "[No Variations]"
Add component (AddParameter): Name = "ComponentLink2Description"; Value = "Datasheet"; VariantName = "[No Variations]"
Add component (AddParameter): Name = "ComponentLink2URL"; Value = "http://www-s.ti.com/sc/ds/REG1117.pdf"; VariantName = "[No Variations]"
Add component (AddParameter): Name = "DatasheetVersion"; Value = "Sep-1997"; VariantName = "[No Variations]"
Add component (AddParameter): Name = "LatestRevisionDate"; Value = "17-Jul-2002"; VariantName = "[No Variations]"
Add component (AddParameter): Name = "LatestRevisionNote"; Value = "Re-released for DXP Platform."; VariantName = "[No Variations]"
Add component (AddParameter): Name = "PackageDescription"; Value = "SOT-223/SC-73; 4 Leads; Body 6.7 x 7.3 mm, inc. leads (LxW max)"; VariantName = "[No Variations]"
Add component (AddParameter): Name = "PackageReference"; Value = "ZZ311"; VariantName = "[No Variations]"
Add component (AddParameter): Name = "PackageVersion"; Value = "revC"; VariantName = "[No Variations]"
Add component (AddParameter): Name = "Published"; Value = "8-Jun-2000"; VariantName = "[No Variations]"
Add component (AddParameter): Name = "Publisher"; Value = "Altium Limited"; VariantName = "[No Variations]"
Added Component: Designator=*3(D8_L_G)
Add component. Clean all parameters for all variants
Added Component: Designator=*4(UCC37322P)
Add component. Clean all parameters for all variants
Added Component: Designator=BQ1(HS49/S)
Add component. Clean all parameters for all variants
Add component (AddParameter): Name = "PackageReference"; Value = "hs_49u"; VariantName = "[No Variations]"
Added Component: Designator=C1(1608[0603])
Add component. Clean all parameters for all variants
Add component (AddParameter): Name = "LatestRevisionDate"; Value = "29-May-2009"; VariantName = "[No Variations]"
Add component (AddParameter): Name = "LatestRevisionNote"; Value = "IPC-7351 Footprint Added."; VariantName = "[No Variations]"
Add component (AddParameter): Name = "PackageDescription"; Value = "Chip Capacitor"; VariantName = "[No Variations]"
Add component (AddParameter): Name = "PackageReference"; Value = "C1206"; VariantName = "[No Variations]"
Add component (AddParameter): Name = "Published"; Value = "8-Jun-2000"; VariantName = "[No Variations]"
Add component (AddParameter): Name = "Publisher"; Value = "Altium Limited"; VariantName = "[No Variations]"
Add component (AddParameter): Name = "Value"; Value = "100nF"; VariantName = "[No Variations]"
Added Component: Designator=C2(SMT0603/VISHAY)
Add component. Clean all parameters for all variants
Add component (AddParameter): Name = "LatestRevisionDate"; Value = "29-May-2009"; VariantName = "[No Variations]"
Add component (AddParameter): Name = "LatestRevisionNote"; Value = "IPC-7351 Footprint Added."; VariantName = "[No Variations]"
Add component (AddParameter): Name = "PackageDescription"; Value = "Chip Capacitor"; VariantName = "[No Variations]"
Add component (AddParameter): Name = "PackageReference"; Value = "C1206"; VariantName = "[No Variations]"
Add component (AddParameter): Name = "Published"; Value = "8-Jun-2000"; VariantName = "[No Variations]"
Add component (AddParameter): Name = "Publisher"; Value = "Altium Limited"; VariantName = "[No Variations]"
Add component (AddParameter): Name = "Value"; Value = "100nF"; VariantName = "[No Variations]"
Added Component: Designator=C3(2220)
Add component. Clean all parameters for all variants
Add component (AddParameter): Name = "LatestRevisionDate"; Value = "29-May-2009"; VariantName = "[No Variations]"
Add component (AddParameter): Name = "LatestRevisionNote"; Value = "IPC-7351 Footprint Added."; VariantName = "[No Variations]"
Add component (AddParameter): Name = "PackageDescription"; Value = "Chip Capacitor"; VariantName = "[No Variations]"
Add component (AddParameter): Name = "PackageReference"; Value = "C1206"; VariantName = "[No Variations]"
Add component (AddParameter): Name = "Published"; Value = "8-Jun-2000"; VariantName = "[No Variations]"
Add component (AddParameter): Name = "Publisher"; Value = "Altium Limited"; VariantName = "[No Variations]"
Add component (AddParameter): Name = "Value"; Value = "47uF 25V"; VariantName = "[No Variations]"
Added Component: Designator=C4(2220)
Add component. Clean all parameters for all variants
Add component (AddParameter): Name = "LatestRevisionDate"; Value = "29-May-2009"; VariantName = "[No Variations]"
Add component (AddParameter): Name = "LatestRevisionNote"; Value = "IPC-7351 Footprint Added."; VariantName = "[No Variations]"
Add component (AddParameter): Name = "PackageDescription"; Value = "Chip Capacitor"; VariantName = "[No Variations]"
Add component (AddParameter): Name = "PackageReference"; Value = "C2220"; VariantName = "[No Variations]"
Add component (AddParameter): Name = "Published"; Value = "8-Jun-2000"; VariantName = "[No Variations]"
Add component (AddParameter): Name = "Publisher"; Value = "Altium Limited"; VariantName = "[No Variations]"
Add component (AddParameter): Name = "Value"; Value = "4.7uF 100v"; VariantName = "[No Variations]"
Added Component: Designator=C5(SMT0603/VISHAY)
Add component. Clean all parameters for all variants
Add component (AddParameter): Name = "LatestRevisionDate"; Value = "29-May-2009"; VariantName = "[No Variations]"
Add component (AddParameter): Name = "LatestRevisionNote"; Value = "IPC-7351 Footprint Added."; VariantName = "[No Variations]"
Add component (AddParameter): Name = "PackageDescription"; Value = "Chip Capacitor"; VariantName = "[No Variations]"
Add component (AddParameter): Name = "PackageReference"; Value = "C1206"; VariantName = "[No Variations]"
Add component (AddParameter): Name = "Published"; Value = "8-Jun-2000"; VariantName = "[No Variations]"
Add component (AddParameter): Name = "Publisher"; Value = "Altium Limited"; VariantName = "[No Variations]"
Add component (AddParameter): Name = "Value"; Value = "100nF"; VariantName = "[No Variations]"
Added Component: Designator=C6(SMT0603/VISHAY)
Add component. Clean all parameters for all variants
Add component (AddParameter): Name = "LatestRevisionDate"; Value = "29-May-2009"; VariantName = "[No Variations]"
Add component (AddParameter): Name = "LatestRevisionNote"; Value = "IPC-7351 Footprint Added."; VariantName = "[No Variations]"
Add component (AddParameter): Name = "PackageDescription"; Value = "Chip Capacitor"; VariantName = "[No Variations]"
Add component (AddParameter): Name = "PackageReference"; Value = "C1206"; VariantName = "[No Variations]"
Add component (AddParameter): Name = "Published"; Value = "8-Jun-2000"; VariantName = "[No Variations]"
Add component (AddParameter): Name = "Publisher"; Value = "Altium Limited"; VariantName = "[No Variations]"
Add component (AddParameter): Name = "Value"; Value = "100nF"; VariantName = "[No Variations]"
Added Component: Designator=C7(SMT0603/VISHAY)
Add component. Clean all parameters for all variants
Add component (AddParameter): Name = "LatestRevisionDate"; Value = "29-May-2009"; VariantName = "[No Variations]"
Add component (AddParameter): Name = "LatestRevisionNote"; Value = "IPC-7351 Footprint Added."; VariantName = "[No Variations]"
Add component (AddParameter): Name = "PackageDescription"; Value = "Chip Capacitor"; VariantName = "[No Variations]"
Add component (AddParameter): Name = "PackageReference"; Value = "C1206"; VariantName = "[No Variations]"
Add component (AddParameter): Name = "Published"; Value = "8-Jun-2000"; VariantName = "[No Variations]"
Add component (AddParameter): Name = "Publisher"; Value = "Altium Limited"; VariantName = "[No Variations]"
Add component (AddParameter): Name = "Value"; Value = "100nF"; VariantName = "[No Variations]"
Added Component: Designator=C8(SMT0603/VISHAY)
Add component. Clean all parameters for all variants
Add component (AddParameter): Name = "LatestRevisionDate"; Value = "29-May-2009"; VariantName = "[No Variations]"
Add component (AddParameter): Name = "LatestRevisionNote"; Value = "IPC-7351 Footprint Added."; VariantName = "[No Variations]"
Add component (AddParameter): Name = "PackageDescription"; Value = "Chip Capacitor"; VariantName = "[No Variations]"
Add component (AddParameter): Name = "PackageReference"; Value = "C1206"; VariantName = "[No Variations]"
Add component (AddParameter): Name = "Published"; Value = "8-Jun-2000"; VariantName = "[No Variations]"
Add component (AddParameter): Name = "Publisher"; Value = "Altium Limited"; VariantName = "[No Variations]"
Add component (AddParameter): Name = "Value"; Value = "100nF"; VariantName = "[No Variations]"
Added Component: Designator=C9(SMT0603/VISHAY)
Add component. Clean all parameters for all variants
Add component (AddParameter): Name = "LatestRevisionDate"; Value = "29-May-2009"; VariantName = "[No Variations]"
Add component (AddParameter): Name = "LatestRevisionNote"; Value = "IPC-7351 Footprint Added."; VariantName = "[No Variations]"
Add component (AddParameter): Name = "PackageDescription"; Value = "Chip Capacitor"; VariantName = "[No Variations]"
Add component (AddParameter): Name = "PackageReference"; Value = "C1206"; VariantName = "[No Variations]"
Add component (AddParameter): Name = "Published"; Value = "8-Jun-2000"; VariantName = "[No Variations]"
Add component (AddParameter): Name = "Publisher"; Value = "Altium Limited"; VariantName = "[No Variations]"
Add component (AddParameter): Name = "Value"; Value = "100nF"; VariantName = "[No Variations]"
Added Component: Designator=C10(SMT0603/VISHAY)
Add component. Clean all parameters for all variants
Add component (AddParameter): Name = "LatestRevisionDate"; Value = "29-May-2009"; VariantName = "[No Variations]"
Add component (AddParameter): Name = "LatestRevisionNote"; Value = "IPC-7351 Footprint Added."; VariantName = "[No Variations]"
Add component (AddParameter): Name = "PackageDescription"; Value = "Chip Capacitor"; VariantName = "[No Variations]"
Add component (AddParameter): Name = "PackageReference"; Value = "C1206"; VariantName = "[No Variations]"
Add component (AddParameter): Name = "Published"; Value = "8-Jun-2000"; VariantName = "[No Variations]"
Add component (AddParameter): Name = "Publisher"; Value = "Altium Limited"; VariantName = "[No Variations]"
Add component (AddParameter): Name = "Value"; Value = "100nF"; VariantName = "[No Variations]"
Added Component: Designator=C11(SMT0603/VISHAY)
Add component. Clean all parameters for all variants
Add component (AddParameter): Name = "LatestRevisionDate"; Value = "29-May-2009"; VariantName = "[No Variations]"
Add component (AddParameter): Name = "LatestRevisionNote"; Value = "IPC-7351 Footprint Added."; VariantName = "[No Variations]"
Add component (AddParameter): Name = "PackageDescription"; Value = "Chip Capacitor"; VariantName = "[No Variations]"
Add component (AddParameter): Name = "PackageReference"; Value = "C1206"; VariantName = "[No Variations]"
Add component (AddParameter): Name = "Published"; Value = "8-Jun-2000"; VariantName = "[No Variations]"
Add component (AddParameter): Name = "Publisher"; Value = "Altium Limited"; VariantName = "[No Variations]"
Add component (AddParameter): Name = "Value"; Value = "100nF"; VariantName = "[No Variations]"
Added Component: Designator=C12(SMT0603/VISHAY)
Add component. Clean all parameters for all variants
Add component (AddParameter): Name = "LatestRevisionDate"; Value = "29-May-2009"; VariantName = "[No Variations]"
Add component (AddParameter): Name = "LatestRevisionNote"; Value = "IPC-7351 Footprint Added."; VariantName = "[No Variations]"
Add component (AddParameter): Name = "PackageDescription"; Value = "Chip Capacitor"; VariantName = "[No Variations]"
Add component (AddParameter): Name = "PackageReference"; Value = "C1206"; VariantName = "[No Variations]"
Add component (AddParameter): Name = "Published"; Value = "8-Jun-2000"; VariantName = "[No Variations]"
Add component (AddParameter): Name = "Publisher"; Value = "Altium Limited"; VariantName = "[No Variations]"
Add component (AddParameter): Name = "Value"; Value = "100nF"; VariantName = "[No Variations]"
Added Component: Designator=C13(SMT0603/VISHAY)
Add component. Clean all parameters for all variants
Add component (AddParameter): Name = "LatestRevisionDate"; Value = "29-May-2009"; VariantName = "[No Variations]"
Add component (AddParameter): Name = "LatestRevisionNote"; Value = "IPC-7351 Footprint Added."; VariantName = "[No Variations]"
Add component (AddParameter): Name = "PackageDescription"; Value = "Chip Capacitor"; VariantName = "[No Variations]"
Add component (AddParameter): Name = "PackageReference"; Value = "C1206"; VariantName = "[No Variations]"
Add component (AddParameter): Name = "Published"; Value = "8-Jun-2000"; VariantName = "[No Variations]"
Add component (AddParameter): Name = "Publisher"; Value = "Altium Limited"; VariantName = "[No Variations]"
Add component (AddParameter): Name = "Value"; Value = "100nF"; VariantName = "[No Variations]"
Added Component: Designator=C14(SMT0603/VISHAY)
Add component. Clean all parameters for all variants
Add component (AddParameter): Name = "LatestRevisionDate"; Value = "29-May-2009"; VariantName = "[No Variations]"
Add component (AddParameter): Name = "LatestRevisionNote"; Value = "IPC-7351 Footprint Added."; VariantName = "[No Variations]"
Add component (AddParameter): Name = "PackageDescription"; Value = "Chip Capacitor"; VariantName = "[No Variations]"
Add component (AddParameter): Name = "PackageReference"; Value = "C1206"; VariantName = "[No Variations]"
Add component (AddParameter): Name = "Published"; Value = "8-Jun-2000"; VariantName = "[No Variations]"
Add component (AddParameter): Name = "Publisher"; Value = "Altium Limited"; VariantName = "[No Variations]"
Add component (AddParameter): Name = "Value"; Value = "100nF"; VariantName = "[No Variations]"
Added Component: Designator=C15(SMT0603/VISHAY)
Add component. Clean all parameters for all variants
Add component (AddParameter): Name = "LatestRevisionDate"; Value = "29-May-2009"; VariantName = "[No Variations]"
Add component (AddParameter): Name = "LatestRevisionNote"; Value = "IPC-7351 Footprint Added."; VariantName = "[No Variations]"
Add component (AddParameter): Name = "PackageDescription"; Value = "Chip Capacitor"; VariantName = "[No Variations]"
Add component (AddParameter): Name = "PackageReference"; Value = "C1206"; VariantName = "[No Variations]"
Add component (AddParameter): Name = "Published"; Value = "8-Jun-2000"; VariantName = "[No Variations]"
Add component (AddParameter): Name = "Publisher"; Value = "Altium Limited"; VariantName = "[No Variations]"
Add component (AddParameter): Name = "Value"; Value = "100nF"; VariantName = "[No Variations]"
Added Component: Designator=C16(SMT0603/VISHAY)
Add component. Clean all parameters for all variants
Add component (AddParameter): Name = "LatestRevisionDate"; Value = "29-May-2009"; VariantName = "[No Variations]"
Add component (AddParameter): Name = "LatestRevisionNote"; Value = "IPC-7351 Footprint Added."; VariantName = "[No Variations]"
Add component (AddParameter): Name = "PackageDescription"; Value = "Chip Capacitor"; VariantName = "[No Variations]"
Add component (AddParameter): Name = "PackageReference"; Value = "C1206"; VariantName = "[No Variations]"
Add component (AddParameter): Name = "Published"; Value = "8-Jun-2000"; VariantName = "[No Variations]"
Add component (AddParameter): Name = "Publisher"; Value = "Altium Limited"; VariantName = "[No Variations]"
Add component (AddParameter): Name = "Value"; Value = "100nF"; VariantName = "[No Variations]"
Added Component: Designator=C17(SMT0603/VISHAY)
Add component. Clean all parameters for all variants
Add component (AddParameter): Name = "LatestRevisionDate"; Value = "29-May-2009"; VariantName = "[No Variations]"
Add component (AddParameter): Name = "LatestRevisionNote"; Value = "IPC-7351 Footprint Added."; VariantName = "[No Variations]"
Add component (AddParameter): Name = "PackageDescription"; Value = "Chip Capacitor"; VariantName = "[No Variations]"
Add component (AddParameter): Name = "PackageReference"; Value = "C1206"; VariantName = "[No Variations]"
Add component (AddParameter): Name = "Published"; Value = "8-Jun-2000"; VariantName = "[No Variations]"
Add component (AddParameter): Name = "Publisher"; Value = "Altium Limited"; VariantName = "[No Variations]"
Add component (AddParameter): Name = "Value"; Value = "100nF"; VariantName = "[No Variations]"
Added Component: Designator=C18(SMT0603/VISHAY)
Add component. Clean all parameters for all variants
Add component (AddParameter): Name = "LatestRevisionDate"; Value = "29-May-2009"; VariantName = "[No Variations]"
Add component (AddParameter): Name = "LatestRevisionNote"; Value = "IPC-7351 Footprint Added."; VariantName = "[No Variations]"
Add component (AddParameter): Name = "PackageDescription"; Value = "Chip Capacitor"; VariantName = "[No Variations]"
Add component (AddParameter): Name = "PackageReference"; Value = "C1206"; VariantName = "[No Variations]"
Add component (AddParameter): Name = "Published"; Value = "8-Jun-2000"; VariantName = "[No Variations]"
Add component (AddParameter): Name = "Publisher"; Value = "Altium Limited"; VariantName = "[No Variations]"
Add component (AddParameter): Name = "Value"; Value = "100nF"; VariantName = "[No Variations]"
Added Component: Designator=C19(SMT0603/VISHAY)
Add component. Clean all parameters for all variants
Add component (AddParameter): Name = "LatestRevisionDate"; Value = "29-May-2009"; VariantName = "[No Variations]"
Add component (AddParameter): Name = "LatestRevisionNote"; Value = "IPC-7351 Footprint Added."; VariantName = "[No Variations]"
Add component (AddParameter): Name = "PackageDescription"; Value = "Chip Capacitor"; VariantName = "[No Variations]"
Add component (AddParameter): Name = "PackageReference"; Value = "C1206"; VariantName = "[No Variations]"
Add component (AddParameter): Name = "Published"; Value = "8-Jun-2000"; VariantName = "[No Variations]"
Add component (AddParameter): Name = "Publisher"; Value = "Altium Limited"; VariantName = "[No Variations]"
Add component (AddParameter): Name = "Value"; Value = "100nF"; VariantName = "[No Variations]"
Added Component: Designator=C20(SMT0603/VISHAY)
Add component. Clean all parameters for all variants
Add component (AddParameter): Name = "LatestRevisionDate"; Value = "29-May-2009"; VariantName = "[No Variations]"
Add component (AddParameter): Name = "LatestRevisionNote"; Value = "IPC-7351 Footprint Added."; VariantName = "[No Variations]"
Add component (AddParameter): Name = "PackageDescription"; Value = "Chip Capacitor"; VariantName = "[No Variations]"
Add component (AddParameter): Name = "PackageReference"; Value = "C1206"; VariantName = "[No Variations]"
Add component (AddParameter): Name = "Published"; Value = "8-Jun-2000"; VariantName = "[No Variations]"
Add component (AddParameter): Name = "Publisher"; Value = "Altium Limited"; VariantName = "[No Variations]"
Add component (AddParameter): Name = "Value"; Value = "100nF"; VariantName = "[No Variations]"
Added Component: Designator=C21(SMT0603/VISHAY)
Add component. Clean all parameters for all variants
Add component (AddParameter): Name = "LatestRevisionDate"; Value = "29-May-2009"; VariantName = "[No Variations]"
Add component (AddParameter): Name = "LatestRevisionNote"; Value = "IPC-7351 Footprint Added."; VariantName = "[No Variations]"
Add component (AddParameter): Name = "PackageDescription"; Value = "Chip Capacitor"; VariantName = "[No Variations]"
Add component (AddParameter): Name = "PackageReference"; Value = "C1206"; VariantName = "[No Variations]"
Add component (AddParameter): Name = "Published"; Value = "8-Jun-2000"; VariantName = "[No Variations]"
Add component (AddParameter): Name = "Publisher"; Value = "Altium Limited"; VariantName = "[No Variations]"
Add component (AddParameter): Name = "Value"; Value = "100nF"; VariantName = "[No Variations]"
Added Component: Designator=C22(SMT0603/VISHAY)
Add component. Clean all parameters for all variants
Add component (AddParameter): Name = "LatestRevisionDate"; Value = "29-May-2009"; VariantName = "[No Variations]"
Add component (AddParameter): Name = "LatestRevisionNote"; Value = "IPC-7351 Footprint Added."; VariantName = "[No Variations]"
Add component (AddParameter): Name = "PackageDescription"; Value = "Chip Capacitor"; VariantName = "[No Variations]"
Add component (AddParameter): Name = "PackageReference"; Value = "C1206"; VariantName = "[No Variations]"
Add component (AddParameter): Name = "Published"; Value = "8-Jun-2000"; VariantName = "[No Variations]"
Add component (AddParameter): Name = "Publisher"; Value = "Altium Limited"; VariantName = "[No Variations]"
Add component (AddParameter): Name = "Value"; Value = "100nF"; VariantName = "[No Variations]"
Added Component: Designator=C23(SMT0603/VISHAY)
Add component. Clean all parameters for all variants
Add component (AddParameter): Name = "LatestRevisionDate"; Value = "29-May-2009"; VariantName = "[No Variations]"
Add component (AddParameter): Name = "LatestRevisionNote"; Value = "IPC-7351 Footprint Added."; VariantName = "[No Variations]"
Add component (AddParameter): Name = "PackageDescription"; Value = "Chip Capacitor"; VariantName = "[No Variations]"
Add component (AddParameter): Name = "PackageReference"; Value = "C1206"; VariantName = "[No Variations]"
Add component (AddParameter): Name = "Published"; Value = "8-Jun-2000"; VariantName = "[No Variations]"
Add component (AddParameter): Name = "Publisher"; Value = "Altium Limited"; VariantName = "[No Variations]"
Add component (AddParameter): Name = "Value"; Value = "100nF"; VariantName = "[No Variations]"
Added Component: Designator=C24(SMT0603/VISHAY)
Add component. Clean all parameters for all variants
Add component (AddParameter): Name = "LatestRevisionDate"; Value = "29-May-2009"; VariantName = "[No Variations]"
Add component (AddParameter): Name = "LatestRevisionNote"; Value = "IPC-7351 Footprint Added."; VariantName = "[No Variations]"
Add component (AddParameter): Name = "PackageDescription"; Value = "Chip Capacitor"; VariantName = "[No Variations]"
Add component (AddParameter): Name = "PackageReference"; Value = "C1206"; VariantName = "[No Variations]"
Add component (AddParameter): Name = "Published"; Value = "8-Jun-2000"; VariantName = "[No Variations]"
Add component (AddParameter): Name = "Publisher"; Value = "Altium Limited"; VariantName = "[No Variations]"
Add component (AddParameter): Name = "Value"; Value = "100nF"; VariantName = "[No Variations]"
Added Component: Designator=C25(SMT0603/VISHAY)
Add component. Clean all parameters for all variants
Add component (AddParameter): Name = "LatestRevisionDate"; Value = "29-May-2009"; VariantName = "[No Variations]"
Add component (AddParameter): Name = "LatestRevisionNote"; Value = "IPC-7351 Footprint Added."; VariantName = "[No Variations]"
Add component (AddParameter): Name = "PackageDescription"; Value = "Chip Capacitor"; VariantName = "[No Variations]"
Add component (AddParameter): Name = "PackageReference"; Value = "C1206"; VariantName = "[No Variations]"
Add component (AddParameter): Name = "Published"; Value = "8-Jun-2000"; VariantName = "[No Variations]"
Add component (AddParameter): Name = "Publisher"; Value = "Altium Limited"; VariantName = "[No Variations]"
Add component (AddParameter): Name = "Value"; Value = "100nF"; VariantName = "[No Variations]"
Added Component: Designator=C26(2220)
Add component. Clean all parameters for all variants
Add component (AddParameter): Name = "LatestRevisionDate"; Value = "29-May-2009"; VariantName = "[No Variations]"
Add component (AddParameter): Name = "LatestRevisionNote"; Value = "IPC-7351 Footprint Added."; VariantName = "[No Variations]"
Add component (AddParameter): Name = "PackageDescription"; Value = "Chip Capacitor"; VariantName = "[No Variations]"
Add component (AddParameter): Name = "PackageReference"; Value = "C1206"; VariantName = "[No Variations]"
Add component (AddParameter): Name = "Published"; Value = "8-Jun-2000"; VariantName = "[No Variations]"
Add component (AddParameter): Name = "Publisher"; Value = "Altium Limited"; VariantName = "[No Variations]"
Add component (AddParameter): Name = "Value"; Value = "100nF"; VariantName = "[No Variations]"
Added Component: Designator=C27(2220)
Add component. Clean all parameters for all variants
Add component (AddParameter): Name = "LatestRevisionDate"; Value = "29-May-2009"; VariantName = "[No Variations]"
Add component (AddParameter): Name = "LatestRevisionNote"; Value = "IPC-7351 Footprint Added."; VariantName = "[No Variations]"
Add component (AddParameter): Name = "PackageDescription"; Value = "Chip Capacitor"; VariantName = "[No Variations]"
Add component (AddParameter): Name = "PackageReference"; Value = "C1206"; VariantName = "[No Variations]"
Add component (AddParameter): Name = "Published"; Value = "8-Jun-2000"; VariantName = "[No Variations]"
Add component (AddParameter): Name = "Publisher"; Value = "Altium Limited"; VariantName = "[No Variations]"
Add component (AddParameter): Name = "Value"; Value = "100nF"; VariantName = "[No Variations]"
Added Component: Designator=C28(SMT0603/VISHAY)
Add component. Clean all parameters for all variants
Add component (AddParameter): Name = "LatestRevisionDate"; Value = "29-May-2009"; VariantName = "[No Variations]"
Add component (AddParameter): Name = "LatestRevisionNote"; Value = "IPC-7351 Footprint Added."; VariantName = "[No Variations]"
Add component (AddParameter): Name = "PackageDescription"; Value = "Chip Capacitor"; VariantName = "[No Variations]"
Add component (AddParameter): Name = "PackageReference"; Value = "C1206"; VariantName = "[No Variations]"
Add component (AddParameter): Name = "Published"; Value = "8-Jun-2000"; VariantName = "[No Variations]"
Add component (AddParameter): Name = "Publisher"; Value = "Altium Limited"; VariantName = "[No Variations]"
Add component (AddParameter): Name = "Value"; Value = "100nF"; VariantName = "[No Variations]"
Added Component: Designator=C29(SMT0603/VISHAY)
Add component. Clean all parameters for all variants
Add component (AddParameter): Name = "LatestRevisionDate"; Value = "29-May-2009"; VariantName = "[No Variations]"
Add component (AddParameter): Name = "LatestRevisionNote"; Value = "IPC-7351 Footprint Added."; VariantName = "[No Variations]"
Add component (AddParameter): Name = "PackageDescription"; Value = "Chip Capacitor"; VariantName = "[No Variations]"
Add component (AddParameter): Name = "PackageReference"; Value = "C1206"; VariantName = "[No Variations]"
Add component (AddParameter): Name = "Published"; Value = "8-Jun-2000"; VariantName = "[No Variations]"
Add component (AddParameter): Name = "Publisher"; Value = "Altium Limited"; VariantName = "[No Variations]"
Add component (AddParameter): Name = "Value"; Value = "100nF"; VariantName = "[No Variations]"
Added Component: Designator=C30(SMT0603/VISHAY)
Add component. Clean all parameters for all variants
Add component (AddParameter): Name = "LatestRevisionDate"; Value = "29-May-2009"; VariantName = "[No Variations]"
Add component (AddParameter): Name = "LatestRevisionNote"; Value = "IPC-7351 Footprint Added."; VariantName = "[No Variations]"
Add component (AddParameter): Name = "PackageDescription"; Value = "Chip Capacitor"; VariantName = "[No Variations]"
Add component (AddParameter): Name = "PackageReference"; Value = "C1206"; VariantName = "[No Variations]"
Add component (AddParameter): Name = "Published"; Value = "8-Jun-2000"; VariantName = "[No Variations]"
Add component (AddParameter): Name = "Publisher"; Value = "Altium Limited"; VariantName = "[No Variations]"
Add component (AddParameter): Name = "Value"; Value = "100nF"; VariantName = "[No Variations]"
Added Component: Designator=C31(SMT0603/VISHAY)
Add component. Clean all parameters for all variants
Add component (AddParameter): Name = "LatestRevisionDate"; Value = "29-May-2009"; VariantName = "[No Variations]"
Add component (AddParameter): Name = "LatestRevisionNote"; Value = "IPC-7351 Footprint Added."; VariantName = "[No Variations]"
Add component (AddParameter): Name = "PackageDescription"; Value = "Chip Capacitor"; VariantName = "[No Variations]"
Add component (AddParameter): Name = "PackageReference"; Value = "C1206"; VariantName = "[No Variations]"
Add component (AddParameter): Name = "Published"; Value = "8-Jun-2000"; VariantName = "[No Variations]"
Add component (AddParameter): Name = "Publisher"; Value = "Altium Limited"; VariantName = "[No Variations]"
Add component (AddParameter): Name = "Value"; Value = "100nF"; VariantName = "[No Variations]"
Added Component: Designator=C32(SMT0603/VISHAY)
Add component. Clean all parameters for all variants
Add component (AddParameter): Name = "LatestRevisionDate"; Value = "29-May-2009"; VariantName = "[No Variations]"
Add component (AddParameter): Name = "LatestRevisionNote"; Value = "IPC-7351 Footprint Added."; VariantName = "[No Variations]"
Add component (AddParameter): Name = "PackageDescription"; Value = "Chip Capacitor"; VariantName = "[No Variations]"
Add component (AddParameter): Name = "PackageReference"; Value = "C1206"; VariantName = "[No Variations]"
Add component (AddParameter): Name = "Published"; Value = "8-Jun-2000"; VariantName = "[No Variations]"
Add component (AddParameter): Name = "Publisher"; Value = "Altium Limited"; VariantName = "[No Variations]"
Add component (AddParameter): Name = "Value"; Value = "100nF"; VariantName = "[No Variations]"
Added Component: Designator=C33(SMT0603/VISHAY)
Add component. Clean all parameters for all variants
Add component (AddParameter): Name = "LatestRevisionDate"; Value = "29-May-2009"; VariantName = "[No Variations]"
Add component (AddParameter): Name = "LatestRevisionNote"; Value = "IPC-7351 Footprint Added."; VariantName = "[No Variations]"
Add component (AddParameter): Name = "PackageDescription"; Value = "Chip Capacitor"; VariantName = "[No Variations]"
Add component (AddParameter): Name = "PackageReference"; Value = "C1206"; VariantName = "[No Variations]"
Add component (AddParameter): Name = "Published"; Value = "8-Jun-2000"; VariantName = "[No Variations]"
Add component (AddParameter): Name = "Publisher"; Value = "Altium Limited"; VariantName = "[No Variations]"
Add component (AddParameter): Name = "Value"; Value = "100nF"; VariantName = "[No Variations]"
Added Component: Designator=C34(SMT0603/VISHAY)
Add component. Clean all parameters for all variants
Add component (AddParameter): Name = "LatestRevisionDate"; Value = "29-May-2009"; VariantName = "[No Variations]"
Add component (AddParameter): Name = "LatestRevisionNote"; Value = "IPC-7351 Footprint Added."; VariantName = "[No Variations]"
Add component (AddParameter): Name = "PackageDescription"; Value = "Chip Capacitor"; VariantName = "[No Variations]"
Add component (AddParameter): Name = "PackageReference"; Value = "C1206"; VariantName = "[No Variations]"
Add component (AddParameter): Name = "Published"; Value = "8-Jun-2000"; VariantName = "[No Variations]"
Add component (AddParameter): Name = "Publisher"; Value = "Altium Limited"; VariantName = "[No Variations]"
Add component (AddParameter): Name = "Value"; Value = "100nF"; VariantName = "[No Variations]"
Added Component: Designator=CON1(JST_GH-4P-RA)
Add component. Clean all parameters for all variants
Add component (AddParameter): Name = "DIGIKEY#"; Value = "WM4948CT-ND"; VariantName = "[No Variations]"
Add component (AddParameter): Name = "MANF"; Value = "Molex"; VariantName = "[No Variations]"
Add component (AddParameter): Name = "MANF#"; Value = "5023860470"; VariantName = "[No Variations]"
Added Component: Designator=CON2(HIROSE DF13-6P-1.25H)
Add component. Clean all parameters for all variants
Add component (AddParameter): Name = "DIGIKEY#"; Value = "455-1806-1-ND"; VariantName = "[No Variations]"
Add component (AddParameter): Name = "MANF"; Value = "JST Sales America Inc"; VariantName = "[No Variations]"
Add component (AddParameter): Name = "MANF#"; Value = "SM06B-SRSS-TB(LF)(SN)"; VariantName = "[No Variations]"
Added Component: Designator=CON201(JST_GH-4P-RA)
Add component. Clean all parameters for all variants
Add component (AddParameter): Name = "DIGIKEY#"; Value = "WM4948CT-ND"; VariantName = "[No Variations]"
Add component (AddParameter): Name = "MANF"; Value = "Molex"; VariantName = "[No Variations]"
Add component (AddParameter): Name = "MANF#"; Value = "5023860470"; VariantName = "[No Variations]"
Added Component: Designator=CON202(JST_GH-4P-RA)
Add component. Clean all parameters for all variants
Add component (AddParameter): Name = "DIGIKEY#"; Value = "WM4948CT-ND"; VariantName = "[No Variations]"
Add component (AddParameter): Name = "MANF"; Value = "Molex"; VariantName = "[No Variations]"
Add component (AddParameter): Name = "MANF#"; Value = "5023860470"; VariantName = "[No Variations]"
Added Component: Designator=CON203(JST_GH-4P-RA)
Add component. Clean all parameters for all variants
Add component (AddParameter): Name = "DIGIKEY#"; Value = "WM4948CT-ND"; VariantName = "[No Variations]"
Add component (AddParameter): Name = "MANF"; Value = "Molex"; VariantName = "[No Variations]"
Add component (AddParameter): Name = "MANF#"; Value = "5023860470"; VariantName = "[No Variations]"
Added Component: Designator=CON204(JST_GH-4P-RA)
Add component. Clean all parameters for all variants
Add component (AddParameter): Name = "DIGIKEY#"; Value = "WM4948CT-ND"; VariantName = "[No Variations]"
Add component (AddParameter): Name = "MANF"; Value = "Molex"; VariantName = "[No Variations]"
Add component (AddParameter): Name = "MANF#"; Value = "5023860470"; VariantName = "[No Variations]"
Added Component: Designator=D1(SMC)
Add component. Clean all parameters for all variants
Added Component: Designator=D2(3.2x1.6x1.1)
Add component. Clean all parameters for all variants
Add component (AddParameter): Name = "Author"; Value = "CERN DEM JLC"; VariantName = "[No Variations]"
Add component (AddParameter): Name = "Case"; Value = "SOD-80C"; VariantName = "[No Variations]"
Add component (AddParameter): Name = "ComponentHeight"; Value = "1.6mm"; VariantName = "[No Variations]"
Add component (AddParameter): Name = "Component Type"; Value = "Standard"; VariantName = "[No Variations]"
Add component (AddParameter): Name = "CreateDate"; Value = "06/05/2008"; VariantName = "[No Variations]"
Add component (AddParameter): Name = "Device"; Value = "BZV55-B13"; VariantName = "[No Variations]"
Add component (AddParameter): Name = "HelpURL"; Value = "\\cern.ch\dfs\Applications\Altium\Datasheets\BZV55.pdf"; VariantName = "[No Variations]"
Add component (AddParameter): Name = "LatestRevisionDate"; Value = "06/05/2008"; VariantName = "[No Variations]"
Add component (AddParameter): Name = "Manufacturer"; Value = "NXP SEMICONDUCTORS"; VariantName = "[No Variations]"
Add component (AddParameter): Name = "Manufacturer Part Number"; Value = "BZV55-B13"; VariantName = "[No Variations]"
Add component (AddParameter): Name = "Mounted"; Value = "Yes"; VariantName = "[No Variations]"
Add component (AddParameter): Name = "PackageDescription"; Value = "SOD80C, MELF Diode, 2-Leads, Body 3.5x1.5mm, IPC Medium Density"; VariantName = "[No Variations]"
Add component (AddParameter): Name = "Part Description"; Value = "Voltage Regulator Diode"; VariantName = "[No Variations]"
Add component (AddParameter): Name = "Part Number"; Value = "BZV55-B13"; VariantName = "[No Variations]"
Add component (AddParameter): Name = "Pin Count"; Value = "2"; VariantName = "[No Variations]"
Add component (AddParameter): Name = "Power"; Value = "500mW"; VariantName = "[No Variations]"
Add component (AddParameter): Name = "SMD"; Value = "Yes"; VariantName = "[No Variations]"
Add component (AddParameter): Name = "Socket"; Value = "No"; VariantName = "[No Variations]"
Add component (AddParameter): Name = "Table"; Value = "Diodes"; VariantName = "[No Variations]"
Add component (AddParameter): Name = "Voltage"; Value = "13V"; VariantName = "[No Variations]"
Added Component: Designator=D3(3.2x1.6x1.1)
Add component. Clean all parameters for all variants
Add component (AddParameter): Name = "Author"; Value = "CERN DEM JLC"; VariantName = "[No Variations]"
Add component (AddParameter): Name = "Case"; Value = "SOD-80C"; VariantName = "[No Variations]"
Add component (AddParameter): Name = "ComponentHeight"; Value = "1.6mm"; VariantName = "[No Variations]"
Add component (AddParameter): Name = "Component Type"; Value = "Standard"; VariantName = "[No Variations]"
Add component (AddParameter): Name = "CreateDate"; Value = "06/05/2008"; VariantName = "[No Variations]"
Add component (AddParameter): Name = "Device"; Value = "BZV55-B13"; VariantName = "[No Variations]"
Add component (AddParameter): Name = "HelpURL"; Value = "\\cern.ch\dfs\Applications\Altium\Datasheets\BZV55.pdf"; VariantName = "[No Variations]"
Add component (AddParameter): Name = "LatestRevisionDate"; Value = "06/05/2008"; VariantName = "[No Variations]"
Add component (AddParameter): Name = "Manufacturer"; Value = "NXP SEMICONDUCTORS"; VariantName = "[No Variations]"
Add component (AddParameter): Name = "Manufacturer Part Number"; Value = "BZV55-B13"; VariantName = "[No Variations]"
Add component (AddParameter): Name = "Mounted"; Value = "Yes"; VariantName = "[No Variations]"
Add component (AddParameter): Name = "PackageDescription"; Value = "SOD80C, MELF Diode, 2-Leads, Body 3.5x1.5mm, IPC Medium Density"; VariantName = "[No Variations]"
Add component (AddParameter): Name = "Part Description"; Value = "Voltage Regulator Diode"; VariantName = "[No Variations]"
Add component (AddParameter): Name = "Part Number"; Value = "BZV55-B13"; VariantName = "[No Variations]"
Add component (AddParameter): Name = "Pin Count"; Value = "2"; VariantName = "[No Variations]"
Add component (AddParameter): Name = "Power"; Value = "500mW"; VariantName = "[No Variations]"
Add component (AddParameter): Name = "SMD"; Value = "Yes"; VariantName = "[No Variations]"
Add component (AddParameter): Name = "Socket"; Value = "No"; VariantName = "[No Variations]"
Add component (AddParameter): Name = "Table"; Value = "Diodes"; VariantName = "[No Variations]"
Add component (AddParameter): Name = "Voltage"; Value = "13V"; VariantName = "[No Variations]"
Added Component: Designator=D4(3.2x1.6x1.1)
Add component. Clean all parameters for all variants
Add component (AddParameter): Name = "Author"; Value = "CERN DEM JLC"; VariantName = "[No Variations]"
Add component (AddParameter): Name = "Case"; Value = "SOD-80C"; VariantName = "[No Variations]"
Add component (AddParameter): Name = "ComponentHeight"; Value = "1.6mm"; VariantName = "[No Variations]"
Add component (AddParameter): Name = "Component Type"; Value = "Standard"; VariantName = "[No Variations]"
Add component (AddParameter): Name = "CreateDate"; Value = "06/05/2008"; VariantName = "[No Variations]"
Add component (AddParameter): Name = "Device"; Value = "BZV55-B13"; VariantName = "[No Variations]"
Add component (AddParameter): Name = "HelpURL"; Value = "\\cern.ch\dfs\Applications\Altium\Datasheets\BZV55.pdf"; VariantName = "[No Variations]"
Add component (AddParameter): Name = "LatestRevisionDate"; Value = "06/05/2008"; VariantName = "[No Variations]"
Add component (AddParameter): Name = "Manufacturer"; Value = "NXP SEMICONDUCTORS"; VariantName = "[No Variations]"
Add component (AddParameter): Name = "Manufacturer Part Number"; Value = "BZV55-B13"; VariantName = "[No Variations]"
Add component (AddParameter): Name = "Mounted"; Value = "Yes"; VariantName = "[No Variations]"
Add component (AddParameter): Name = "PackageDescription"; Value = "SOD80C, MELF Diode, 2-Leads, Body 3.5x1.5mm, IPC Medium Density"; VariantName = "[No Variations]"
Add component (AddParameter): Name = "Part Description"; Value = "Voltage Regulator Diode"; VariantName = "[No Variations]"
Add component (AddParameter): Name = "Part Number"; Value = "BZV55-B13"; VariantName = "[No Variations]"
Add component (AddParameter): Name = "Pin Count"; Value = "2"; VariantName = "[No Variations]"
Add component (AddParameter): Name = "Power"; Value = "500mW"; VariantName = "[No Variations]"
Add component (AddParameter): Name = "SMD"; Value = "Yes"; VariantName = "[No Variations]"
Add component (AddParameter): Name = "Socket"; Value = "No"; VariantName = "[No Variations]"
Add component (AddParameter): Name = "Table"; Value = "Diodes"; VariantName = "[No Variations]"
Add component (AddParameter): Name = "Voltage"; Value = "13V"; VariantName = "[No Variations]"
Added Component: Designator=DA1(D8_L_G)
Add component. Clean all parameters for all variants
Added Component: Designator=IC200(SOIC8)
Add component. Clean all parameters for all variants
Add component (AddParameter): Name = "DIGIKEY#"; Value = "296-26344-1-ND"; VariantName = "[No Variations]"
Add component (AddParameter): Name = "MANF"; Value = "Texas Instruments"; VariantName = "[No Variations]"
Add component (AddParameter): Name = "MANF#"; Value = "SN65HVD232DR"; VariantName = "[No Variations]"
Add component (AddParameter): Name = "SN65HVD232"; Value = "SN65HVD232"; VariantName = "[No Variations]"
Added Component: Designator=IC201(TQFP64-10X10)
Add component. Clean all parameters for all variants
Add component (AddParameter): Name = "DIGIKEY#"; Value = "497-8918-ND"; VariantName = "[No Variations]"
Add component (AddParameter): Name = "MANF"; Value = "STMicroelectronics"; VariantName = "[No Variations]"
Add component (AddParameter): Name = "MANF#"; Value = "STM32F105RCT6"; VariantName = "[No Variations]"
Add component (AddParameter): Name = "OPERATING_TEMP"; Value = "-40°C ~ 105°C (TA)"; VariantName = "[No Variations]"
Add component (AddParameter): Name = "STM32F105"; Value = "STM32F105"; VariantName = "[No Variations]"
Added Component: Designator=IC202(SOIC8)
Add component. Clean all parameters for all variants
Add component (AddParameter): Name = "DIGIKEY#"; Value = "296-26344-1-ND"; VariantName = "[No Variations]"
Add component (AddParameter): Name = "MANF"; Value = "Texas Instruments"; VariantName = "[No Variations]"
Add component (AddParameter): Name = "MANF#"; Value = "SN65HVD232DR"; VariantName = "[No Variations]"
Add component (AddParameter): Name = "SN65HVD232"; Value = "SN65HVD232"; VariantName = "[No Variations]"
Added Component: Designator=IC203(TSSOP8)
Add component. Clean all parameters for all variants
Add component (AddParameter): Name = "DIGIKEY#"; Value = "568-4768-1-ND"; VariantName = "[No Variations]"
Add component (AddParameter): Name = "LM75"; Value = "LM75"; VariantName = "[No Variations]"
Add component (AddParameter): Name = "MANF"; Value = "NXP Semiconductors"; VariantName = "[No Variations]"
Add component (AddParameter): Name = "MANF#"; Value = "LM75BDP,118"; VariantName = "[No Variations]"
Added Component: Designator=L1(Inductor)
Add component. Clean all parameters for all variants
Add component (AddParameter): Name = "DIGIKEY#"; Value = ""; VariantName = "[No Variations]"
Add component (AddParameter): Name = "MANF#"; Value = ""; VariantName = "[No Variations]"
Added Component: Designator=L2(0805)
Add component. Clean all parameters for all variants
Add component (AddParameter): Name = "Code_IEC"; Value = "1005"; VariantName = "[No Variations]"
Add component (AddParameter): Name = "Code_JEITA"; Value = "0402"; VariantName = "[No Variations]"
Add component (AddParameter): Name = "LatestRevisionDate"; Value = "29-May-2009"; VariantName = "[No Variations]"
Add component (AddParameter): Name = "LatestRevisionNote"; Value = "IPC-7351 Footprint Added."; VariantName = "[No Variations]"
Add component (AddParameter): Name = "PackageDescription"; Value = "Chip Inductor"; VariantName = "[No Variations]"
Add component (AddParameter): Name = "PackageReference"; Value = "0402-A"; VariantName = "[No Variations]"
Add component (AddParameter): Name = "Published"; Value = "8-Jun-2000"; VariantName = "[No Variations]"
Add component (AddParameter): Name = "Publisher"; Value = "Altium Limited"; VariantName = "[No Variations]"
Add component (AddParameter): Name = "Value"; Value = "2.2uH"; VariantName = "[No Variations]"
Added Component: Designator=L3(0805)
Add component. Clean all parameters for all variants
Add component (AddParameter): Name = "Code_IEC"; Value = "1005"; VariantName = "[No Variations]"
Add component (AddParameter): Name = "Code_JEITA"; Value = "0402"; VariantName = "[No Variations]"
Add component (AddParameter): Name = "LatestRevisionDate"; Value = "29-May-2009"; VariantName = "[No Variations]"
Add component (AddParameter): Name = "LatestRevisionNote"; Value = "IPC-7351 Footprint Added."; VariantName = "[No Variations]"
Add component (AddParameter): Name = "PackageDescription"; Value = "Chip Inductor"; VariantName = "[No Variations]"
Add component (AddParameter): Name = "PackageReference"; Value = "0402-A"; VariantName = "[No Variations]"
Add component (AddParameter): Name = "Published"; Value = "8-Jun-2000"; VariantName = "[No Variations]"
Add component (AddParameter): Name = "Publisher"; Value = "Altium Limited"; VariantName = "[No Variations]"
Add component (AddParameter): Name = "Value"; Value = "22uH"; VariantName = "[No Variations]"
Added Component: Designator=L4(0805)
Add component. Clean all parameters for all variants
Add component (AddParameter): Name = "Code_IEC"; Value = "1005"; VariantName = "[No Variations]"
Add component (AddParameter): Name = "Code_JEITA"; Value = "0402"; VariantName = "[No Variations]"
Add component (AddParameter): Name = "LatestRevisionDate"; Value = "29-May-2009"; VariantName = "[No Variations]"
Add component (AddParameter): Name = "LatestRevisionNote"; Value = "IPC-7351 Footprint Added."; VariantName = "[No Variations]"
Add component (AddParameter): Name = "PackageDescription"; Value = "Chip Inductor"; VariantName = "[No Variations]"
Add component (AddParameter): Name = "PackageReference"; Value = "0402-A"; VariantName = "[No Variations]"
Add component (AddParameter): Name = "Published"; Value = "8-Jun-2000"; VariantName = "[No Variations]"
Add component (AddParameter): Name = "Publisher"; Value = "Altium Limited"; VariantName = "[No Variations]"
Add component (AddParameter): Name = "Value"; Value = "22uH"; VariantName = "[No Variations]"
Added Component: Designator=P1(HDR1X2)
Add component. Clean all parameters for all variants
Add component (AddParameter): Name = "LatestRevisionDate"; Value = "17-Jul-2002"; VariantName = "[No Variations]"
Add component (AddParameter): Name = "LatestRevisionNote"; Value = "Re-released for DXP Platform."; VariantName = "[No Variations]"
Add component (AddParameter): Name = "Publisher"; Value = "Altium Limited"; VariantName = "[No Variations]"
Added Component: Designator=P2(HDR1X3)
Add component. Clean all parameters for all variants
Add component (AddParameter): Name = "LatestRevisionDate"; Value = "17-Jul-2002"; VariantName = "[No Variations]"
Add component (AddParameter): Name = "LatestRevisionNote"; Value = "Re-released for DXP Platform."; VariantName = "[No Variations]"
Add component (AddParameter): Name = "Publisher"; Value = "Altium Limited"; VariantName = "[No Variations]"
Added Component: Designator=P3(HDR1X4)
Add component. Clean all parameters for all variants
Add component (AddParameter): Name = "LatestRevisionDate"; Value = "17-Jul-2002"; VariantName = "[No Variations]"
Add component (AddParameter): Name = "LatestRevisionNote"; Value = "Re-released for DXP Platform."; VariantName = "[No Variations]"
Add component (AddParameter): Name = "Publisher"; Value = "Altium Limited"; VariantName = "[No Variations]"
Added Component: Designator=P4(HDR1X2)
Add component. Clean all parameters for all variants
Add component (AddParameter): Name = "LatestRevisionDate"; Value = "17-Jul-2002"; VariantName = "[No Variations]"
Add component (AddParameter): Name = "LatestRevisionNote"; Value = "Re-released for DXP Platform."; VariantName = "[No Variations]"
Add component (AddParameter): Name = "Publisher"; Value = "Altium Limited"; VariantName = "[No Variations]"
Added Component: Designator=P5(HDR1X2)
Add component. Clean all parameters for all variants
Add component (AddParameter): Name = "LatestRevisionDate"; Value = "17-Jul-2002"; VariantName = "[No Variations]"
Add component (AddParameter): Name = "LatestRevisionNote"; Value = "Re-released for DXP Platform."; VariantName = "[No Variations]"
Add component (AddParameter): Name = "Publisher"; Value = "Altium Limited"; VariantName = "[No Variations]"
Added Component: Designator=P6(HDR1X3)
Add component. Clean all parameters for all variants
Add component (AddParameter): Name = "LatestRevisionDate"; Value = "17-Jul-2002"; VariantName = "[No Variations]"
Add component (AddParameter): Name = "LatestRevisionNote"; Value = "Re-released for DXP Platform."; VariantName = "[No Variations]"
Add component (AddParameter): Name = "Publisher"; Value = "Altium Limited"; VariantName = "[No Variations]"
Added Component: Designator=P7(HDR1X3)
Add component. Clean all parameters for all variants
Add component (AddParameter): Name = "LatestRevisionDate"; Value = "17-Jul-2002"; VariantName = "[No Variations]"
Add component (AddParameter): Name = "LatestRevisionNote"; Value = "Re-released for DXP Platform."; VariantName = "[No Variations]"
Add component (AddParameter): Name = "Publisher"; Value = "Altium Limited"; VariantName = "[No Variations]"
Added Component: Designator=P8(JST_ZH_6)
Add component. Clean all parameters for all variants
Add component (AddParameter): Name = "LatestRevisionDate"; Value = "17-Jul-2002"; VariantName = "[No Variations]"
Add component (AddParameter): Name = "LatestRevisionNote"; Value = "Re-released for DXP Platform."; VariantName = "[No Variations]"
Add component (AddParameter): Name = "Publisher"; Value = "Altium Limited"; VariantName = "[No Variations]"
Added Component: Designator=Q1(SOT-23_N)
Add component. Clean all parameters for all variants
Add component (AddParameter): Name = "ComponentLink1Description"; Value = "Manufacturer Link"; VariantName = "[No Variations]"
Add component (AddParameter): Name = "ComponentLink1URL"; Value = "http://www.fairchildsemi.com/"; VariantName = "[No Variations]"
Add component (AddParameter): Name = "ComponentLink2Description"; Value = "Datasheet"; VariantName = "[No Variations]"
Add component (AddParameter): Name = "ComponentLink2URL"; Value = "http://www.fairchildsemi.com/ds/2N%2F2N3904.pdf"; VariantName = "[No Variations]"
Add component (AddParameter): Name = "DatasheetVersion"; Value = "1997"; VariantName = "[No Variations]"
Add component (AddParameter): Name = "LatestRevisionDate"; Value = "15-Jan-2003"; VariantName = "[No Variations]"
Add component (AddParameter): Name = "LatestRevisionNote"; Value = "PCB Footprint 'BCY-W3/D4.7' replaced"; VariantName = "[No Variations]"
Add component (AddParameter): Name = "PackageDescription"; Value = "TO, Flat Index; 3 In-Line, Axial Leads; Body Dia. 4.5mm; Leads 0.51 x 0.48 mm (max)"; VariantName = "[No Variations]"
Add component (AddParameter): Name = "PackageReference"; Value = "TO-92A"; VariantName = "[No Variations]"
Add component (AddParameter): Name = "PackageVersion"; Value = "Sep-1998"; VariantName = "[No Variations]"
Add component (AddParameter): Name = "Published"; Value = "8-Jun-2000"; VariantName = "[No Variations]"
Add component (AddParameter): Name = "Publisher"; Value = "Altium Limited"; VariantName = "[No Variations]"
Added Component: Designator=R1(14-1210)
Add component. Clean all parameters for all variants
Add component (AddParameter): Name = "LatestRevisionDate"; Value = "29-May-2009"; VariantName = "[No Variations]"
Add component (AddParameter): Name = "LatestRevisionNote"; Value = "IPC-7351 Footprint Added."; VariantName = "[No Variations]"
Add component (AddParameter): Name = "PackageDescription"; Value = "Chip Resistor"; VariantName = "[No Variations]"
Add component (AddParameter): Name = "PackageReference"; Value = "J1-0603"; VariantName = "[No Variations]"
Add component (AddParameter): Name = "Published"; Value = "8-Jun-2000"; VariantName = "[No Variations]"
Add component (AddParameter): Name = "Publisher"; Value = "Altium Limited"; VariantName = "[No Variations]"
Add component (AddParameter): Name = "Value"; Value = "0R"; VariantName = "[No Variations]"
Added Component: Designator=R2(SMT0603/VISHAY)
Add component. Clean all parameters for all variants
Add component (AddParameter): Name = "DIGIKEY#"; Value = ""; VariantName = "[No Variations]"
Add component (AddParameter): Name = "MANF#"; Value = ""; VariantName = "[No Variations]"
Added Component: Designator=R3(SMT0603/VISHAY)
Add component. Clean all parameters for all variants
Add component (AddParameter): Name = "DIGIKEY#"; Value = ""; VariantName = "[No Variations]"
Add component (AddParameter): Name = "MANF#"; Value = ""; VariantName = "[No Variations]"
Added Component: Designator=R4(SMT0603/VISHAY)
Add component. Clean all parameters for all variants
Add component (AddParameter): Name = "DIGIKEY#"; Value = ""; VariantName = "[No Variations]"
Add component (AddParameter): Name = "MANF#"; Value = ""; VariantName = "[No Variations]"
Added Component: Designator=R5(SMT0603/VISHAY)
Add component. Clean all parameters for all variants
Add component (AddParameter): Name = "DIGIKEY#"; Value = ""; VariantName = "[No Variations]"
Add component (AddParameter): Name = "MANF#"; Value = ""; VariantName = "[No Variations]"
Added Component: Designator=R6(SMT0603/VISHAY)
Add component. Clean all parameters for all variants
Add component (AddParameter): Name = "DIGIKEY#"; Value = ""; VariantName = "[No Variations]"
Add component (AddParameter): Name = "MANF#"; Value = ""; VariantName = "[No Variations]"
Added Component: Designator=R7(SMT0603/VISHAY)
Add component. Clean all parameters for all variants
Add component (AddParameter): Name = "DIGIKEY#"; Value = ""; VariantName = "[No Variations]"
Add component (AddParameter): Name = "MANF#"; Value = ""; VariantName = "[No Variations]"
Added Component: Designator=R8(SMT0603/VISHAY)
Add component. Clean all parameters for all variants
Add component (AddParameter): Name = "LatestRevisionDate"; Value = "29-May-2009"; VariantName = "[No Variations]"
Add component (AddParameter): Name = "LatestRevisionNote"; Value = "IPC-7351 Footprint Added."; VariantName = "[No Variations]"
Add component (AddParameter): Name = "PackageDescription"; Value = "Chip Resistor"; VariantName = "[No Variations]"
Add component (AddParameter): Name = "PackageReference"; Value = "J1-0603"; VariantName = "[No Variations]"
Add component (AddParameter): Name = "Published"; Value = "8-Jun-2000"; VariantName = "[No Variations]"
Add component (AddParameter): Name = "Publisher"; Value = "Altium Limited"; VariantName = "[No Variations]"
Added Component: Designator=R9(SMT0603/VISHAY)
Add component. Clean all parameters for all variants
Add component (AddParameter): Name = "LatestRevisionDate"; Value = "29-May-2009"; VariantName = "[No Variations]"
Add component (AddParameter): Name = "LatestRevisionNote"; Value = "IPC-7351 Footprint Added."; VariantName = "[No Variations]"
Add component (AddParameter): Name = "PackageDescription"; Value = "Chip Resistor"; VariantName = "[No Variations]"
Add component (AddParameter): Name = "PackageReference"; Value = "J1-0603"; VariantName = "[No Variations]"
Add component (AddParameter): Name = "Published"; Value = "8-Jun-2000"; VariantName = "[No Variations]"
Add component (AddParameter): Name = "Publisher"; Value = "Altium Limited"; VariantName = "[No Variations]"
Add component (AddParameter): Name = "Value"; Value = "330R"; VariantName = "[No Variations]"
Added Component: Designator=R10(SMT0603/VISHAY)
Add component. Clean all parameters for all variants
Add component (AddParameter): Name = "LatestRevisionDate"; Value = "29-May-2009"; VariantName = "[No Variations]"
Add component (AddParameter): Name = "LatestRevisionNote"; Value = "IPC-7351 Footprint Added."; VariantName = "[No Variations]"
Add component (AddParameter): Name = "PackageDescription"; Value = "Chip Resistor"; VariantName = "[No Variations]"
Add component (AddParameter): Name = "PackageReference"; Value = "J1-0603"; VariantName = "[No Variations]"
Add component (AddParameter): Name = "Published"; Value = "8-Jun-2000"; VariantName = "[No Variations]"
Add component (AddParameter): Name = "Publisher"; Value = "Altium Limited"; VariantName = "[No Variations]"
Add component (AddParameter): Name = "Value"; Value = "20k"; VariantName = "[No Variations]"
Added Component: Designator=R11(SMT0603/VISHAY)
Add component. Clean all parameters for all variants
Add component (AddParameter): Name = "LatestRevisionDate"; Value = "29-May-2009"; VariantName = "[No Variations]"
Add component (AddParameter): Name = "LatestRevisionNote"; Value = "IPC-7351 Footprint Added."; VariantName = "[No Variations]"
Add component (AddParameter): Name = "PackageDescription"; Value = "Chip Resistor"; VariantName = "[No Variations]"
Add component (AddParameter): Name = "PackageReference"; Value = "J1-0603"; VariantName = "[No Variations]"
Add component (AddParameter): Name = "Published"; Value = "8-Jun-2000"; VariantName = "[No Variations]"
Add component (AddParameter): Name = "Publisher"; Value = "Altium Limited"; VariantName = "[No Variations]"
Add component (AddParameter): Name = "Value"; Value = "1.3k"; VariantName = "[No Variations]"
Added Component: Designator=R12(1608[0603])
Add component. Clean all parameters for all variants
Add component (AddParameter): Name = "DIGIKEY#"; Value = ""; VariantName = "[No Variations]"
Add component (AddParameter): Name = "MANF#"; Value = ""; VariantName = "[No Variations]"
Added Component: Designator=R13(1608[0603])
Add component. Clean all parameters for all variants
Add component (AddParameter): Name = "DIGIKEY#"; Value = ""; VariantName = "[No Variations]"
Add component (AddParameter): Name = "MANF#"; Value = ""; VariantName = "[No Variations]"
Added Component: Designator=R14(SMT0603/VISHAY)
Add component. Clean all parameters for all variants
Add component (AddParameter): Name = "LatestRevisionDate"; Value = "29-May-2009"; VariantName = "[No Variations]"
Add component (AddParameter): Name = "LatestRevisionNote"; Value = "IPC-7351 Footprint Added."; VariantName = "[No Variations]"
Add component (AddParameter): Name = "PackageDescription"; Value = "Chip Resistor"; VariantName = "[No Variations]"
Add component (AddParameter): Name = "PackageReference"; Value = "J1-0603"; VariantName = "[No Variations]"
Add component (AddParameter): Name = "Published"; Value = "8-Jun-2000"; VariantName = "[No Variations]"
Add component (AddParameter): Name = "Publisher"; Value = "Altium Limited"; VariantName = "[No Variations]"
Add component (AddParameter): Name = "Value"; Value = "9.1k"; VariantName = "[No Variations]"
Added Component: Designator=R15(1608[0603])
Add component. Clean all parameters for all variants
Add component (AddParameter): Name = "DIGIKEY#"; Value = ""; VariantName = "[No Variations]"
Add component (AddParameter): Name = "MANF#"; Value = ""; VariantName = "[No Variations]"
Added Component: Designator=R16(SMT0603/VISHAY)
Add component. Clean all parameters for all variants
Add component (AddParameter): Name = "LatestRevisionDate"; Value = "29-May-2009"; VariantName = "[No Variations]"
Add component (AddParameter): Name = "LatestRevisionNote"; Value = "IPC-7351 Footprint Added."; VariantName = "[No Variations]"
Add component (AddParameter): Name = "PackageDescription"; Value = "Chip Resistor"; VariantName = "[No Variations]"
Add component (AddParameter): Name = "PackageReference"; Value = "J1-0603"; VariantName = "[No Variations]"
Add component (AddParameter): Name = "Published"; Value = "8-Jun-2000"; VariantName = "[No Variations]"
Add component (AddParameter): Name = "Publisher"; Value = "Altium Limited"; VariantName = "[No Variations]"
Add component (AddParameter): Name = "Value"; Value = "560"; VariantName = "[No Variations]"
Added Component: Designator=R17(SMT0603/VISHAY)
Add component. Clean all parameters for all variants
Add component (AddParameter): Name = "LatestRevisionDate"; Value = "29-May-2009"; VariantName = "[No Variations]"
Add component (AddParameter): Name = "LatestRevisionNote"; Value = "IPC-7351 Footprint Added."; VariantName = "[No Variations]"
Add component (AddParameter): Name = "PackageDescription"; Value = "Chip Resistor"; VariantName = "[No Variations]"
Add component (AddParameter): Name = "PackageReference"; Value = "J1-0603"; VariantName = "[No Variations]"
Add component (AddParameter): Name = "Published"; Value = "8-Jun-2000"; VariantName = "[No Variations]"
Add component (AddParameter): Name = "Publisher"; Value = "Altium Limited"; VariantName = "[No Variations]"
Add component (AddParameter): Name = "Value"; Value = "9.1k"; VariantName = "[No Variations]"
Added Component: Designator=R18(SMT0603/VISHAY)
Add component. Clean all parameters for all variants
Add component (AddParameter): Name = "LatestRevisionDate"; Value = "29-May-2009"; VariantName = "[No Variations]"
Add component (AddParameter): Name = "LatestRevisionNote"; Value = "IPC-7351 Footprint Added."; VariantName = "[No Variations]"
Add component (AddParameter): Name = "PackageDescription"; Value = "Chip Resistor"; VariantName = "[No Variations]"
Add component (AddParameter): Name = "PackageReference"; Value = "J1-0603"; VariantName = "[No Variations]"
Add component (AddParameter): Name = "Published"; Value = "8-Jun-2000"; VariantName = "[No Variations]"
Add component (AddParameter): Name = "Publisher"; Value = "Altium Limited"; VariantName = "[No Variations]"
Add component (AddParameter): Name = "Value"; Value = "560"; VariantName = "[No Variations]"
Added Component: Designator=R19(SMT0603/VISHAY)
Add component. Clean all parameters for all variants
Add component (AddParameter): Name = "LatestRevisionDate"; Value = "29-May-2009"; VariantName = "[No Variations]"
Add component (AddParameter): Name = "LatestRevisionNote"; Value = "IPC-7351 Footprint Added."; VariantName = "[No Variations]"
Add component (AddParameter): Name = "PackageDescription"; Value = "Chip Resistor"; VariantName = "[No Variations]"
Add component (AddParameter): Name = "PackageReference"; Value = "J1-0603"; VariantName = "[No Variations]"
Add component (AddParameter): Name = "Published"; Value = "8-Jun-2000"; VariantName = "[No Variations]"
Add component (AddParameter): Name = "Publisher"; Value = "Altium Limited"; VariantName = "[No Variations]"
Add component (AddParameter): Name = "Value"; Value = "9.1k"; VariantName = "[No Variations]"
Added Component: Designator=R20(SMT0603/VISHAY)
Add component. Clean all parameters for all variants
Add component (AddParameter): Name = "LatestRevisionDate"; Value = "29-May-2009"; VariantName = "[No Variations]"
Add component (AddParameter): Name = "LatestRevisionNote"; Value = "IPC-7351 Footprint Added."; VariantName = "[No Variations]"
Add component (AddParameter): Name = "PackageDescription"; Value = "Chip Resistor"; VariantName = "[No Variations]"
Add component (AddParameter): Name = "PackageReference"; Value = "J1-0603"; VariantName = "[No Variations]"
Add component (AddParameter): Name = "Published"; Value = "8-Jun-2000"; VariantName = "[No Variations]"
Add component (AddParameter): Name = "Publisher"; Value = "Altium Limited"; VariantName = "[No Variations]"
Add component (AddParameter): Name = "Value"; Value = "560"; VariantName = "[No Variations]"
Added Component: Designator=R21(SMT0603/VISHAY)
Add component. Clean all parameters for all variants
Add component (AddParameter): Name = "LatestRevisionDate"; Value = "29-May-2009"; VariantName = "[No Variations]"
Add component (AddParameter): Name = "LatestRevisionNote"; Value = "IPC-7351 Footprint Added."; VariantName = "[No Variations]"
Add component (AddParameter): Name = "PackageDescription"; Value = "Chip Resistor"; VariantName = "[No Variations]"
Add component (AddParameter): Name = "PackageReference"; Value = "J1-0603"; VariantName = "[No Variations]"
Add component (AddParameter): Name = "Published"; Value = "8-Jun-2000"; VariantName = "[No Variations]"
Add component (AddParameter): Name = "Publisher"; Value = "Altium Limited"; VariantName = "[No Variations]"
Add component (AddParameter): Name = "Value"; Value = "2.2k"; VariantName = "[No Variations]"
Added Component: Designator=R22(SMT0603/VISHAY)
Add component. Clean all parameters for all variants
Add component (AddParameter): Name = "LatestRevisionDate"; Value = "29-May-2009"; VariantName = "[No Variations]"
Add component (AddParameter): Name = "LatestRevisionNote"; Value = "IPC-7351 Footprint Added."; VariantName = "[No Variations]"
Add component (AddParameter): Name = "PackageDescription"; Value = "Chip Resistor"; VariantName = "[No Variations]"
Add component (AddParameter): Name = "PackageReference"; Value = "J1-0603"; VariantName = "[No Variations]"
Add component (AddParameter): Name = "Published"; Value = "8-Jun-2000"; VariantName = "[No Variations]"
Add component (AddParameter): Name = "Publisher"; Value = "Altium Limited"; VariantName = "[No Variations]"
Add component (AddParameter): Name = "Value"; Value = "1k"; VariantName = "[No Variations]"
Added Component: Designator=R23(SMT0603/VISHAY)
Add component. Clean all parameters for all variants
Add component (AddParameter): Name = "LatestRevisionDate"; Value = "29-May-2009"; VariantName = "[No Variations]"
Add component (AddParameter): Name = "LatestRevisionNote"; Value = "IPC-7351 Footprint Added."; VariantName = "[No Variations]"
Add component (AddParameter): Name = "PackageDescription"; Value = "Chip Resistor"; VariantName = "[No Variations]"
Add component (AddParameter): Name = "PackageReference"; Value = "J1-0603"; VariantName = "[No Variations]"
Add component (AddParameter): Name = "Published"; Value = "8-Jun-2000"; VariantName = "[No Variations]"
Add component (AddParameter): Name = "Publisher"; Value = "Altium Limited"; VariantName = "[No Variations]"
Add component (AddParameter): Name = "Value"; Value = "330R"; VariantName = "[No Variations]"
Added Component: Designator=R200(SMT0603/VISHAY)
Add component. Clean all parameters for all variants
Add component (AddParameter): Name = "DIGIKEY#"; Value = "311-200LRCT-ND"; VariantName = "[No Variations]"
Add component (AddParameter): Name = "MANF"; Value = "Yageo"; VariantName = "[No Variations]"
Add component (AddParameter): Name = "MANF#"; Value = "RC0402FR-07200RL"; VariantName = "[No Variations]"
Add component (AddParameter): Name = "PACKAGE"; Value = "0402"; VariantName = "[No Variations]"
Add component (AddParameter): Name = "PARTNO"; Value = "RC0402FR-07240RL"; VariantName = "[No Variations]"
Add component (AddParameter): Name = "TOLERANCE"; Value = "1%"; VariantName = "[No Variations]"
Add component (AddParameter): Name = "VALUE"; Value = "200R"; VariantName = "[No Variations]"
Added Component: Designator=R201(SMT0603/VISHAY)
Add component. Clean all parameters for all variants
Add component (AddParameter): Name = "DIGIKEY#"; Value = "311-200LRCT-ND"; VariantName = "[No Variations]"
Add component (AddParameter): Name = "MANF"; Value = "Yageo"; VariantName = "[No Variations]"
Add component (AddParameter): Name = "MANF#"; Value = "RC0402FR-07200RL"; VariantName = "[No Variations]"
Add component (AddParameter): Name = "PACKAGE"; Value = "0402"; VariantName = "[No Variations]"
Add component (AddParameter): Name = "PARTNO"; Value = "RC0402FR-07240RL"; VariantName = "[No Variations]"
Add component (AddParameter): Name = "TOLERANCE"; Value = "1%"; VariantName = "[No Variations]"
Add component (AddParameter): Name = "VALUE"; Value = "200R"; VariantName = "[No Variations]"
Added Component: Designator=R202(SMT0603/VISHAY)
Add component. Clean all parameters for all variants
Add component (AddParameter): Name = "DIGIKEY#"; Value = "311-3.90KLRCT-ND"; VariantName = "[No Variations]"
Add component (AddParameter): Name = "MANF"; Value = "Yageo"; VariantName = "[No Variations]"
Add component (AddParameter): Name = "MANF#"; Value = "RC0402FR-073K9L"; VariantName = "[No Variations]"
Add component (AddParameter): Name = "PACKAGE"; Value = "0402"; VariantName = "[No Variations]"
Add component (AddParameter): Name = "TOLERANCE"; Value = "1%"; VariantName = "[No Variations]"
Add component (AddParameter): Name = "VALUE"; Value = "3K9"; VariantName = "[No Variations]"
Added Component: Designator=R203(SMT0603/VISHAY)
Add component. Clean all parameters for all variants
Add component (AddParameter): Name = "DIGIKEY#"; Value = "311-3.90KLRCT-ND"; VariantName = "[No Variations]"
Add component (AddParameter): Name = "MANF"; Value = "Yageo"; VariantName = "[No Variations]"
Add component (AddParameter): Name = "MANF#"; Value = "RC0402FR-073K9L"; VariantName = "[No Variations]"
Add component (AddParameter): Name = "PACKAGE"; Value = "0402"; VariantName = "[No Variations]"
Add component (AddParameter): Name = "TOLERANCE"; Value = "1%"; VariantName = "[No Variations]"
Add component (AddParameter): Name = "VALUE"; Value = "3K9"; VariantName = "[No Variations]"
Added Component: Designator=R204(SMT0603/VISHAY)
Add component. Clean all parameters for all variants
Add component (AddParameter): Name = "DIGIKEY#"; Value = "311-3.90KLRCT-ND"; VariantName = "[No Variations]"
Add component (AddParameter): Name = "MANF"; Value = "Yageo"; VariantName = "[No Variations]"
Add component (AddParameter): Name = "MANF#"; Value = "RC0402FR-073K9L"; VariantName = "[No Variations]"
Add component (AddParameter): Name = "PACKAGE"; Value = "0402"; VariantName = "[No Variations]"
Add component (AddParameter): Name = "TOLERANCE"; Value = "1%"; VariantName = "[No Variations]"
Add component (AddParameter): Name = "VALUE"; Value = "3K9"; VariantName = "[No Variations]"
Added Component: Designator=R205(SMT0603/VISHAY)
Add component. Clean all parameters for all variants
Add component (AddParameter): Name = "ASSEMBLY"; Value = "DNM"; VariantName = "[No Variations]"
Add component (AddParameter): Name = "DIGIKEY#"; Value = "311-200LRCT-ND"; VariantName = "[No Variations]"
Add component (AddParameter): Name = "MANF"; Value = "Yageo"; VariantName = "[No Variations]"
Add component (AddParameter): Name = "MANF#"; Value = "RC0402FR-07200RL"; VariantName = "[No Variations]"
Add component (AddParameter): Name = "PACKAGE"; Value = "0402"; VariantName = "[No Variations]"
Add component (AddParameter): Name = "TOLERANCE"; Value = "1%"; VariantName = "[No Variations]"
Add component (AddParameter): Name = "VALUE"; Value = "200R"; VariantName = "[No Variations]"
Added Pin To Net: NetName=GND Pin=*1-1
Added Pin To Net: NetName=VCC_5 Pin=*1-2
Added Pin To Net: NetName=Net*1_3 Pin=*1-3
Added Pin To Net: NetName=VCC_5 Pin=*1-4
Added Pin To Net: NetName=GND Pin=*2-1
Added Pin To Net: NetName=VCC_3.3 Pin=*2-2
Added Pin To Net: NetName=VCC_servo Pin=*2-3
Added Pin To Net: NetName=VCC_3.3 Pin=*2-4
Added Pin To Net: NetName=Net*3_1 Pin=*3-1
Added Pin To Net: NetName=Net*3_2 Pin=*3-2
Added Pin To Net: NetName=HO_A Pin=*3-3
Added Pin To Net: NetName=PHASE_A Pin=*3-4
Added Pin To Net: NetName=Net*3_5 Pin=*3-5
Added Pin To Net: NetName=Net*3_6 Pin=*3-6
Added Pin To Net: NetName=GND_A Pin=*3-7
Added Pin To Net: NetName=LO_A Pin=*3-8
Added Pin To Net: NetName=GND_A Pin=*3-9
Added Pin To Net: NetName=Net*4_2 Pin=*4-2
Added Pin To Net: NetName=Net*4_3 Pin=*4-3
Added Pin To Net: NetName=GND Pin=*4-5
Added Pin To Net: NetName=PWM_ext Pin=*4-6
Added Pin To Net: NetName=Net*4_7 Pin=*4-7
Added Pin To Net: NetName=VCC_servo Pin=*4-8
Added Pin To Net: NetName=Q0 Pin=BQ1-1
Added Pin To Net: NetName=OSC_IN_STM Pin=BQ1-2
Added Pin To Net: NetName=NetC1_1 Pin=C1-1
Added Pin To Net: NetName=NetC1_2 Pin=C1-2
Added Pin To Net: NetName=GND Pin=C2-1
Added Pin To Net: NetName=VCC_3.3 Pin=C2-2
Added Pin To Net: NetName=GND Pin=C3-1
Added Pin To Net: NetName=VCC Pin=C3-2
Added Pin To Net: NetName=GND Pin=C4-1
Added Pin To Net: NetName=NetC4_2 Pin=C4-2
Added Pin To Net: NetName=GND Pin=C5-1
Added Pin To Net: NetName=VCC_3.3 Pin=C5-2
Added Pin To Net: NetName=NetC6_1 Pin=C6-1
Added Pin To Net: NetName=GND Pin=C6-2
Added Pin To Net: NetName=NetC7_1 Pin=C7-1
Added Pin To Net: NetName=GND Pin=C7-2
Added Pin To Net: NetName=GND Pin=C8-1
Added Pin To Net: NetName=VCC_3.3 Pin=C8-2
Added Pin To Net: NetName=GND Pin=C9-1
Added Pin To Net: NetName=VCC_3.3 Pin=C9-2
Added Pin To Net: NetName=GND Pin=C10-1
Added Pin To Net: NetName=VCC_3.3 Pin=C10-2
Added Pin To Net: NetName=GND Pin=C11-1
Added Pin To Net: NetName=VCC_3.3 Pin=C11-2
Added Pin To Net: NetName=GND Pin=C12-1
Added Pin To Net: NetName=OSC_IN_STM Pin=C12-2
Added Pin To Net: NetName=GND Pin=C13-1
Added Pin To Net: NetName=Q0 Pin=C13-2
Added Pin To Net: NetName=GND Pin=C14-1
Added Pin To Net: NetName=Net*1_3 Pin=C14-2
Added Pin To Net: NetName=GND Pin=C15-1
Added Pin To Net: NetName=Net*1_3 Pin=C15-2
Added Pin To Net: NetName=GND Pin=C16-1
Added Pin To Net: NetName=VCC_servo Pin=C16-2
Added Pin To Net: NetName=GND Pin=C17-1
Added Pin To Net: NetName=VCC_servo Pin=C17-2
Added Pin To Net: NetName=GND Pin=C18-1
Added Pin To Net: NetName=VCC_5 Pin=C18-2
Added Pin To Net: NetName=GND Pin=C19-1
Added Pin To Net: NetName=VCC_5 Pin=C19-2
Added Pin To Net: NetName=GND Pin=C20-1
Added Pin To Net: NetName=VCC_3.3 Pin=C20-2
Added Pin To Net: NetName=GND Pin=C21-1
Added Pin To Net: NetName=VCC_3.3 Pin=C21-2
Added Pin To Net: NetName=VCC_servo Pin=C22-1
Added Pin To Net: NetName=GND Pin=C22-2
Added Pin To Net: NetName=GND Pin=C23-1
Added Pin To Net: NetName=V_SENSE Pin=C23-2
Added Pin To Net: NetName=VCC_3.3 Pin=C24-1
Added Pin To Net: NetName=GND Pin=C24-2
Added Pin To Net: NetName=GND Pin=C25-1
Added Pin To Net: NetName=VCC_servo Pin=C25-2
Added Pin To Net: NetName=Net*3_1 Pin=C26-1
Added Pin To Net: NetName=GND_A Pin=C26-2
Added Pin To Net: NetName=Net*3_2 Pin=C27-1
Added Pin To Net: NetName=PHASE_A Pin=C27-2
Added Pin To Net: NetName=SENSE_A Pin=C28-1
Added Pin To Net: NetName=GND Pin=C28-2
Added Pin To Net: NetName=VCC_3.3 Pin=C29-1
Added Pin To Net: NetName=GND Pin=C29-2
Added Pin To Net: NetName=GND Pin=C30-1
Added Pin To Net: NetName=VCC_3.3 Pin=C30-2
Added Pin To Net: NetName=SENSE_B Pin=C31-1
Added Pin To Net: NetName=GND Pin=C31-2
Added Pin To Net: NetName=VCC_3.3 Pin=C32-1
Added Pin To Net: NetName=GND Pin=C32-2
Added Pin To Net: NetName=SENSE_C Pin=C33-1
Added Pin To Net: NetName=GND Pin=C33-2
Added Pin To Net: NetName=GND Pin=C34-1
Added Pin To Net: NetName=VCC_servo Pin=C34-2
Added Pin To Net: NetName=VCC_servo Pin=CON1-1
Added Pin To Net: NetName=I2C_SCL Pin=CON1-2
Added Pin To Net: NetName=I2C_SDA Pin=CON1-3
Added Pin To Net: NetName=GND Pin=CON1-4
Added Pin To Net: NetName=VCC_3.3 Pin=CON2-1
Added Pin To Net: NetName=NetCON2_2 Pin=CON2-2
Added Pin To Net: NetName=NetCON2_3 Pin=CON2-3
Added Pin To Net: NetName=SWDIO Pin=CON2-4
Added Pin To Net: NetName=SWCLK Pin=CON2-5
Added Pin To Net: NetName=GND Pin=CON2-6
Added Pin To Net: NetName=NetCON201_1 Pin=CON201-1
Added Pin To Net: NetName=NetCON201_2 Pin=CON201-2
Added Pin To Net: NetName=NetCON201_3 Pin=CON201-3
Added Pin To Net: NetName=GND Pin=CON201-4
Added Pin To Net: NetName=NetCON201_1 Pin=CON202-1
Added Pin To Net: NetName=NetCON201_2 Pin=CON202-2
Added Pin To Net: NetName=NetCON201_3 Pin=CON202-3
Added Pin To Net: NetName=GND Pin=CON202-4
Added Pin To Net: NetName=NetCON203_1 Pin=CON203-1
Added Pin To Net: NetName=NetCON203_2 Pin=CON203-2
Added Pin To Net: NetName=NetCON203_3 Pin=CON203-3
Added Pin To Net: NetName=GND Pin=CON203-4
Added Pin To Net: NetName=NetCON203_1 Pin=CON204-1
Added Pin To Net: NetName=NetCON203_2 Pin=CON204-2
Added Pin To Net: NetName=NetCON203_3 Pin=CON204-3
Added Pin To Net: NetName=GND Pin=CON204-4
Added Pin To Net: NetName=GND Pin=D1-1
Added Pin To Net: NetName=NetC1_2 Pin=D1-2
Added Pin To Net: NetName=GND Pin=D2-1
Added Pin To Net: NetName=Hall_A Pin=D2-2
Added Pin To Net: NetName=GND Pin=D3-1
Added Pin To Net: NetName=Hall_B Pin=D3-2
Added Pin To Net: NetName=GND Pin=D4-1
Added Pin To Net: NetName=Hall_C Pin=D4-2
Added Pin To Net: NetName=NetC1_1 Pin=DA1-1
Added Pin To Net: NetName=NetC4_2 Pin=DA1-2
Added Pin To Net: NetName=NetDA1_3 Pin=DA1-3
Added Pin To Net: NetName=NetDA1_4 Pin=DA1-4
Added Pin To Net: NetName=NetDA1_5 Pin=DA1-5
Added Pin To Net: NetName=NetC6_1 Pin=DA1-6
Added Pin To Net: NetName=GND Pin=DA1-7
Added Pin To Net: NetName=NetC1_2 Pin=DA1-8
Added Pin To Net: NetName=GND Pin=DA1-9
Added Pin To Net: NetName=CAN1_TX Pin=IC200-1
Added Pin To Net: NetName=GND Pin=IC200-2
Added Pin To Net: NetName=VCC_3.3 Pin=IC200-3
Added Pin To Net: NetName=CAN1_RX Pin=IC200-4
Added Pin To Net: NetName=NetCON201_3 Pin=IC200-6
Added Pin To Net: NetName=NetCON201_2 Pin=IC200-7
Added Pin To Net: NetName=VCC_3.3 Pin=IC201-1
Added Pin To Net: NetName=PC_13 Pin=IC201-2
Added Pin To Net: NetName=PC_14 Pin=IC201-3
Added Pin To Net: NetName=PC_15 Pin=IC201-4
Added Pin To Net: NetName=OSC_IN_STM Pin=IC201-5
Added Pin To Net: NetName=Q0 Pin=IC201-6
Added Pin To Net: NetName=NRST Pin=IC201-7
Added Pin To Net: NetName=OVER_T Pin=IC201-8
Added Pin To Net: NetName=GND Pin=IC201-9
Added Pin To Net: NetName=GND Pin=IC201-10
Added Pin To Net: NetName=GND Pin=IC201-11
Added Pin To Net: NetName=GND Pin=IC201-12
Added Pin To Net: NetName=VCC_3.3 Pin=IC201-13
Added Pin To Net: NetName=PWM_ext Pin=IC201-14
Added Pin To Net: NetName=SENSE_A Pin=IC201-15
Added Pin To Net: NetName=SENSE_B Pin=IC201-16
Added Pin To Net: NetName=SENSE_C Pin=IC201-17
Added Pin To Net: NetName=GND Pin=IC201-18
Added Pin To Net: NetName=VCC_3.3 Pin=IC201-19
Added Pin To Net: NetName=SENSE_VIN Pin=IC201-20
Added Pin To Net: NetName=SENSE_CURRENT Pin=IC201-21
Added Pin To Net: NetName=PA_6 Pin=IC201-22
Added Pin To Net: NetName=FET_A_L Pin=IC201-23
Added Pin To Net: NetName=Current_sense Pin=IC201-24
Added Pin To Net: NetName=V_SENSE Pin=IC201-25
Added Pin To Net: NetName=FET_B_L Pin=IC201-26
Added Pin To Net: NetName=FET_C_L Pin=IC201-27
Added Pin To Net: NetName=PB_2 Pin=IC201-28
Added Pin To Net: NetName=PB_10 Pin=IC201-29
Added Pin To Net: NetName=PB_11 Pin=IC201-30
Added Pin To Net: NetName=GND Pin=IC201-31
Added Pin To Net: NetName=VCC_3.3 Pin=IC201-32
Added Pin To Net: NetName=CAN2_RX Pin=IC201-33
Added Pin To Net: NetName=CAN2_TX Pin=IC201-34
Added Pin To Net: NetName=PB_14 Pin=IC201-35
Added Pin To Net: NetName=Hall_C Pin=IC201-36
Added Pin To Net: NetName=PC_6 Pin=IC201-37
Added Pin To Net: NetName=PC_7 Pin=IC201-38
Added Pin To Net: NetName=PC_8 Pin=IC201-39
Added Pin To Net: NetName=PWM_OUT Pin=IC201-40
Added Pin To Net: NetName=FET_A_H Pin=IC201-41
Added Pin To Net: NetName=FET_B_H Pin=IC201-42
Added Pin To Net: NetName=FET_C_H Pin=IC201-43
Added Pin To Net: NetName=CAN1_RX Pin=IC201-44
Added Pin To Net: NetName=CAN1_TX Pin=IC201-45
Added Pin To Net: NetName=SWDIO Pin=IC201-46
Added Pin To Net: NetName=GND Pin=IC201-47
Added Pin To Net: NetName=VCC_3.3 Pin=IC201-48
Added Pin To Net: NetName=SWCLK Pin=IC201-49
Added Pin To Net: NetName=PA_15 Pin=IC201-50
Added Pin To Net: NetName=PC_10 Pin=IC201-51
Added Pin To Net: NetName=Hall_A Pin=IC201-52
Added Pin To Net: NetName=Hall_B Pin=IC201-53
Added Pin To Net: NetName=PD_2 Pin=IC201-54
Added Pin To Net: NetName=PB_3 Pin=IC201-55
Added Pin To Net: NetName=TSENS_OS Pin=IC201-56
Added Pin To Net: NetName=PB_5 Pin=IC201-57
Added Pin To Net: NetName=USART1_TX Pin=IC201-58
Added Pin To Net: NetName=USART1_RX Pin=IC201-59
Added Pin To Net: NetName=BOOT0 Pin=IC201-60
Added Pin To Net: NetName=I2C_SCL Pin=IC201-61
Added Pin To Net: NetName=I2C_SDA Pin=IC201-62
Added Pin To Net: NetName=GND Pin=IC201-63
Added Pin To Net: NetName=VCC_3.3 Pin=IC201-64
Added Pin To Net: NetName=CAN2_TX Pin=IC202-1
Added Pin To Net: NetName=GND Pin=IC202-2
Added Pin To Net: NetName=VCC_3.3 Pin=IC202-3
Added Pin To Net: NetName=CAN2_RX Pin=IC202-4
Added Pin To Net: NetName=NetCON203_3 Pin=IC202-6
Added Pin To Net: NetName=NetCON203_2 Pin=IC202-7
Added Pin To Net: NetName=I2C_SDA Pin=IC203-1
Added Pin To Net: NetName=I2C_SCL Pin=IC203-2
Added Pin To Net: NetName=TSENS_OS Pin=IC203-3
Added Pin To Net: NetName=GND Pin=IC203-4
Added Pin To Net: NetName=GND Pin=IC203-5
Added Pin To Net: NetName=GND Pin=IC203-6
Added Pin To Net: NetName=GND Pin=IC203-7
Added Pin To Net: NetName=VCC_3.3 Pin=IC203-8
Added Pin To Net: NetName=NetC1_2 Pin=L1-1
Added Pin To Net: NetName=VCC Pin=L1-2
Added Pin To Net: NetName=Net*1_3 Pin=L2-1
Added Pin To Net: NetName=VCC Pin=L2-2
Added Pin To Net: NetName=Net*3_1 Pin=L3-1
Added Pin To Net: NetName=12V Pin=L3-2
Added Pin To Net: NetName=GND Pin=L4-1
Added Pin To Net: NetName=GND_A Pin=L4-2
Added Pin To Net: NetName=GND Pin=P1-1
Added Pin To Net: NetName=VCC_50v Pin=P1-2
Added Pin To Net: NetName=NetP2_1 Pin=P2-1
Added Pin To Net: NetName=VCC_servo Pin=P2-2
Added Pin To Net: NetName=GND Pin=P2-3
Added Pin To Net: NetName=GND_A Pin=P3-1
Added Pin To Net: NetName=LO_A Pin=P3-2
Added Pin To Net: NetName=HO_A Pin=P3-3
Added Pin To Net: NetName=PHASE_A Pin=P3-4
Added Pin To Net: NetName=GND Pin=P4-1
Added Pin To Net: NetName=OVER_T Pin=P4-2
Added Pin To Net: NetName=GND Pin=P5-1
Added Pin To Net: NetName=VCC Pin=P5-2
Added Pin To Net: NetName=Current_sense Pin=P6-1
Added Pin To Net: NetName=GND Pin=P6-2
Added Pin To Net: NetName=VCC_3.3 Pin=P6-3
Added Pin To Net: NetName=Net*4_3 Pin=P7-1
Added Pin To Net: NetName=NetP7_3 Pin=P7-3
Added Pin To Net: NetName=GND Pin=P8-1
Added Pin To Net: NetName=VCC_servo Pin=P8-2
Added Pin To Net: NetName=Hall_A Pin=P8-3
Added Pin To Net: NetName=Hall_B Pin=P8-4
Added Pin To Net: NetName=Hall_C Pin=P8-5
Added Pin To Net: NetName=NetQ1_1 Pin=Q1-1
Added Pin To Net: NetName=GND_A Pin=Q1-2
Added Pin To Net: NetName=Net*3_5 Pin=Q1-3
Added Pin To Net: NetName=NetC4_2 Pin=R1-1
Added Pin To Net: NetName=VCC_50v Pin=R1-2
Added Pin To Net: NetName=NetDA1_3 Pin=R2-1
Added Pin To Net: NetName=NetC4_2 Pin=R2-2
Added Pin To Net: NetName=NetC7_1 Pin=R3-1
Added Pin To Net: NetName=NetC6_1 Pin=R3-2
Added Pin To Net: NetName=NetDA1_5 Pin=R4-1
Added Pin To Net: NetName=VCC Pin=R4-2
Added Pin To Net: NetName=NetDA1_4 Pin=R5-1
Added Pin To Net: NetName=GND Pin=R5-2
Added Pin To Net: NetName=GND Pin=R6-1
Added Pin To Net: NetName=NetDA1_5 Pin=R6-2
Added Pin To Net: NetName=GND Pin=R7-1
Added Pin To Net: NetName=NetDA1_3 Pin=R7-2
Added Pin To Net: NetName=GND Pin=R8-1
Added Pin To Net: NetName=NRST Pin=R8-2
Added Pin To Net: NetName=PWM_OUT_1 Pin=R9-1
Added Pin To Net: NetName=NetP2_1 Pin=R9-2
Added Pin To Net: NetName=VCC_50v Pin=R10-1
Added Pin To Net: NetName=V_SENSE Pin=R10-2
Added Pin To Net: NetName=V_SENSE Pin=R11-1
Added Pin To Net: NetName=GND Pin=R11-2
Added Pin To Net: NetName=Net*3_5 Pin=R12-1
Added Pin To Net: NetName=FET_A_H Pin=R12-2
Added Pin To Net: NetName=Net*3_6 Pin=R13-1
Added Pin To Net: NetName=FET_A_L Pin=R13-2
Added Pin To Net: NetName=PHASE_A Pin=R14-1
Added Pin To Net: NetName=SENSE_A Pin=R14-2
Added Pin To Net: NetName=NetQ1_1 Pin=R15-1
Added Pin To Net: NetName=FET_A_L Pin=R15-2
Added Pin To Net: NetName=GND Pin=R16-1
Added Pin To Net: NetName=SENSE_A Pin=R16-2
Added Pin To Net: NetName=SENSE_B Pin=R17-2
Added Pin To Net: NetName=GND Pin=R18-1
Added Pin To Net: NetName=SENSE_B Pin=R18-2
Added Pin To Net: NetName=SENSE_C Pin=R19-2
Added Pin To Net: NetName=GND Pin=R20-1
Added Pin To Net: NetName=SENSE_C Pin=R20-2
Added Pin To Net: NetName=Net*4_7 Pin=R21-1
Added Pin To Net: NetName=VCC_servo Pin=R21-2
Added Pin To Net: NetName=PWM_ext Pin=R22-1
Added Pin To Net: NetName=VCC_3.3 Pin=R22-2
Added Pin To Net: NetName=NetP7_3 Pin=R23-1
Added Pin To Net: NetName=Net*4_2 Pin=R23-2
Added Pin To Net: NetName=NetCON2_2 Pin=R200-1
Added Pin To Net: NetName=USART1_TX Pin=R200-2
Added Pin To Net: NetName=NetCON2_3 Pin=R201-1
Added Pin To Net: NetName=USART1_RX Pin=R201-2
Added Pin To Net: NetName=VCC_3.3 Pin=R202-1
Added Pin To Net: NetName=I2C_SCL Pin=R202-2
Added Pin To Net: NetName=VCC_3.3 Pin=R203-1
Added Pin To Net: NetName=I2C_SDA Pin=R203-2
Added Pin To Net: NetName=GND Pin=R204-1
Added Pin To Net: NetName=BOOT0 Pin=R204-2
Added Pin To Net: NetName=OVER_T Pin=R205-1
Added Pin To Net: NetName=VCC_3.3 Pin=R205-2
Added Member To Class: ClassName=driver_sapog_compact Member=Component *1 REG1117-5
Added Member To Class: ClassName=driver_sapog_compact Member=Component *2 REG1117-3.3
Added Member To Class: ClassName=driver_sapog_compact Member=Component *3 UCC27211DDA
Added Member To Class: ClassName=driver_sapog_compact Member=Component *4 *
Added Member To Class: ClassName=driver_sapog_compact Member=Component BQ1 HC49/S
Added Member To Class: ClassName=driver_sapog_compact Member=Component C1 0.1
Added Member To Class: ClassName=driver_sapog_compact Member=Component C2 0.1
Added Member To Class: ClassName=driver_sapog_compact Member=Component C3 1206
Added Member To Class: ClassName=driver_sapog_compact Member=Component C4 2220
Added Member To Class: ClassName=driver_sapog_compact Member=Component C5 0.1
Added Member To Class: ClassName=driver_sapog_compact Member=Component C6 47pF
Added Member To Class: ClassName=driver_sapog_compact Member=Component C7 4.7nF
Added Member To Class: ClassName=driver_sapog_compact Member=Component C8 0.1
Added Member To Class: ClassName=driver_sapog_compact Member=Component C9 0.1
Added Member To Class: ClassName=driver_sapog_compact Member=Component C10 0.1
Added Member To Class: ClassName=driver_sapog_compact Member=Component C11 0.1
Added Member To Class: ClassName=driver_sapog_compact Member=Component C12 18pF
Added Member To Class: ClassName=driver_sapog_compact Member=Component C13 18pF
Added Member To Class: ClassName=driver_sapog_compact Member=Component C14 0.1
Added Member To Class: ClassName=driver_sapog_compact Member=Component C15 0.1
Added Member To Class: ClassName=driver_sapog_compact Member=Component C16 0.1
Added Member To Class: ClassName=driver_sapog_compact Member=Component C17 0.1
Added Member To Class: ClassName=driver_sapog_compact Member=Component C18 0.1
Added Member To Class: ClassName=driver_sapog_compact Member=Component C19 0.1
Added Member To Class: ClassName=driver_sapog_compact Member=Component C20 0.1
Added Member To Class: ClassName=driver_sapog_compact Member=Component C21 0.1
Added Member To Class: ClassName=driver_sapog_compact Member=Component C22 0.1
Added Member To Class: ClassName=driver_sapog_compact Member=Component C23 0.1
Added Member To Class: ClassName=driver_sapog_compact Member=Component C24 0.1
Added Member To Class: ClassName=driver_sapog_compact Member=Component C25 0.1
Added Member To Class: ClassName=driver_sapog_compact Member=Component C26 0.1
Added Member To Class: ClassName=driver_sapog_compact Member=Component C27 0.1
Added Member To Class: ClassName=driver_sapog_compact Member=Component C28 2.2nF
Added Member To Class: ClassName=driver_sapog_compact Member=Component C29 0.1
Added Member To Class: ClassName=driver_sapog_compact Member=Component C30 0.1
Added Member To Class: ClassName=driver_sapog_compact Member=Component C31 2.2nF
Added Member To Class: ClassName=driver_sapog_compact Member=Component C32 0.1
Added Member To Class: ClassName=driver_sapog_compact Member=Component C33 2.2nF
Added Member To Class: ClassName=driver_sapog_compact Member=Component C34 0.1
Added Member To Class: ClassName=driver_sapog_compact Member=Component CON1 CON-4P-RA
Added Member To Class: ClassName=driver_sapog_compact Member=Component CON2 CONN HEADER SH 6POS SIDE 1MM TIN
Added Member To Class: ClassName=driver_sapog_compact Member=Component CON201 CON-4P-RA
Added Member To Class: ClassName=driver_sapog_compact Member=Component CON202 CON-4P-RA
Added Member To Class: ClassName=driver_sapog_compact Member=Component CON203 CON-4P-RA
Added Member To Class: ClassName=driver_sapog_compact Member=Component CON204 CON-4P-RA
Added Member To Class: ClassName=driver_sapog_compact Member=Component D1 B560C
Added Member To Class: ClassName=driver_sapog_compact Member=Component D2 BZV55-B13
Added Member To Class: ClassName=driver_sapog_compact Member=Component D3 BZV55-B13
Added Member To Class: ClassName=driver_sapog_compact Member=Component D4 BZV55-B13
Added Member To Class: ClassName=driver_sapog_compact Member=Component DA1 =Device
Added Member To Class: ClassName=driver_sapog_compact Member=Component IC200 SN65HVD232D
Added Member To Class: ClassName=driver_sapog_compact Member=Component IC201 STM32F105
Added Member To Class: ClassName=driver_sapog_compact Member=Component IC202 SN65HVD232D
Added Member To Class: ClassName=driver_sapog_compact Member=Component IC203 LM75BD-TSSOP8
Added Member To Class: ClassName=driver_sapog_compact Member=Component L1 SPM5020T-100M-LR
Added Member To Class: ClassName=driver_sapog_compact Member=Component L2 2.2uH
Added Member To Class: ClassName=driver_sapog_compact Member=Component L3 22uH
Added Member To Class: ClassName=driver_sapog_compact Member=Component L4 22uH
Added Member To Class: ClassName=driver_sapog_compact Member=Component P1 Header 2
Added Member To Class: ClassName=driver_sapog_compact Member=Component P2 Header 3
Added Member To Class: ClassName=driver_sapog_compact Member=Component P3 Header 4
Added Member To Class: ClassName=driver_sapog_compact Member=Component P4 Header 2
Added Member To Class: ClassName=driver_sapog_compact Member=Component P5 Header 2
Added Member To Class: ClassName=driver_sapog_compact Member=Component P6 Header 3
Added Member To Class: ClassName=driver_sapog_compact Member=Component P7 Header 3
Added Member To Class: ClassName=driver_sapog_compact Member=Component P8 Header 5
Added Member To Class: ClassName=driver_sapog_compact Member=Component Q1 BFS17A
Added Member To Class: ClassName=driver_sapog_compact Member=Component R1 1210
Added Member To Class: ClassName=driver_sapog_compact Member=Component R2 442k
Added Member To Class: ClassName=driver_sapog_compact Member=Component R3 16.9k
Added Member To Class: ClassName=driver_sapog_compact Member=Component R4 36k
Added Member To Class: ClassName=driver_sapog_compact Member=Component R5 200k
Added Member To Class: ClassName=driver_sapog_compact Member=Component R6 6.8k
Added Member To Class: ClassName=driver_sapog_compact Member=Component R7 243k
Added Member To Class: ClassName=driver_sapog_compact Member=Component R8 Res3
Added Member To Class: ClassName=driver_sapog_compact Member=Component R9 330R
Added Member To Class: ClassName=driver_sapog_compact Member=Component R10 10k
Added Member To Class: ClassName=driver_sapog_compact Member=Component R11 1k
Added Member To Class: ClassName=driver_sapog_compact Member=Component R12 330R
Added Member To Class: ClassName=driver_sapog_compact Member=Component R13 330R
Added Member To Class: ClassName=driver_sapog_compact Member=Component R14 9.1k
Added Member To Class: ClassName=driver_sapog_compact Member=Component R15 2.2k
Added Member To Class: ClassName=driver_sapog_compact Member=Component R16 560R
Added Member To Class: ClassName=driver_sapog_compact Member=Component R17 9.1k
Added Member To Class: ClassName=driver_sapog_compact Member=Component R18 560R
Added Member To Class: ClassName=driver_sapog_compact Member=Component R19 9.1k
Added Member To Class: ClassName=driver_sapog_compact Member=Component R20 560R
Added Member To Class: ClassName=driver_sapog_compact Member=Component R21 2.2k
Added Member To Class: ClassName=driver_sapog_compact Member=Component R22 1k
Added Member To Class: ClassName=driver_sapog_compact Member=Component R23 330R
Added Member To Class: ClassName=driver_sapog_compact Member=Component R200 200R
Added Member To Class: ClassName=driver_sapog_compact Member=Component R201 200R
Added Member To Class: ClassName=driver_sapog_compact Member=Component R202 3K9
Added Member To Class: ClassName=driver_sapog_compact Member=Component R203 3K9
Added Member To Class: ClassName=driver_sapog_compact Member=Component R204 3K9
Added Member To Class: ClassName=driver_sapog_compact Member=Component R205 200R
