Change Component Designator: Old Designator=*3 New Designator=*4
Change Component Designator: Old Designator=*3 New Designator=*5
Change Component Designator: Old Designator=*4 New Designator=*6
Change Component Designator: Old Designator=C25 New Designator=C29
Change Component Designator: Old Designator=C25 New Designator=C34
Change Component Designator: Old Designator=C26 New Designator=C31
Change Component Designator: Old Designator=C26 New Designator=C35
Change Component Designator: Old Designator=C29 New Designator=C30
Change Component Designator: Old Designator=C30 New Designator=C32
Change Component Designator: Old Designator=C31 New Designator=C33
Change Component Designator: Old Designator=C32 New Designator=C36
Change Component Designator: Old Designator=C33 New Designator=C37
Change Component Designator: Old Designator=C34 New Designator=C38
Change Component Designator: Old Designator=L2 New Designator=L4
Change Component Designator: Old Designator=L2 New Designator=L6
Change Component Designator: Old Designator=L3 New Designator=L5
Change Component Designator: Old Designator=L3 New Designator=L7
Change Component Designator: Old Designator=P2 New Designator=P3
Change Component Designator: Old Designator=P2 New Designator=P4
Change Component Designator: Old Designator=P3 New Designator=P5
Change Component Designator: Old Designator=P4 New Designator=P6
Change Component Designator: Old Designator=P5 New Designator=P7
Change Component Designator: Old Designator=P6 New Designator=P8
Change Component Designator: Old Designator=P7 New Designator=P9
Change Component Designator: Old Designator=Q1 New Designator=Q2
Change Component Designator: Old Designator=Q1 New Designator=Q3
Change Component Designator: Old Designator=Q2 New Designator=Q4
Change Component Designator: Old Designator=R11 New Designator=R16
Change Component Designator: Old Designator=R11 New Designator=R21
Change Component Designator: Old Designator=R12 New Designator=R17
Change Component Designator: Old Designator=R12 New Designator=R22
Change Component Designator: Old Designator=R14 New Designator=R19
Change Component Designator: Old Designator=R14 New Designator=R25
Change Component Designator: Old Designator=R16 New Designator=R18
Change Component Designator: Old Designator=R17 New Designator=R20
Change Component Designator: Old Designator=R18 New Designator=R23
Change Component Designator: Old Designator=R19 New Designator=R24
Change Component Designator: Old Designator=R20 New Designator=R26
Change Component Designator: Old Designator=R21 New Designator=R27
Change Component Designator: Old Designator=R22 New Designator=R28
Change Component Designator: Old Designator=R23 New Designator=R29
