Change Component Designator: Old Designator=C23 New Designator=C22
Change Component Designator: Old Designator=C24 New Designator=C23
Change Component Designator: Old Designator=C25 New Designator=C24
Change Component Designator: Old Designator=C26 New Designator=C25
Change Component Designator: Old Designator=C27 New Designator=C26
Change Component Designator: Old Designator=C28 New Designator=C27
Change Component Designator: Old Designator=C29 New Designator=C28
Change Component Designator: Old Designator=C30 New Designator=C29
Change Component Designator: Old Designator=C31 New Designator=C30
Change Component Designator: Old Designator=C32 New Designator=C31
Change Component Designator: Old Designator=C33 New Designator=C32
Change Component Designator: Old Designator=C34 New Designator=C33
Change Component Designator: Old Designator=L3 New Designator=L2
Change Component Designator: Old Designator=L4 New Designator=L3
Change Component Designator: Old Designator=P3 New Designator=P2
Change Component Designator: Old Designator=P4 New Designator=P3
Change Component Designator: Old Designator=P5 New Designator=P4
Change Component Designator: Old Designator=P6 New Designator=P5
Change Component Designator: Old Designator=P7 New Designator=P6
Change Component Designator: Old Designator=P8 New Designator=P7
Change Component Designator: Old Designator=Q1 New Designator=Q2
Change Component Designator: Old Designator=R10 New Designator=R9
Change Component Designator: Old Designator=R11 New Designator=R10
Change Component Designator: Old Designator=R12 New Designator=R11
Change Component Designator: Old Designator=R13 New Designator=R12
Change Component Designator: Old Designator=R14 New Designator=R13
Change Component Designator: Old Designator=R15 New Designator=R14
Change Component Designator: Old Designator=R15 New Designator=R20
Change Component Designator: Old Designator=R15 New Designator=R21
Change Component Designator: Old Designator=R15 New Designator=R22
Change Component Designator: Old Designator=R16 New Designator=R15
Change Component Designator: Old Designator=R17 New Designator=R16
Change Component Designator: Old Designator=R18 New Designator=R17
Change Component Designator: Old Designator=R19 New Designator=R18
Change Component Designator: Old Designator=R20 New Designator=R19
