Removed Pin From Net: NetName=12V Pin=R21_1-2
Removed Pin From Net: NetName=12V Pin=R22_1-2
Removed Pin From Net: NetName=12V Pin=R25_1-2
Change Component Designator: OldDesignator=*5_1 NewDesignator=*3
Change Component Designator: OldDesignator=C30_1 NewDesignator=C21
Change Component Designator: OldDesignator=C31_1 NewDesignator=C22
Change Component Designator: OldDesignator=C32_1 NewDesignator=C23
Change Component Designator: OldDesignator=L6_1 NewDesignator=L2
Change Component Designator: OldDesignator=L7_1 NewDesignator=L3
Change Component Designator: OldDesignator=Q3_1 NewDesignator=Q1
Change Component Designator: OldDesignator=R21_1 NewDesignator=R11
Change Component Designator: OldDesignator=R22_1 NewDesignator=R12
Change Component Designator: OldDesignator=R23_1 NewDesignator=R13
Change Component Designator: OldDesignator=R24_1 NewDesignator=R15
Change Component Designator: OldDesignator=R25_1 NewDesignator=R14
Added Pin To Net: NetName=Net*3_1 Pin=*3-1
Added Pin To Net: NetName=Net*3_2 Pin=*3-2
Added Pin To Net: NetName=HO_C Pin=*3-3
Added Pin To Net: NetName=PHASE_C Pin=*3-4
Added Pin To Net: NetName=Net*3_5 Pin=*3-5
Added Pin To Net: NetName=Net*3_6 Pin=*3-6
Added Pin To Net: NetName=GND_C Pin=*3-7
Added Pin To Net: NetName=LO_C Pin=*3-8
Added Pin To Net: NetName=GND_C Pin=*3-9
Added Pin To Net: NetName=Net*3_1 Pin=C21-1
Added Pin To Net: NetName=GND_C Pin=C21-2
Added Pin To Net: NetName=Net*3_2 Pin=C22-1
Added Pin To Net: NetName=PHASE_C Pin=C22-2
Added Pin To Net: NetName=SENSE_C Pin=C23-1
Added Pin To Net: NetName=GND Pin=C23-2
Added Pin To Net: NetName=Net*3_1 Pin=L2-1
Added Pin To Net: NetName=12V Pin=L2-2
Added Pin To Net: NetName=GND Pin=L3-1
Added Pin To Net: NetName=GND_C Pin=L3-2
Added Pin To Net: NetName=NetQ1_1 Pin=Q1-1
Added Pin To Net: NetName=GND_C Pin=Q1-2
Added Pin To Net: NetName=Net*3_5 Pin=Q1-3
Added Pin To Net: NetName=Net*3_5 Pin=R11-1
Added Pin To Net: NetName=FET_C_H Pin=R11-2
Added Pin To Net: NetName=Net*3_6 Pin=R12-1
Added Pin To Net: NetName=FET_C_L Pin=R12-2
Added Pin To Net: NetName=SENSE_C Pin=R13-2
Added Pin To Net: NetName=NetQ1_1 Pin=R14-1
Added Pin To Net: NetName=FET_C_L Pin=R14-2
Added Pin To Net: NetName=GND Pin=R15-1
Added Pin To Net: NetName=SENSE_C Pin=R15-2
Added Member To Class: ClassName=driver_sapog_compact Member=Component *3 UCC27211DDA
Added Member To Class: ClassName=driver_sapog_compact Member=Component C21 0.1
Added Member To Class: ClassName=driver_sapog_compact Member=Component C22 0.1
Added Member To Class: ClassName=driver_sapog_compact Member=Component C23 2.2nF
Added Member To Class: ClassName=driver_sapog_compact Member=Component L2 22uH
Added Member To Class: ClassName=driver_sapog_compact Member=Component L3 22uH
Added Member To Class: ClassName=driver_sapog_compact Member=Component Q1 BFS17A
Added Member To Class: ClassName=driver_sapog_compact Member=Component R11 330R
Added Member To Class: ClassName=driver_sapog_compact Member=Component R12 330R
Added Member To Class: ClassName=driver_sapog_compact Member=Component R13 9.1k
Added Member To Class: ClassName=driver_sapog_compact Member=Component R14 2.2k
Added Member To Class: ClassName=driver_sapog_compact Member=Component R15 560R
Added Room: Name=driver_sapog_compact
