Change Component Designator: OldDesignator=*1 NewDesignator=LDO_5V
Change Component Designator: OldDesignator=*2 NewDesignator=LDO_3.3V
Change Component Designator: OldDesignator=*3 NewDesignator=*3 UCC27211D
Change Component Designator: OldDesignator=*4 NewDesignator=*2 UCC27211D
Change Component Designator: OldDesignator=*5 NewDesignator=*1 UCC27211D
Change Component Designator: OldDesignator=CON1 NewDesignator=1_I2C
Change Component Designator: OldDesignator=CON2 NewDesignator=PROG
Change Component Designator: OldDesignator=CON201 NewDesignator=1_UAVCAN
Change Component Designator: OldDesignator=CON202 NewDesignator=2_UAVCAN
Change Component Designator: OldDesignator=CON203 NewDesignator=3_UAVCAN
Change Component Designator: OldDesignator=CON204 NewDesignator=4_UAVCAN
Change Component Designator: OldDesignator=DA1 NewDesignator=TPS_54360
Change Component Designator: OldDesignator=IC200 NewDesignator=1_CAN_transiver
Change Component Designator: OldDesignator=IC202 NewDesignator=2_CAN_transiver
Change Component Designator: OldDesignator=P2 NewDesignator=PHASE_C
Change Component Designator: OldDesignator=P3 NewDesignator=PHASE_B
Change Component Designator: OldDesignator=P4 NewDesignator=PHASE_A
Change Component Designator: OldDesignator=P5 NewDesignator=TERMO_FUSE
Change Component Designator: OldDesignator=P6 NewDesignator=FAN_12V
Change Component Designator: OldDesignator=P7 NewDesignator=1_CURRENT_SENCE
Change Component Designator: OldDesignator=P8 NewDesignator=PWM
Change Component Designator: OldDesignator=P9 NewDesignator=ENCODER
Added Component: Designator=BQ1(HS49/S)
Add component. Clean all parameters for all variants
Add component (AddParameter): Name = "PackageReference"; Value = "hs_49u"; VariantName = "[No Variations]"
Change Net Name : Old Net Name=Net*3_1 New Net Name=Net*3 UCC27211D_1
Change Net Name : Old Net Name=Net*3_2 New Net Name=Net*3 UCC27211D_2
Change Net Name : Old Net Name=Net*3_5 New Net Name=Net*3 UCC27211D_5
Change Net Name : Old Net Name=Net*3_6 New Net Name=Net*3 UCC27211D_6
Change Net Name : Old Net Name=Net*4_1 New Net Name=Net*2 UCC27211D_1
Change Net Name : Old Net Name=Net*4_2 New Net Name=Net*2 UCC27211D_2
Change Net Name : Old Net Name=Net*4_5 New Net Name=Net*2 UCC27211D_5
Change Net Name : Old Net Name=Net*4_6 New Net Name=Net*2 UCC27211D_6
Change Net Name : Old Net Name=Net*5_1 New Net Name=Net*1 UCC27211D_1
Change Net Name : Old Net Name=Net*5_2 New Net Name=Net*1 UCC27211D_2
Change Net Name : Old Net Name=Net*5_5 New Net Name=Net*1 UCC27211D_5
Change Net Name : Old Net Name=Net*5_6 New Net Name=Net*1 UCC27211D_6
Change Net Name : Old Net Name=NetCON2_2 New Net Name=NetPROG_2
Change Net Name : Old Net Name=NetCON2_3 New Net Name=NetPROG_3
Change Net Name : Old Net Name=NetCON201_1 New Net Name=Net1_UAVCAN_1
Change Net Name : Old Net Name=NetCON201_2 New Net Name=Net1_CAN_transiver_7
Change Net Name : Old Net Name=NetCON201_3 New Net Name=Net1_CAN_transiver_6
Change Net Name : Old Net Name=NetCON203_1 New Net Name=Net3_UAVCAN_1
Change Net Name : Old Net Name=NetCON203_2 New Net Name=Net2_CAN_transiver_7
Change Net Name : Old Net Name=NetCON203_3 New Net Name=Net2_CAN_transiver_6
Change Net Name : Old Net Name=NetDA1_3 New Net Name=NetR2_1
Change Net Name : Old Net Name=NetDA1_4 New Net Name=NetR5_1
Change Net Name : Old Net Name=NetDA1_5 New Net Name=NetR4_1
Change Net Name : Old Net Name=NetP7_1 New Net Name=Net1_CURRENT_SENCE_1
Change Net Name : Old Net Name=NetP8_3 New Net Name=NetPWM_3
Added Member To Class: ClassName=driver_sapog_compact Member=Component BQ1 HC49/S
