Added Component: Designator=*5(D8_L_G)
Add component. Clean all parameters for all variants
Added Component: Designator=C15(1608[0603])
Add component. Clean all parameters for all variants
Add component (AddParameter): Name = "LatestRevisionDate"; Value = "29-May-2009"; VariantName = "[No Variations]"
Add component (AddParameter): Name = "LatestRevisionNote"; Value = "IPC-7351 Footprint Added."; VariantName = "[No Variations]"
Add component (AddParameter): Name = "PackageDescription"; Value = "Chip Capacitor"; VariantName = "[No Variations]"
Add component (AddParameter): Name = "PackageReference"; Value = "C1206"; VariantName = "[No Variations]"
Add component (AddParameter): Name = "Published"; Value = "8-Jun-2000"; VariantName = "[No Variations]"
Add component (AddParameter): Name = "Publisher"; Value = "Altium Limited"; VariantName = "[No Variations]"
Add component (AddParameter): Name = "Value"; Value = "100nF"; VariantName = "[No Variations]"
Added Component: Designator=C16(1608[0603])
Add component. Clean all parameters for all variants
Add component (AddParameter): Name = "LatestRevisionDate"; Value = "29-May-2009"; VariantName = "[No Variations]"
Add component (AddParameter): Name = "LatestRevisionNote"; Value = "IPC-7351 Footprint Added."; VariantName = "[No Variations]"
Add component (AddParameter): Name = "PackageDescription"; Value = "Chip Capacitor"; VariantName = "[No Variations]"
Add component (AddParameter): Name = "PackageReference"; Value = "C1206"; VariantName = "[No Variations]"
Add component (AddParameter): Name = "Published"; Value = "8-Jun-2000"; VariantName = "[No Variations]"
Add component (AddParameter): Name = "Publisher"; Value = "Altium Limited"; VariantName = "[No Variations]"
Add component (AddParameter): Name = "Value"; Value = "100nF"; VariantName = "[No Variations]"
Added Component: Designator=Q?(SOT-23_N)
Add component. Clean all parameters for all variants
Add component (AddParameter): Name = "ComponentLink1Description"; Value = "Manufacturer Link"; VariantName = "[No Variations]"
Add component (AddParameter): Name = "ComponentLink1URL"; Value = "http://www.fairchildsemi.com/"; VariantName = "[No Variations]"
Add component (AddParameter): Name = "ComponentLink2Description"; Value = "Datasheet"; VariantName = "[No Variations]"
Add component (AddParameter): Name = "ComponentLink2URL"; Value = "http://www.fairchildsemi.com/ds/2N%2F2N3904.pdf"; VariantName = "[No Variations]"
Add component (AddParameter): Name = "DatasheetVersion"; Value = "1997"; VariantName = "[No Variations]"
Add component (AddParameter): Name = "LatestRevisionDate"; Value = "15-Jan-2003"; VariantName = "[No Variations]"
Add component (AddParameter): Name = "LatestRevisionNote"; Value = "PCB Footprint 'BCY-W3/D4.7' replaced"; VariantName = "[No Variations]"
Add component (AddParameter): Name = "PackageDescription"; Value = "TO, Flat Index; 3 In-Line, Axial Leads; Body Dia. 4.5mm; Leads 0.51 x 0.48 mm (max)"; VariantName = "[No Variations]"
Add component (AddParameter): Name = "PackageReference"; Value = "TO-92A"; VariantName = "[No Variations]"
Add component (AddParameter): Name = "PackageVersion"; Value = "Sep-1998"; VariantName = "[No Variations]"
Add component (AddParameter): Name = "Published"; Value = "8-Jun-2000"; VariantName = "[No Variations]"
Add component (AddParameter): Name = "Publisher"; Value = "Altium Limited"; VariantName = "[No Variations]"
Added Component: Designator=R13(1608[0603])
Add component. Clean all parameters for all variants
Add component (AddParameter): Name = "DIGIKEY#"; Value = ""; VariantName = "[No Variations]"
Add component (AddParameter): Name = "MANF#"; Value = ""; VariantName = "[No Variations]"
Added Component: Designator=R14(1608[0603])
Add component. Clean all parameters for all variants
Add component (AddParameter): Name = "DIGIKEY#"; Value = ""; VariantName = "[No Variations]"
Add component (AddParameter): Name = "MANF#"; Value = ""; VariantName = "[No Variations]"
Added Pin To Net: NetName=GND Pin=*5-7
Added Pin To Net: NetName=GND Pin=*5-9
Added Pin To Net: NetName=GND Pin=C15-2
Added Pin To Net: NetName=12V Pin=*5-1
Added Pin To Net: NetName=12V Pin=C15-1
Added Net: Name=12V
Added Pin To Net: NetName=Net*5_2 Pin=*5-2
Added Pin To Net: NetName=Net*5_2 Pin=C16-1
Added Net: Name=Net*5_2
Added Pin To Net: NetName=Net*5_5 Pin=*5-5
Added Pin To Net: NetName=Net*5_5 Pin=R13-1
Added Net: Name=Net*5_5
Added Pin To Net: NetName=Net*5_6 Pin=*5-6
Added Pin To Net: NetName=Net*5_6 Pin=R14-1
Added Net: Name=Net*5_6
Added Pin To Net: NetName=NetR13_2 Pin=R13-2
Added Net: Name=NetR13_2
Added Pin To Net: NetName=NetR14_2 Pin=R14-2
Added Net: Name=NetR14_2
Added Pin To Net: NetName=PHASE_C Pin=*5-4
Added Pin To Net: NetName=PHASE_C Pin=C16-2
Added Net: Name=PHASE_C
Added Member To Class: ClassName=driver_sapog_compact Member=Component *5 UCC27211DDA
Added Member To Class: ClassName=driver_sapog_compact Member=Component C15 0.1
Added Member To Class: ClassName=driver_sapog_compact Member=Component C16 0.1
Added Member To Class: ClassName=driver_sapog_compact Member=Component Q? BFS17A
Added Member To Class: ClassName=driver_sapog_compact Member=Component R13 22R
Added Member To Class: ClassName=driver_sapog_compact Member=Component R14 22R
